15:37:40 : Reporter account validated ok!
﻿15:37:41 : Rcon client logging in
﻿15:37:42 : RCon admin #1 (103.13.101.239:49372) logged in
﻿15:39:32 : Player #0 King Zog (121.45.245.126:61062) connected
﻿15:39:33 : Player #0 King Zog - GUID: ed93afb5a1d7dd12c0848e3817234489 (unverified)
﻿15:39:33 : RCon admin #1: (Global) BEC : Boss Cocky King Zog Connected
﻿15:39:33 : Verified GUID (ed93afb5a1d7dd12c0848e3817234489) of player #0 King Zog
﻿15:39:34 : Status  -> Ok (ed93afb5a1d7dd12c0848e3817234489)
﻿15:40:03 : Lost Connection!
﻿15:40:03 : Closing socket & exiting!
﻿15:44:38 : Reporter account validated ok!
﻿15:44:39 : Rcon client logging in
﻿15:44:39 : RCon admin #1 (103.13.101.239:64460) logged in
﻿15:44:59 : Lost Connection!
﻿15:44:59 : Closing socket & exiting!
﻿15:48:00 : Reporter account validated ok!
﻿15:48:01 : Rcon client logging in
﻿15:48:02 : RCon admin #1 (103.13.101.239:63019) logged in
﻿15:49:30 : Lost Connection!
﻿15:49:30 : Closing socket & exiting!
﻿15:49:55 : Reporter account validated ok!
﻿15:49:56 : Rcon client logging in
﻿15:49:56 : RCon admin #1 (103.13.101.239:51786) logged in
﻿15:51:40 : Player #0 King Zog (ed93afb5a1d7dd12c0848e3817234489) has been kicked by BattlEye: Script Restriction #1
﻿15:52:00 : Lost Connection!
﻿15:52:00 : Closing socket & exiting!
﻿16:02:31 : Reporter account validated ok!
﻿16:02:32 : Rcon client logging in
﻿16:02:32 : RCon admin #1 (103.13.101.239:55258) logged in
﻿16:07:35 : Lost Connection!
﻿16:07:35 : Closing socket & exiting!
﻿16:13:12 : Reporter account validated ok!
﻿16:13:13 : Rcon client logging in
﻿16:13:13 : RCon admin #1 (103.13.101.239:65498) logged in
﻿16:13:51 : Player #0 King Zog (121.45.245.126:61074) connected
﻿16:13:52 : Player #0 King Zog - GUID: ed93afb5a1d7dd12c0848e3817234489 (unverified)
﻿16:13:53 : RCon admin #1: (Global) BEC : Boss Cocky King Zog Connected
﻿16:13:53 : Verified GUID (ed93afb5a1d7dd12c0848e3817234489) of player #0 King Zog
﻿16:13:54 : Status  -> Ok (ed93afb5a1d7dd12c0848e3817234489)
﻿16:14:31 : Lost Connection!
﻿16:14:31 : Closing socket & exiting!
﻿16:17:09 : Reporter account validated ok!
﻿16:17:10 : Rcon client logging in
﻿16:17:11 : RCon admin #1 (103.13.101.239:60762) logged in
﻿16:18:17 : No Valid response. Trying to reconnect.!
﻿16:18:17 : Rcon client logging in
﻿16:18:17 : RCon admin #0 (103.13.101.239:60762) logged in
﻿16:20:17 : RCon admin #0: (Global) 1
﻿16:21:57 : Player #0 King Zog disconnected
﻿16:22:16 : Lost Connection!
﻿16:22:16 : Closing socket & exiting!
﻿16:24:00 : Reporter account validated ok!
﻿16:24:01 : Rcon client logging in
﻿16:24:01 : RCon admin #1 (103.13.101.239:49968) logged in
﻿16:24:02 : Player #0 King Zog (121.45.245.126:61074) connected
﻿16:24:03 : Player #0 King Zog - GUID: ed93afb5a1d7dd12c0848e3817234489 (unverified)
﻿16:24:03 : RCon admin #1: (Global) BEC : Boss Cocky King Zog Connected
﻿16:24:04 : Verified GUID (ed93afb5a1d7dd12c0848e3817234489) of player #0 King Zog
﻿16:24:05 : Status  -> Ok (ed93afb5a1d7dd12c0848e3817234489)
﻿16:27:02 : RCon admin #1: (Global) 1
﻿16:34:02 : RCon admin #1: (Global) This server restarts at 3pm Sydney Time
﻿16:38:06 : Lost Connection!
﻿16:38:06 : Closing socket & exiting!
﻿16:38:45 : Reporter account validated ok!
﻿16:38:46 : Rcon client logging in
﻿16:38:47 : RCon admin #1 (103.13.101.239:52746) logged in
﻿16:39:38 : Player #0 King Zog (121.45.245.126:61074) connected
﻿16:39:40 : Player #0 King Zog - GUID: ed93afb5a1d7dd12c0848e3817234489 (unverified)
﻿16:39:40 : RCon admin #1: (Global) BEC : Boss Cocky King Zog Connected
﻿16:39:40 : Verified GUID (ed93afb5a1d7dd12c0848e3817234489) of player #0 King Zog
﻿16:39:41 : Status  -> Ok (ed93afb5a1d7dd12c0848e3817234489)
﻿16:41:47 : RCon admin #1: (Global) 1
﻿16:48:47 : RCon admin #1: (Global) This server restarts at 3pm Sydney Time
﻿16:52:50 : Lost Connection!
﻿16:52:50 : Closing socket & exiting!
﻿17:28:28 : Reporter account validated ok!
﻿17:28:29 : Rcon client logging in
﻿17:28:29 : RCon admin #1 (103.13.101.239:62684) logged in
﻿17:28:50 : Player #0 King Zog (121.45.245.126:2316) connected
﻿17:28:51 : Player #0 King Zog - GUID: ed93afb5a1d7dd12c0848e3817234489 (unverified)
﻿17:28:51 : Verified GUID (ed93afb5a1d7dd12c0848e3817234489) of player #0 King Zog
﻿17:28:51 : RCon admin #1: (Global) BEC : Boss Cocky King Zog Connected
﻿17:28:52 : Status  -> Ok (ed93afb5a1d7dd12c0848e3817234489)
﻿17:31:38 : RCon admin #1: (Global) 1
﻿17:35:51 : Player #0 King Zog disconnected
﻿17:37:19 : Player #0 King Zog (121.45.245.126:61092) connected
﻿17:37:20 : Player #0 King Zog - GUID: ed93afb5a1d7dd12c0848e3817234489 (unverified)
﻿17:37:20 : RCon admin #1: (Global) BEC : Boss Cocky King Zog Connected
﻿17:37:21 : Verified GUID (ed93afb5a1d7dd12c0848e3817234489) of player #0 King Zog
﻿17:37:22 : Status  -> Ok (ed93afb5a1d7dd12c0848e3817234489)
﻿17:38:30 : RCon admin #1: (Global) This server restarts at 3pm Sydney Time
﻿17:40:04 : Lost Connection!
﻿17:40:04 : Closing socket & exiting!
﻿17:40:49 : Reporter account validated ok!
﻿17:40:50 : Rcon client logging in
﻿17:40:50 : RCon admin #1 (103.13.101.239:58993) logged in
﻿17:41:07 : Player #0 King Zog (121.45.245.126:2316) connected
﻿17:41:08 : Player #0 King Zog - GUID: ed93afb5a1d7dd12c0848e3817234489 (unverified)
﻿17:41:08 : RCon admin #1: (Global) BEC : Boss Cocky King Zog Connected
﻿17:41:08 : Verified GUID (ed93afb5a1d7dd12c0848e3817234489) of player #0 King Zog
﻿17:41:09 : Status  -> Ok (ed93afb5a1d7dd12c0848e3817234489)
﻿17:41:26 : Lost Connection!
﻿17:41:26 : Closing socket & exiting!
﻿17:44:00 : Reporter account validated ok!
﻿17:44:01 : Rcon client logging in
﻿17:44:01 : RCon admin #1 (103.13.101.239:62094) logged in
﻿17:44:18 : Lost Connection!
﻿17:44:18 : Closing socket & exiting!
﻿18:03:09 : Reporter account validated ok!
﻿18:03:10 : Rcon client logging in
﻿18:03:10 : RCon admin #1 (103.13.101.239:64075) logged in
﻿18:03:14 : Player #0 King Zog (121.45.245.126:2316) connected
﻿18:03:15 : Player #0 King Zog - GUID: ed93afb5a1d7dd12c0848e3817234489 (unverified)
﻿18:03:15 : RCon admin #1: (Global) BEC : Boss Cocky King Zog Connected
﻿18:03:15 : Verified GUID (ed93afb5a1d7dd12c0848e3817234489) of player #0 King Zog
﻿18:03:16 : Status  -> Ok (ed93afb5a1d7dd12c0848e3817234489)
﻿18:06:11 : RCon admin #1: (Global) 1
﻿18:08:40 : Lost Connection!
﻿18:08:40 : Closing socket & exiting!
﻿18:09:24 : Reporter account validated ok!
﻿18:09:25 : Rcon client logging in
﻿18:09:25 : RCon admin #1 (103.13.101.239:61440) logged in
﻿18:09:59 : Player #0 King Zog (121.45.245.126:2316) connected
﻿18:10:00 : Player #0 King Zog - GUID: ed93afb5a1d7dd12c0848e3817234489 (unverified)
﻿18:10:00 : RCon admin #1: (Global) BEC : Boss Cocky King Zog Connected
﻿18:10:00 : Verified GUID (ed93afb5a1d7dd12c0848e3817234489) of player #0 King Zog
﻿18:10:04 : Status  -> Ok (ed93afb5a1d7dd12c0848e3817234489)
﻿18:12:26 : RCon admin #1: (Global) 1
﻿18:19:26 : RCon admin #1: (Global) This server restarts at 3pm Sydney Time
﻿18:56:15 : Lost Connection!
﻿18:56:15 : Closing socket & exiting!
﻿18:59:49 : Reporter account validated ok!
﻿18:59:50 : Rcon client logging in
﻿18:59:50 : RCon admin #1 (103.13.101.239:54357) logged in
﻿19:00:36 : Player #0 King Zog (121.45.245.126:2316) connected
﻿19:00:38 : Player #0 King Zog - GUID: ed93afb5a1d7dd12c0848e3817234489 (unverified)
﻿19:00:38 : RCon admin #1: (Global) BEC : Boss Cocky King Zog Connected
﻿19:00:39 : Verified GUID (ed93afb5a1d7dd12c0848e3817234489) of player #0 King Zog
﻿19:00:40 : Status  -> Ok (ed93afb5a1d7dd12c0848e3817234489)
﻿19:02:51 : RCon admin #1: (Global) 1
﻿19:04:21 : Player #0 King Zog disconnected
﻿19:04:39 : Player #0 King Zog (121.45.245.126:2316) connected
﻿19:04:41 : Player #0 King Zog - GUID: ed93afb5a1d7dd12c0848e3817234489 (unverified)
﻿19:04:41 : RCon admin #1: (Global) BEC : Boss Cocky King Zog Connected
﻿19:04:41 : Verified GUID (ed93afb5a1d7dd12c0848e3817234489) of player #0 King Zog
﻿19:04:42 : Status  -> Ok (ed93afb5a1d7dd12c0848e3817234489)
﻿19:05:54 : Lost Connection!
﻿19:05:54 : Closing socket & exiting!
﻿19:13:10 : Reporter account validated ok!
﻿19:13:11 : Rcon client logging in
﻿19:13:11 : RCon admin #1 (103.13.101.239:60991) logged in
﻿19:14:54 : No Valid response. Trying to reconnect.!
﻿19:14:54 : Rcon client logging in
﻿19:14:54 : RCon admin #0 (103.13.101.239:60991) logged in
﻿19:14:55 : Player #0 King Zog disconnected
﻿19:15:14 : Lost Connection!
﻿19:15:14 : Closing socket & exiting!
﻿19:16:57 : Reporter account validated ok!
﻿19:16:58 : Rcon client logging in
﻿19:16:58 : RCon admin #1 (103.13.101.239:59866) logged in
﻿19:18:13 : Player #0 King Zog disconnected
﻿19:19:59 : RCon admin #1: (Global) 1
﻿19:25:20 : Lost Connection!
﻿19:25:20 : Closing socket & exiting!
﻿19:32:40 : Reporter account validated ok!
﻿19:32:41 : Rcon client logging in
﻿19:32:41 : RCon admin #1 (103.13.101.239:58831) logged in
﻿19:32:54 : Player #0 King Zog (121.45.245.126:2316) connected
﻿19:32:56 : Player #0 King Zog - GUID: ed93afb5a1d7dd12c0848e3817234489 (unverified)
﻿19:32:56 : RCon admin #1: (Global) BEC : Boss Cocky King Zog Connected
﻿19:32:56 : Verified GUID (ed93afb5a1d7dd12c0848e3817234489) of player #0 King Zog
﻿19:32:57 : Status  -> Ok (ed93afb5a1d7dd12c0848e3817234489)
﻿19:33:41 : Player #0 King Zog disconnected
﻿19:35:42 : RCon admin #1: (Global) 1
﻿19:42:42 : RCon admin #1: (Global) This server restarts at 3pm Sydney Time
﻿21:12:42 : RCon admin #1: (Global) This server restarts at 3pm Sydney Time
﻿21:24:04 : Lost Connection!
﻿21:24:04 : Closing socket & exiting!
﻿21:28:05 : Reporter account validated ok!
﻿21:28:06 : Rcon client logging in
﻿21:28:07 : RCon admin #1 (103.13.101.239:58938) logged in
﻿21:31:07 : RCon admin #1: (Global) 1
﻿21:31:41 : Lost Connection!
﻿21:31:41 : Closing socket & exiting!
﻿21:40:18 : Reporter account validated ok!
﻿21:40:20 : Rcon client logging in
﻿21:40:20 : RCon admin #1 (103.13.101.239:58069) logged in
﻿21:41:27 : Player #0 King Zog (121.45.245.126:2316) connected
﻿21:41:28 : Player #0 King Zog - GUID: ed93afb5a1d7dd12c0848e3817234489 (unverified)
﻿21:41:28 : RCon admin #1: (Global) BEC : Boss Cocky King Zog Connected
﻿21:41:29 : Verified GUID (ed93afb5a1d7dd12c0848e3817234489) of player #0 King Zog
﻿21:41:30 : Status  -> Ok (ed93afb5a1d7dd12c0848e3817234489)
﻿21:43:20 : RCon admin #1: (Global) 1
﻿21:50:20 : RCon admin #1: (Global) This server restarts at 3pm Sydney Time
﻿21:52:45 : Lost Connection!
﻿21:52:45 : Closing socket & exiting!
﻿21:53:49 : Reporter account validated ok!
﻿21:53:50 : Rcon client logging in
﻿21:53:51 : RCon admin #1 (103.13.101.239:60492) logged in
﻿21:53:51 : Player #0 King Zog - GUID: ed93afb5a1d7dd12c0848e3817234489 (unverified)
﻿21:53:51 : RCon admin #1: (Global) BEC : Boss Cocky King Zog Connected
﻿21:53:52 : Verified GUID (ed93afb5a1d7dd12c0848e3817234489) of player #0 King Zog
﻿21:56:51 : RCon admin #1: (Global) 1
﻿21:57:40 : Lost Connection!
﻿21:57:40 : Closing socket & exiting!
﻿21:58:03 : Reporter account validated ok!
﻿21:58:04 : Rcon client logging in
﻿21:58:04 : RCon admin #1 (103.13.101.239:57190) logged in
﻿21:58:18 : Player #0 King Zog (121.45.245.126:2316) connected
﻿21:58:19 : Player #0 King Zog - GUID: ed93afb5a1d7dd12c0848e3817234489 (unverified)
﻿21:58:19 : RCon admin #1: (Global) BEC : Boss Cocky King Zog Connected
﻿21:58:20 : Verified GUID (ed93afb5a1d7dd12c0848e3817234489) of player #0 King Zog
﻿21:58:21 : Status  -> Ok (ed93afb5a1d7dd12c0848e3817234489)
﻿22:01:05 : RCon admin #1: (Global) 1
﻿22:08:05 : RCon admin #1: (Global) This server restarts at 3pm Sydney Time
﻿22:17:24 : Player #0 King Zog (ed93afb5a1d7dd12c0848e3817234489) has been kicked by BattlEye: Client not responding
﻿22:48:21 : Lost Connection!
﻿22:48:21 : Closing socket & exiting!
﻿22:50:09 : Reporter account validated ok!
﻿22:50:10 : Rcon client logging in
﻿22:50:10 : RCon admin #1 (103.13.101.239:59057) logged in
﻿22:50:33 : Player #0 King Zog (121.45.245.126:2316) connected
﻿22:50:34 : Player #0 King Zog - GUID: ed93afb5a1d7dd12c0848e3817234489 (unverified)
﻿22:50:34 : RCon admin #1: (Global) BEC : Boss Cocky King Zog Connected
﻿22:50:34 : Verified GUID (ed93afb5a1d7dd12c0848e3817234489) of player #0 King Zog
﻿22:50:35 : Status  -> Ok (ed93afb5a1d7dd12c0848e3817234489)
﻿22:53:11 : RCon admin #1: (Global) 1
﻿22:53:49 : Lost Connection!
﻿22:53:49 : Closing socket & exiting!
﻿22:55:19 : Reporter account validated ok!
﻿22:55:20 : Rcon client logging in
﻿22:55:20 : RCon admin #1 (103.13.101.239:65292) logged in
﻿22:56:04 : Player #0 King Zog (121.45.245.126:2316) connected
﻿22:56:05 : Player #0 King Zog - GUID: ed93afb5a1d7dd12c0848e3817234489 (unverified)
﻿22:56:05 : RCon admin #1: (Global) BEC : Boss Cocky King Zog Connected
﻿22:56:06 : Verified GUID (ed93afb5a1d7dd12c0848e3817234489) of player #0 King Zog
﻿22:56:07 : Status  -> Ok (ed93afb5a1d7dd12c0848e3817234489)
﻿22:58:21 : RCon admin #1: (Global) 1
﻿22:59:23 : Lost Connection!
﻿22:59:23 : Closing socket & exiting!
﻿23:01:43 : Reporter account validated ok!
﻿23:01:45 : Rcon client logging in
﻿23:01:45 : RCon admin #1 (103.13.101.239:55007) logged in
﻿23:02:44 : Player #0 King Zog (121.45.245.126:2316) connected
﻿23:02:45 : Player #0 King Zog - GUID: ed93afb5a1d7dd12c0848e3817234489 (unverified)
﻿23:02:45 : RCon admin #1: (Global) BEC : Boss Cocky King Zog Connected
﻿23:02:45 : Verified GUID (ed93afb5a1d7dd12c0848e3817234489) of player #0 King Zog
﻿23:02:46 : Status  -> Ok (ed93afb5a1d7dd12c0848e3817234489)
﻿23:04:45 : RCon admin #1: (Global) 1
﻿23:11:45 : RCon admin #1: (Global) This server restarts at 3pm Sydney Time
﻿23:13:11 : Reporter account validated ok!
﻿23:13:12 : Rcon client logging in
﻿23:13:12 : RCon admin #1 (103.13.101.239:64677) logged in
﻿23:13:58 : Player #0 King Zog (121.45.245.126:2316) connected
﻿23:13:59 : Player #0 King Zog - GUID: ed93afb5a1d7dd12c0848e3817234489 (unverified)
﻿23:13:59 : RCon admin #1: (Global) BEC : Boss Cocky King Zog Connected
﻿23:14:00 : Verified GUID (ed93afb5a1d7dd12c0848e3817234489) of player #0 King Zog
﻿23:14:01 : Status  -> Ok (ed93afb5a1d7dd12c0848e3817234489)
﻿23:16:13 : RCon admin #1: (Global) 1
﻿23:23:02 : Lost Connection!
﻿23:23:02 : Closing socket & exiting!
﻿23:40:06 : Reporter account validated ok!
﻿23:40:07 : Rcon client logging in
﻿23:40:07 : RCon admin #1 (103.13.101.239:49688) logged in
﻿23:41:34 : Player #0 King Zog (121.45.245.126:2316) connected
﻿23:41:35 : Player #0 King Zog - GUID: ed93afb5a1d7dd12c0848e3817234489 (unverified)
﻿23:41:35 : RCon admin #1: (Global) BEC : Boss Cocky King Zog Connected
﻿23:41:35 : Verified GUID (ed93afb5a1d7dd12c0848e3817234489) of player #0 King Zog
﻿23:41:36 : Status  -> Ok (ed93afb5a1d7dd12c0848e3817234489)
﻿23:43:08 : RCon admin #1: (Global) 1
﻿23:43:18 : Lost Connection!
﻿23:43:18 : Closing socket & exiting!
