00:13:54 : Reporter account validated ok!
﻿00:13:55 : Rcon client logging in
﻿00:13:55 : RCon admin #1 (103.13.101.239:51605) logged in
﻿00:14:36 : Player #0 King Zog (121.45.245.126:2316) connected
﻿00:14:37 : Player #0 King Zog - GUID: ed93afb5a1d7dd12c0848e3817234489 (unverified)
﻿00:14:37 : RCon admin #1: (Global) BEC : Boss Cocky King Zog Connected
﻿00:14:37 : Verified GUID (ed93afb5a1d7dd12c0848e3817234489) of player #0 King Zog
﻿00:14:38 : Status  -> Ok (ed93afb5a1d7dd12c0848e3817234489)
﻿00:16:56 : RCon admin #1: (Global) 1
﻿00:17:51 : Lost Connection!
﻿00:17:51 : Closing socket & exiting!
﻿00:19:14 : Reporter account validated ok!
﻿00:19:15 : Rcon client logging in
﻿00:19:15 : RCon admin #1 (103.13.101.239:64317) logged in
﻿00:19:32 : Player #0 King Zog (121.45.245.126:2316) connected
﻿00:19:33 : Player #0 King Zog - GUID: ed93afb5a1d7dd12c0848e3817234489 (unverified)
﻿00:19:33 : RCon admin #1: (Global) BEC : Boss Cocky King Zog Connected
﻿00:19:33 : Verified GUID (ed93afb5a1d7dd12c0848e3817234489) of player #0 King Zog
﻿00:19:34 : Status  -> Ok (ed93afb5a1d7dd12c0848e3817234489)
﻿00:21:44 : Player #0 King Zog disconnected
﻿00:21:57 : Lost Connection!
﻿00:21:57 : Closing socket & exiting!
﻿00:25:03 : Reporter account validated ok!
﻿00:25:04 : Rcon client logging in
﻿00:25:04 : RCon admin #1 (103.13.101.239:55183) logged in
﻿00:25:11 : Player #0 King Zog (121.45.245.126:2316) connected
﻿00:25:12 : Player #0 King Zog - GUID: ed93afb5a1d7dd12c0848e3817234489 (unverified)
﻿00:25:12 : RCon admin #1: (Global) BEC : Boss Cocky King Zog Connected
﻿00:25:12 : Verified GUID (ed93afb5a1d7dd12c0848e3817234489) of player #0 King Zog
﻿00:25:13 : Status  -> Ok (ed93afb5a1d7dd12c0848e3817234489)
﻿00:26:23 : Player #0 King Zog disconnected
﻿00:26:35 : Lost Connection!
﻿00:26:35 : Closing socket & exiting!
﻿00:28:16 : Reporter account validated ok!
﻿00:28:17 : Rcon client logging in
﻿00:28:17 : RCon admin #1 (103.13.101.239:53033) logged in
﻿00:29:55 : Player #0 King Zog disconnected
﻿00:31:18 : RCon admin #1: (Global) 1
﻿00:38:18 : RCon admin #1: (Global) This server restarts at 3pm Sydney Time
﻿01:11:05 : Lost Connection!
﻿01:11:05 : Closing socket & exiting!
﻿01:12:35 : Reporter account validated ok!
﻿01:12:36 : Rcon client logging in
﻿01:12:36 : RCon admin #1 (103.13.101.239:63865) logged in
﻿01:13:52 : Player #0 King Zog disconnected
﻿01:15:37 : RCon admin #1: (Global) 1
﻿01:19:20 : Lost Connection!
﻿01:19:20 : Closing socket & exiting!
﻿01:19:57 : Reporter account validated ok!
﻿01:19:59 : Rcon client logging in
﻿01:19:59 : RCon admin #1 (103.13.101.239:55575) logged in
﻿01:20:19 : Player #0 King Zog (121.45.245.126:2316) connected
﻿01:20:20 : Player #0 King Zog - GUID: ed93afb5a1d7dd12c0848e3817234489 (unverified)
﻿01:20:20 : RCon admin #1: (Global) BEC : Boss Cocky King Zog Connected
﻿01:20:20 : Verified GUID (ed93afb5a1d7dd12c0848e3817234489) of player #0 King Zog
﻿01:20:21 : Status  -> Ok (ed93afb5a1d7dd12c0848e3817234489)
﻿01:21:26 : Player #0 King Zog disconnected
﻿01:22:59 : RCon admin #1: (Global) 1
﻿01:29:59 : RCon admin #1: (Global) This server restarts at 3pm Sydney Time
﻿02:59:59 : RCon admin #1: (Global) This server restarts at 3pm Sydney Time
﻿04:29:59 : RCon admin #1: (Global) This server restarts at 3pm Sydney Time
﻿05:59:59 : RCon admin #1: (Global) This server restarts at 3pm Sydney Time
﻿07:29:59 : RCon admin #1: (Global) This server restarts at 3pm Sydney Time
﻿08:59:59 : RCon admin #1: (Global) This server restarts at 3pm Sydney Time
﻿10:29:59 : RCon admin #1: (Global) This server restarts at 3pm Sydney Time
﻿11:10:51 : Reporter account validated ok!
﻿11:10:53 : Rcon client logging in
﻿11:10:53 : RCon admin #1 (103.13.101.239:58283) logged in
﻿11:11:35 : Player #0 King Zog (121.45.245.126:2316) connected
﻿11:11:37 : Player #0 King Zog - GUID: ed93afb5a1d7dd12c0848e3817234489 (unverified)
﻿11:11:37 : RCon admin #1: (Global) BEC : Boss Cocky King Zog Connected
﻿11:11:37 : Verified GUID (ed93afb5a1d7dd12c0848e3817234489) of player #0 King Zog
﻿11:11:38 : Status  -> Ok (ed93afb5a1d7dd12c0848e3817234489)
﻿11:13:53 : RCon admin #1: (Global) 1
﻿11:18:48 : Lost Connection!
﻿11:18:48 : Closing socket & exiting!
﻿11:19:10 : Reporter account validated ok!
﻿11:19:11 : Rcon client logging in
﻿11:19:12 : RCon admin #1 (103.13.101.239:65349) logged in
﻿11:22:12 : RCon admin #1: (Global) 1
﻿11:29:12 : RCon admin #1: (Global) This server restarts at 3pm Sydney Time
﻿11:47:07 : Lost Connection!
﻿11:47:07 : Closing socket & exiting!
﻿11:47:51 : Reporter account validated ok!
﻿11:47:52 : Rcon client logging in
﻿11:47:53 : RCon admin #1 (103.13.101.239:54604) logged in
﻿11:50:53 : RCon admin #1: (Global) 1
﻿11:56:19 : Lost Connection!
﻿11:56:19 : Closing socket & exiting!
﻿11:56:45 : Reporter account validated ok!
﻿11:56:46 : Rcon client logging in
﻿11:56:47 : RCon admin #1 (103.13.101.239:59592) logged in
﻿11:59:47 : RCon admin #1: (Global) 1
﻿12:00:31 : Player #0 King Zog (121.45.245.126:2316) connected
﻿12:00:33 : Player #0 King Zog - GUID: ed93afb5a1d7dd12c0848e3817234489 (unverified)
﻿12:00:33 : RCon admin #1: (Global) BEC : Boss Cocky King Zog Connected
﻿12:00:33 : Verified GUID (ed93afb5a1d7dd12c0848e3817234489) of player #0 King Zog
﻿12:00:34 : Status  -> Ok (ed93afb5a1d7dd12c0848e3817234489)
﻿12:06:47 : RCon admin #1: (Global) This server restarts at 3pm Sydney Time
﻿12:14:06 : Lost Connection!
﻿12:14:06 : Closing socket & exiting!
﻿12:17:22 : Reporter account validated ok!
﻿12:17:23 : Rcon client logging in
﻿12:17:23 : RCon admin #1 (103.13.101.239:54975) logged in
﻿12:17:54 : Player #0 King Zog (121.45.245.126:2316) connected
﻿12:17:55 : Player #0 King Zog - GUID: ed93afb5a1d7dd12c0848e3817234489 (unverified)
﻿12:17:55 : RCon admin #1: (Global) BEC : Boss Cocky King Zog Connected
﻿12:17:56 : Verified GUID (ed93afb5a1d7dd12c0848e3817234489) of player #0 King Zog
﻿12:17:57 : Status  -> Ok (ed93afb5a1d7dd12c0848e3817234489)
﻿12:20:24 : RCon admin #1: (Global) 1
﻿12:26:29 : Lost Connection!
﻿12:26:29 : Closing socket & exiting!
﻿12:27:37 : Reporter account validated ok!
﻿12:27:38 : Rcon client logging in
﻿12:27:39 : RCon admin #1 (103.13.101.239:64383) logged in
﻿12:29:28 : No Valid response. Trying to reconnect.!
﻿12:29:28 : Rcon client logging in
﻿12:29:29 : RCon admin #0 (103.13.101.239:64383) logged in
﻿12:30:39 : RCon admin #0: (Global) 1
﻿12:30:55 : Lost Connection!
﻿12:30:55 : Closing socket & exiting!
﻿12:33:32 : Reporter account validated ok!
﻿12:33:34 : Rcon client logging in
﻿12:33:34 : RCon admin #1 (103.13.101.239:64386) logged in
﻿12:33:34 : Player #0 King Zog - GUID: ed93afb5a1d7dd12c0848e3817234489 (unverified)
﻿12:33:34 : Verified GUID (ed93afb5a1d7dd12c0848e3817234489) of player #0 King Zog
﻿12:33:34 : RCon admin #1: (Global) BEC : Boss Cocky King Zog Connected
﻿12:33:35 : Status  -> Ok (ed93afb5a1d7dd12c0848e3817234489)
﻿12:36:34 : RCon admin #1: (Global) 1
﻿12:37:04 : Lost Connection!
﻿12:37:04 : Closing socket & exiting!
﻿12:39:38 : Reporter account validated ok!
﻿12:39:39 : Rcon client logging in
﻿12:39:40 : RCon admin #1 (103.13.101.239:62887) logged in
﻿12:40:15 : Player #0 King Zog (121.45.245.126:2316) connected
﻿12:40:16 : Player #0 King Zog - GUID: ed93afb5a1d7dd12c0848e3817234489 (unverified)
﻿12:40:16 : RCon admin #1: (Global) BEC : Boss Cocky King Zog Connected
﻿12:40:16 : Verified GUID (ed93afb5a1d7dd12c0848e3817234489) of player #0 King Zog
﻿12:40:17 : Status  -> Ok (ed93afb5a1d7dd12c0848e3817234489)
﻿12:42:40 : RCon admin #1: (Global) 1
﻿12:45:19 : Lost Connection!
﻿12:45:19 : Closing socket & exiting!
﻿12:49:06 : Reporter account validated ok!
﻿12:49:07 : Rcon client logging in
﻿12:49:08 : RCon admin #1 (103.13.101.239:62920) logged in
﻿12:49:13 : Player #0 King Zog (121.45.245.126:2316) connected
﻿12:49:14 : Player #0 King Zog - GUID: ed93afb5a1d7dd12c0848e3817234489 (unverified)
﻿12:49:14 : RCon admin #1: (Global) BEC : Boss Cocky King Zog Connected
﻿12:49:14 : Verified GUID (ed93afb5a1d7dd12c0848e3817234489) of player #0 King Zog
﻿12:49:15 : Status  -> Ok (ed93afb5a1d7dd12c0848e3817234489)
﻿12:52:08 : RCon admin #1: (Global) 1
﻿12:56:20 : Lost Connection!
﻿12:56:20 : Closing socket & exiting!
﻿13:14:28 : Reporter account validated ok!
﻿13:14:29 : Rcon client logging in
﻿13:14:30 : RCon admin #1 (103.13.101.239:61205) logged in
﻿13:14:32 : Player #0 King Zog (121.45.245.126:2316) connected
﻿13:14:34 : Player #0 King Zog - GUID: ed93afb5a1d7dd12c0848e3817234489 (unverified)
﻿13:14:34 : RCon admin #1: (Global) BEC : Boss Cocky King Zog Connected
﻿13:14:35 : Verified GUID (ed93afb5a1d7dd12c0848e3817234489) of player #0 King Zog
﻿13:14:36 : Status  -> Ok (ed93afb5a1d7dd12c0848e3817234489)
﻿13:15:39 : Player #0 King Zog disconnected
﻿13:16:26 : Lost Connection!
﻿13:16:26 : Closing socket & exiting!
﻿13:17:06 : Reporter account validated ok!
﻿13:17:07 : Rcon client logging in
﻿13:17:08 : RCon admin #1 (103.13.101.239:57937) logged in
﻿13:18:04 : Player #0 King Zog (121.45.245.126:2316) connected
﻿13:18:05 : Player #0 King Zog - GUID: ed93afb5a1d7dd12c0848e3817234489 (unverified)
﻿13:18:06 : RCon admin #1: (Global) BEC : Boss Cocky King Zog Connected
﻿13:18:06 : Verified GUID (ed93afb5a1d7dd12c0848e3817234489) of player #0 King Zog
﻿13:18:07 : Status  -> Ok (ed93afb5a1d7dd12c0848e3817234489)
﻿13:20:04 : Lost Connection!
﻿13:20:04 : Closing socket & exiting!
﻿13:25:36 : Reporter account validated ok!
﻿13:25:38 : Rcon client logging in
﻿13:25:38 : RCon admin #1 (103.13.101.239:53098) logged in
﻿13:26:28 : Player #0 King Zog (121.45.245.126:2316) connected
﻿13:26:29 : Player #0 King Zog - GUID: ed93afb5a1d7dd12c0848e3817234489 (unverified)
﻿13:26:29 : RCon admin #1: (Global) BEC : Boss Cocky King Zog Connected
﻿13:26:29 : Verified GUID (ed93afb5a1d7dd12c0848e3817234489) of player #0 King Zog
﻿13:26:31 : Status  -> Ok (ed93afb5a1d7dd12c0848e3817234489)
﻿13:28:38 : RCon admin #1: (Global) 1
﻿13:30:40 : Lost Connection!
﻿13:30:40 : Closing socket & exiting!
﻿13:33:58 : Reporter account validated ok!
﻿13:33:59 : Rcon client logging in
﻿13:34:00 : RCon admin #1 (103.13.101.239:51675) logged in
﻿13:36:27 : Lost Connection!
﻿13:36:27 : Closing socket & exiting!
﻿13:36:46 : Reporter account validated ok!
﻿13:36:47 : Rcon client logging in
﻿13:36:47 : RCon admin #1 (103.13.101.239:53987) logged in
﻿13:39:48 : RCon admin #1: (Global) 1
﻿13:42:12 : Lost Connection!
﻿13:42:12 : Closing socket & exiting!
﻿13:47:00 : Reporter account validated ok!
﻿13:47:01 : Rcon client logging in
﻿13:47:02 : RCon admin #1 (103.13.101.239:50640) logged in
﻿13:47:35 : Player #0 King Zog (121.45.245.126:2316) connected
﻿13:47:36 : Player #0 King Zog - GUID: ed93afb5a1d7dd12c0848e3817234489 (unverified)
﻿13:47:36 : RCon admin #1: (Global) BEC : Boss Cocky King Zog Connected
﻿13:47:37 : Verified GUID (ed93afb5a1d7dd12c0848e3817234489) of player #0 King Zog
﻿13:47:38 : Status  -> Ok (ed93afb5a1d7dd12c0848e3817234489)
﻿13:48:54 : Player #0 King Zog disconnected
﻿13:48:58 : Lost Connection!
﻿13:48:58 : Closing socket & exiting!
﻿13:49:57 : Reporter account validated ok!
﻿13:49:58 : Rcon client logging in
﻿13:49:58 : RCon admin #1 (103.13.101.239:55700) logged in
﻿13:50:05 : Player #0 King Zog (121.45.245.126:2316) connected
﻿13:50:06 : Player #0 King Zog - GUID: ed93afb5a1d7dd12c0848e3817234489 (unverified)
﻿13:50:06 : RCon admin #1: (Global) BEC : Boss Cocky King Zog Connected
﻿13:50:06 : Verified GUID (ed93afb5a1d7dd12c0848e3817234489) of player #0 King Zog
﻿13:50:07 : Status  -> Ok (ed93afb5a1d7dd12c0848e3817234489)
﻿13:51:11 : Player #0 King Zog disconnected
﻿13:51:50 : Lost Connection!
﻿13:51:50 : Closing socket & exiting!
﻿13:52:33 : Reporter account validated ok!
﻿13:52:35 : Rcon client logging in
﻿13:52:35 : RCon admin #1 (103.13.101.239:54546) logged in
﻿13:52:36 : Player #0 King Zog - GUID: ed93afb5a1d7dd12c0848e3817234489 (unverified)
﻿13:52:36 : RCon admin #1: (Global) BEC : Boss Cocky King Zog Connected
﻿13:52:36 : Verified GUID (ed93afb5a1d7dd12c0848e3817234489) of player #0 King Zog
﻿13:54:35 : Lost Connection!
﻿13:54:35 : Closing socket & exiting!
﻿14:43:03 : Reporter account validated ok!
﻿14:43:04 : Rcon client logging in
﻿14:43:04 : RCon admin #1 (103.13.101.239:60222) logged in
﻿14:43:41 : Player #0 King Zog (121.45.245.126:2316) connected
﻿14:43:42 : Player #0 King Zog - GUID: ed93afb5a1d7dd12c0848e3817234489 (unverified)
﻿14:43:42 : RCon admin #1: (Global) BEC : Boss Cocky King Zog Connected
﻿14:43:42 : Verified GUID (ed93afb5a1d7dd12c0848e3817234489) of player #0 King Zog
﻿14:43:43 : Status  -> Ok (ed93afb5a1d7dd12c0848e3817234489)
﻿14:45:00 : RCon admin #1: (Global) This server will restart in 15 minutes
﻿14:46:05 : RCon admin #1: (Global) 1
﻿14:47:28 : Lost Connection!
﻿14:47:28 : Closing socket & exiting!
﻿14:47:51 : Reporter account validated ok!
﻿14:47:53 : Rcon client logging in
﻿14:47:53 : RCon admin #1 (103.13.101.239:52680) logged in
﻿14:48:24 : Player #0 King Zog (121.45.245.126:2316) connected
﻿14:48:25 : Player #0 King Zog - GUID: ed93afb5a1d7dd12c0848e3817234489 (unverified)
﻿14:48:25 : RCon admin #1: (Global) BEC : Boss Cocky King Zog Connected
﻿14:48:26 : Verified GUID (ed93afb5a1d7dd12c0848e3817234489) of player #0 King Zog
﻿14:48:27 : Status  -> Ok (ed93afb5a1d7dd12c0848e3817234489)
﻿14:50:53 : RCon admin #1: (Global) 1
﻿14:55:00 : RCon admin #1: (Global) This server will restart in 5 minutes.
﻿14:57:53 : RCon admin #1: (Global) This server restarts at 3pm Sydney Time
﻿15:00:02 : Lost Connection!
﻿15:00:02 : Closing socket & exiting!
﻿15:20:51 : Reporter account validated ok!
﻿15:20:52 : Rcon client logging in
﻿15:20:53 : RCon admin #1 (103.13.101.239:50927) logged in
﻿15:21:00 : Lost Connection!
﻿15:21:00 : Closing socket & exiting!
﻿15:26:27 : Reporter account validated ok!
﻿15:26:28 : Rcon client logging in
﻿15:26:28 : RCon admin #1 (103.13.101.239:59208) logged in
﻿15:27:14 : Player #0 King Zog (121.45.245.126:2316) connected
﻿15:27:16 : Player #0 King Zog - GUID: ed93afb5a1d7dd12c0848e3817234489 (unverified)
﻿15:27:16 : RCon admin #1: (Global) BEC : Boss Cocky King Zog Connected
﻿15:27:16 : Verified GUID (ed93afb5a1d7dd12c0848e3817234489) of player #0 King Zog
﻿15:27:17 : Status  -> Ok (ed93afb5a1d7dd12c0848e3817234489)
﻿15:29:29 : RCon admin #1: (Global) 1
﻿16:06:13 : Reporter account validated ok!
﻿16:06:14 : Rcon client logging in
﻿16:06:14 : RCon admin #1 (103.13.101.239:51123) logged in
﻿16:06:19 : Player #0 King Zog (121.45.245.126:2316) connected
﻿16:06:20 : Player #0 King Zog - GUID: ed93afb5a1d7dd12c0848e3817234489 (unverified)
﻿16:06:20 : RCon admin #1: (Global) BEC : Boss Cocky King Zog Connected
﻿16:06:20 : Verified GUID (ed93afb5a1d7dd12c0848e3817234489) of player #0 King Zog
﻿16:06:21 : Status  -> Ok (ed93afb5a1d7dd12c0848e3817234489)
﻿16:09:19 : No Valid response. Trying to reconnect.!
﻿16:09:19 : Rcon client logging in
﻿16:09:19 : RCon admin #0 (103.13.101.239:51123) logged in
﻿16:16:15 : RCon admin #0: (Global) This server restarts at 3pm Sydney Time
﻿16:25:43 : Player #0 King Zog disconnected
﻿17:46:14 : RCon admin #0: (Global) This server restarts at 3pm Sydney Time
﻿18:47:43 : Reporter account validated ok!
﻿18:47:44 : Rcon client logging in
﻿18:47:44 : RCon admin #1 (103.13.101.239:63921) logged in
﻿18:48:10 : Lost Connection!
﻿18:48:10 : Closing socket & exiting!
﻿18:50:11 : Reporter account validated ok!
﻿18:50:12 : Rcon client logging in
﻿18:50:12 : RCon admin #1 (103.13.101.239:60867) logged in
﻿18:50:33 : Player #0 King Zog (121.45.245.126:2328) connected
﻿18:50:34 : Player #0 King Zog - GUID: ed93afb5a1d7dd12c0848e3817234489 (unverified)
﻿18:50:34 : RCon admin #1: (Global) BEC : Boss Cocky King Zog Connected
﻿18:50:35 : Verified GUID (ed93afb5a1d7dd12c0848e3817234489) of player #0 King Zog
﻿18:50:36 : Status  -> Ok (ed93afb5a1d7dd12c0848e3817234489)
﻿18:54:24 : No Valid response. Trying to reconnect.!
﻿18:54:24 : Rcon client logging in
﻿18:54:24 : RCon admin #0 (103.13.101.239:60867) logged in
﻿19:00:12 : RCon admin #0: (Global) This server restarts at 3pm Sydney Time
﻿19:00:37 : Player #0 King Zog disconnected
﻿19:23:24 : Lost Connection!
﻿19:23:24 : Closing socket & exiting!
﻿19:39:53 : Reporter account validated ok!
﻿19:39:53 : Rcon client logging in
﻿19:39:53 : RCon admin #1 (103.13.101.239:51028) logged in
﻿19:40:23 : Lost Connection!
﻿19:40:23 : Closing socket & exiting!
﻿20:02:16 : Reporter account validated ok!
﻿20:02:17 : Rcon client logging in
﻿20:02:17 : RCon admin #1 (103.13.101.239:64084) logged in
﻿20:03:28 : Lost Connection!
﻿20:03:28 : Closing socket & exiting!
﻿20:05:08 : Reporter account validated ok!
﻿20:05:09 : Rcon client logging in
﻿20:05:09 : RCon admin #1 (103.13.101.239:63411) logged in
﻿20:05:35 : Player #0 King Zog (121.45.245.126:2316) connected
﻿20:05:37 : Player #0 King Zog - GUID: ed93afb5a1d7dd12c0848e3817234489 (unverified)
﻿20:05:37 : RCon admin #1: (Global) BEC : Boss Cocky King Zog Connected
﻿20:05:37 : Verified GUID (ed93afb5a1d7dd12c0848e3817234489) of player #0 King Zog
﻿20:05:38 : Status  -> Ok (ed93afb5a1d7dd12c0848e3817234489)
﻿20:07:55 : No Valid response. Trying to reconnect.!
﻿20:07:55 : Rcon client logging in
﻿20:07:55 : RCon admin #0 (103.13.101.239:63411) logged in
﻿20:08:10 : RCon admin #0: (Global) 1
﻿20:15:10 : RCon admin #0: (Global) This server restarts at 3pm Sydney Time
