00:10:41 : RCon admin #1: (Global) This server restarts at 3pm Sydney Time
﻿01:29:23 : Player #0 King Zog disconnected
﻿01:40:41 : RCon admin #1: (Global) This server restarts at 3pm Sydney Time
﻿03:10:41 : RCon admin #1: (Global) This server restarts at 3pm Sydney Time
﻿04:40:41 : RCon admin #1: (Global) This server restarts at 3pm Sydney Time
﻿06:10:41 : RCon admin #1: (Global) This server restarts at 3pm Sydney Time
﻿07:40:41 : RCon admin #1: (Global) This server restarts at 3pm Sydney Time
﻿09:10:41 : RCon admin #1: (Global) This server restarts at 3pm Sydney Time
﻿10:40:41 : RCon admin #1: (Global) This server restarts at 3pm Sydney Time
﻿12:10:41 : RCon admin #1: (Global) This server restarts at 3pm Sydney Time
﻿13:40:41 : RCon admin #1: (Global) This server restarts at 3pm Sydney Time
﻿14:09:40 : Lost Connection!
﻿14:09:40 : Closing socket & exiting!
﻿14:12:22 : Reporter account validated ok!
﻿14:12:23 : Rcon client logging in
﻿14:12:23 : RCon admin #1 (103.13.101.239:64288) logged in
﻿14:13:25 : Player #0 King Zog (121.45.230.43:64719) connected
﻿14:13:27 : Player #0 King Zog - GUID: ed93afb5a1d7dd12c0848e3817234489 (unverified)
﻿14:13:27 : RCon admin #1: (Global) BEC : Boss Cocky King Zog Connected
﻿14:13:27 : Verified GUID (ed93afb5a1d7dd12c0848e3817234489) of player #0 King Zog
﻿14:13:28 : Status  -> Ok (ed93afb5a1d7dd12c0848e3817234489)
﻿14:15:24 : RCon admin #1: (Global) 1
﻿14:22:24 : RCon admin #1: (Global) This server restarts at 3pm Sydney Time
﻿14:30:00 : RCon admin #1: (Global) This server will restart in 30 minutes
﻿14:45:00 : RCon admin #1: (Global) This server will restart in 15 minutes
﻿14:55:00 : RCon admin #1: (Global) This server will restart in 5 minutes.
﻿14:59:16 : Player #0 King Zog disconnected
﻿15:00:02 : Lost Connection!
﻿15:00:02 : Closing socket & exiting!
﻿15:10:41 : Reporter account validated ok!
﻿15:10:42 : Rcon client logging in
﻿15:10:43 : RCon admin #1 (103.13.101.239:57484) logged in
﻿15:12:36 : Player #0 King Zog (121.45.230.43:64723) connected
﻿15:12:37 : Player #0 King Zog - GUID: ed93afb5a1d7dd12c0848e3817234489 (unverified)
﻿15:12:37 : RCon admin #1: (Global) BEC : Boss Cocky King Zog Connected
﻿15:12:38 : Verified GUID (ed93afb5a1d7dd12c0848e3817234489) of player #0 King Zog
﻿15:12:39 : Status  -> Ok (ed93afb5a1d7dd12c0848e3817234489)
﻿15:13:43 : RCon admin #1: (Global) 1
﻿15:20:43 : RCon admin #1: (Global) This server restarts at 3pm Sydney Time
﻿15:22:05 : Player #0 King Zog (ed93afb5a1d7dd12c0848e3817234489) has been kicked by BattlEye: CreateVehicle Restriction #8
﻿15:27:01 : Player #0 King Zog (121.45.230.43:64723) connected
﻿15:27:02 : Player #0 King Zog - GUID: ed93afb5a1d7dd12c0848e3817234489 (unverified)
﻿15:27:02 : RCon admin #1: (Global) BEC : Boss Cocky King Zog Connected
﻿15:27:02 : Verified GUID (ed93afb5a1d7dd12c0848e3817234489) of player #0 King Zog
﻿15:27:03 : Status  -> Ok (ed93afb5a1d7dd12c0848e3817234489)
﻿15:28:35 : Player #0 King Zog disconnected
﻿16:50:43 : RCon admin #1: (Global) This server restarts at 3pm Sydney Time
﻿18:20:43 : RCon admin #1: (Global) This server restarts at 3pm Sydney Time
﻿19:50:43 : RCon admin #1: (Global) This server restarts at 3pm Sydney Time
﻿21:20:43 : RCon admin #1: (Global) This server restarts at 3pm Sydney Time
﻿22:50:43 : RCon admin #1: (Global) This server restarts at 3pm Sydney Time
