01:17:45 : RCon admin #1: (Global) This server restarts at 3pm Sydney Time
﻿01:38:28 : Player #0 King Zog (121.45.247.137:62075) connected
﻿01:38:30 : Player #0 King Zog - GUID: ed93afb5a1d7dd12c0848e3817234489 (unverified)
﻿01:38:30 : RCon admin #1: (Global) BEC : Boss Cocky King Zog Connected
﻿01:38:30 : Verified GUID (ed93afb5a1d7dd12c0848e3817234489) of player #0 King Zog
﻿01:38:32 : Status  -> Ok (ed93afb5a1d7dd12c0848e3817234489)
﻿01:40:42 : Player #0 King Zog disconnected
﻿02:47:45 : RCon admin #1: (Global) This server restarts at 3pm Sydney Time
﻿04:17:45 : RCon admin #1: (Global) This server restarts at 3pm Sydney Time
﻿05:47:45 : RCon admin #1: (Global) This server restarts at 3pm Sydney Time
﻿07:17:45 : RCon admin #1: (Global) This server restarts at 3pm Sydney Time
﻿08:47:45 : RCon admin #1: (Global) This server restarts at 3pm Sydney Time
﻿10:17:45 : RCon admin #1: (Global) This server restarts at 3pm Sydney Time
﻿11:47:45 : RCon admin #1: (Global) This server restarts at 3pm Sydney Time
﻿13:17:45 : RCon admin #1: (Global) This server restarts at 3pm Sydney Time
﻿14:30:00 : RCon admin #1: (Global) This server will restart in 30 minutes
﻿14:45:00 : RCon admin #1: (Global) This server will restart in 15 minutes
﻿14:47:45 : RCon admin #1: (Global) This server restarts at 3pm Sydney Time
﻿14:55:00 : RCon admin #1: (Global) This server will restart in 5 minutes.
﻿15:00:01 : Lost Connection!
﻿15:00:01 : Closing socket & exiting!
﻿15:00:44 : Reporter account validated ok!
﻿15:00:45 : Rcon client logging in
﻿15:00:45 : RCon admin #1 (103.13.101.239:58883) logged in
﻿15:03:46 : RCon admin #1: (Global) 1
﻿15:10:46 : RCon admin #1: (Global) This server restarts at 3pm Sydney Time
﻿16:40:46 : RCon admin #1: (Global) This server restarts at 3pm Sydney Time
﻿18:10:46 : RCon admin #1: (Global) This server restarts at 3pm Sydney Time
﻿19:40:46 : RCon admin #1: (Global) This server restarts at 3pm Sydney Time
﻿21:10:46 : RCon admin #1: (Global) This server restarts at 3pm Sydney Time
﻿22:40:46 : RCon admin #1: (Global) This server restarts at 3pm Sydney Time
﻿23:53:47 : Player #0 King Zog (121.45.224.166:62266) connected
﻿23:53:48 : Player #0 King Zog - GUID: ed93afb5a1d7dd12c0848e3817234489 (unverified)
﻿23:53:48 : RCon admin #1: (Global) BEC : Boss Cocky King Zog Connected
﻿23:53:49 : Verified GUID (ed93afb5a1d7dd12c0848e3817234489) of player #0 King Zog
﻿23:53:50 : Status  -> Ok (ed93afb5a1d7dd12c0848e3817234489)
