00:01:00 : RCon admin #1: (Global) This server restarts at 3pm Sydney Time
﻿01:31:00 : RCon admin #1: (Global) This server restarts at 3pm Sydney Time
﻿02:18:05 : Player #0 King Zog disconnected
﻿03:01:00 : RCon admin #1: (Global) This server restarts at 3pm Sydney Time
﻿04:31:00 : RCon admin #1: (Global) This server restarts at 3pm Sydney Time
﻿06:01:00 : RCon admin #1: (Global) This server restarts at 3pm Sydney Time
﻿07:31:00 : RCon admin #1: (Global) This server restarts at 3pm Sydney Time
﻿09:01:00 : RCon admin #1: (Global) This server restarts at 3pm Sydney Time
﻿10:31:00 : RCon admin #1: (Global) This server restarts at 3pm Sydney Time
﻿12:01:00 : RCon admin #1: (Global) This server restarts at 3pm Sydney Time
﻿12:28:18 : Player #0 King Zog (121.45.252.239:62812) connected
﻿12:28:20 : Player #0 King Zog - GUID: ed93afb5a1d7dd12c0848e3817234489 (unverified)
﻿12:28:20 : RCon admin #1: (Global) BEC : Boss Cocky King Zog Connected
﻿12:28:20 : Verified GUID (ed93afb5a1d7dd12c0848e3817234489) of player #0 King Zog
﻿12:28:21 : Status  -> Ok (ed93afb5a1d7dd12c0848e3817234489)
﻿12:36:14 : Lost Connection!
﻿12:36:14 : Closing socket & exiting!
﻿12:37:34 : Reporter account validated ok!
﻿12:37:35 : Rcon client logging in
﻿12:37:35 : RCon admin #1 (103.13.101.239:62528) logged in
﻿12:38:32 : Player #0 King Zog (121.45.252.239:2316) connected
﻿12:38:34 : Player #0 King Zog - GUID: ed93afb5a1d7dd12c0848e3817234489 (unverified)
﻿12:38:34 : RCon admin #1: (Global) BEC : Boss Cocky King Zog Connected
﻿12:38:34 : Verified GUID (ed93afb5a1d7dd12c0848e3817234489) of player #0 King Zog
﻿12:38:35 : Status  -> Ok (ed93afb5a1d7dd12c0848e3817234489)
﻿12:40:46 : RCon admin #1: (Global) 1
﻿12:47:36 : RCon admin #1: (Global) This server restarts at 3pm Sydney Time
﻿13:10:41 : Lost Connection!
﻿13:10:41 : Closing socket & exiting!
﻿13:11:11 : Reporter account validated ok!
﻿13:11:12 : Rcon client logging in
﻿13:11:12 : RCon admin #1 (103.13.101.239:65045) logged in
﻿13:12:34 : Player #0 King Zog (121.45.252.239:2316) connected
﻿13:12:35 : Player #0 King Zog - GUID: ed93afb5a1d7dd12c0848e3817234489 (unverified)
﻿13:12:35 : RCon admin #1: (Global) BEC : Boss Cocky King Zog Connected
﻿13:12:35 : Verified GUID (ed93afb5a1d7dd12c0848e3817234489) of player #0 King Zog
﻿13:12:36 : Status  -> Ok (ed93afb5a1d7dd12c0848e3817234489)
﻿13:14:13 : RCon admin #1: (Global) 1
﻿13:16:28 : Lost Connection!
﻿13:16:28 : Closing socket & exiting!
﻿13:16:50 : Reporter account validated ok!
﻿13:16:51 : Rcon client logging in
﻿13:16:51 : RCon admin #1 (103.13.101.239:60035) logged in
﻿13:17:00 : Player #0 King Zog (121.45.252.239:2316) connected
﻿13:17:01 : Player #0 King Zog - GUID: ed93afb5a1d7dd12c0848e3817234489 (unverified)
﻿13:17:01 : RCon admin #1: (Global) BEC : Boss Cocky King Zog Connected
﻿13:17:02 : Verified GUID (ed93afb5a1d7dd12c0848e3817234489) of player #0 King Zog
﻿13:17:03 : Status  -> Ok (ed93afb5a1d7dd12c0848e3817234489)
﻿13:19:52 : RCon admin #1: (Global) 1
﻿13:43:06 : Reporter account validated ok!
﻿13:43:06 : Rcon client logging in
﻿13:43:06 : RCon admin #1 (103.13.101.239:59995) logged in
﻿13:44:28 : Player #0 King Zog (121.45.252.239:2316) connected
﻿13:44:30 : Player #0 King Zog - GUID: ed93afb5a1d7dd12c0848e3817234489 (unverified)
﻿13:44:30 : RCon admin #1: (Global) BEC : Boss Cocky King Zog Connected
﻿13:44:30 : Verified GUID (ed93afb5a1d7dd12c0848e3817234489) of player #0 King Zog
﻿13:44:31 : Status  -> Ok (ed93afb5a1d7dd12c0848e3817234489)
﻿13:46:10 : RCon admin #1: (Global) 1
﻿13:46:42 : Lost Connection!
﻿13:46:42 : Closing socket & exiting!
﻿13:48:04 : Reporter account validated ok!
﻿13:48:05 : Rcon client logging in
﻿13:48:05 : RCon admin #1 (103.13.101.239:52587) logged in
﻿13:51:06 : RCon admin #1: (Global) 1
﻿13:58:06 : RCon admin #1: (Global) This server restarts at 3pm Sydney Time
﻿14:30:00 : RCon admin #1: (Global) This server will restart in 30 minutes
﻿14:42:56 : Player #0 King Zog (121.45.252.239:2316) connected
﻿14:42:57 : Player #0 King Zog - GUID: ed93afb5a1d7dd12c0848e3817234489 (unverified)
﻿14:42:57 : RCon admin #1: (Global) BEC : Boss Cocky King Zog Connected
﻿14:42:57 : Verified GUID (ed93afb5a1d7dd12c0848e3817234489) of player #0 King Zog
﻿14:43:56 : Status  -> Ok (ed93afb5a1d7dd12c0848e3817234489)
﻿14:45:00 : RCon admin #1: (Global) This server will restart in 15 minutes
﻿14:49:14 : Player #0 King Zog disconnected
﻿14:49:29 : Lost Connection!
﻿14:49:29 : Closing socket & exiting!
﻿14:51:23 : Reporter account validated ok!
﻿14:51:24 : Rcon client logging in
﻿14:51:24 : RCon admin #1 (103.13.101.239:61116) logged in
﻿14:51:30 : Player #0 King Zog (121.45.252.239:2316) connected
﻿14:51:31 : Player #0 King Zog - GUID: ed93afb5a1d7dd12c0848e3817234489 (unverified)
﻿14:51:31 : RCon admin #1: (Global) BEC : Boss Cocky King Zog Connected
﻿14:51:32 : Verified GUID (ed93afb5a1d7dd12c0848e3817234489) of player #0 King Zog
﻿14:51:33 : Status  -> Ok (ed93afb5a1d7dd12c0848e3817234489)
﻿14:54:25 : RCon admin #1: (Global) 1
﻿14:55:00 : RCon admin #1: (Global) This server will restart in 5 minutes.
﻿14:56:15 : Player #0 King Zog disconnected
﻿15:00:03 : Lost Connection!
﻿15:00:03 : Closing socket & exiting!
﻿15:00:59 : Reporter account validated ok!
﻿15:01:00 : Rcon client logging in
﻿15:01:00 : RCon admin #1 (103.13.101.239:62858) logged in
﻿15:04:01 : RCon admin #1: (Global) 1
﻿15:05:42 : Player #0 King Zog (121.45.252.239:2316) connected
﻿15:05:43 : Player #0 King Zog - GUID: ed93afb5a1d7dd12c0848e3817234489 (unverified)
﻿15:05:43 : RCon admin #1: (Global) BEC : Boss Cocky King Zog Connected
﻿15:05:43 : Verified GUID (ed93afb5a1d7dd12c0848e3817234489) of player #0 King Zog
﻿15:05:44 : Status  -> Ok (ed93afb5a1d7dd12c0848e3817234489)
﻿15:11:01 : RCon admin #1: (Global) This server restarts at 3pm Sydney Time
﻿15:24:37 : Player #0 King Zog disconnected
﻿15:25:39 : Lost Connection!
﻿15:25:39 : Closing socket & exiting!
﻿15:26:14 : Reporter account validated ok!
﻿15:26:15 : Rcon client logging in
﻿15:26:15 : RCon admin #1 (103.13.101.239:53337) logged in
﻿15:26:33 : Player #0 King Zog (121.45.252.239:2316) connected
﻿15:26:34 : Player #0 King Zog - GUID: ed93afb5a1d7dd12c0848e3817234489 (unverified)
﻿15:26:34 : RCon admin #1: (Global) BEC : Boss Cocky King Zog Connected
﻿15:26:34 : Verified GUID (ed93afb5a1d7dd12c0848e3817234489) of player #0 King Zog
﻿15:26:35 : Status  -> Ok (ed93afb5a1d7dd12c0848e3817234489)
﻿15:29:16 : RCon admin #1: (Global) 1
﻿15:36:16 : RCon admin #1: (Global) This server restarts at 3pm Sydney Time
﻿16:00:13 : Lost Connection!
﻿16:00:13 : Closing socket & exiting!
﻿16:00:50 : Reporter account validated ok!
﻿16:00:51 : Rcon client logging in
﻿16:00:51 : RCon admin #1 (103.13.101.239:52425) logged in
﻿16:01:46 : Player #0 King Zog (121.45.252.239:2316) connected
﻿16:01:47 : Player #0 King Zog - GUID: ed93afb5a1d7dd12c0848e3817234489 (unverified)
﻿16:01:47 : RCon admin #1: (Global) BEC : Boss Cocky King Zog Connected
﻿16:01:47 : Verified GUID (ed93afb5a1d7dd12c0848e3817234489) of player #0 King Zog
﻿16:01:48 : Status  -> Ok (ed93afb5a1d7dd12c0848e3817234489)
﻿16:03:59 : RCon admin #1: (Global) 1
﻿16:10:51 : RCon admin #1: (Global) This server restarts at 3pm Sydney Time
﻿16:34:28 : Lost Connection!
﻿16:34:28 : Closing socket & exiting!
﻿16:35:03 : Reporter account validated ok!
﻿16:35:04 : Rcon client logging in
﻿16:35:04 : RCon admin #1 (103.13.101.239:51684) logged in
﻿16:35:07 : Player #0 King Zog (121.45.252.239:2316) connected
﻿16:35:08 : Player #0 King Zog - GUID: ed93afb5a1d7dd12c0848e3817234489 (unverified)
﻿16:35:08 : RCon admin #1: (Global) BEC : Boss Cocky King Zog Connected
﻿16:35:08 : Verified GUID (ed93afb5a1d7dd12c0848e3817234489) of player #0 King Zog
﻿16:35:09 : Status  -> Ok (ed93afb5a1d7dd12c0848e3817234489)
﻿16:38:11 : RCon admin #1: (Global) 1
﻿16:41:32 : Player #0 King Zog disconnected
﻿16:41:48 : Lost Connection!
﻿16:41:48 : Closing socket & exiting!
﻿16:52:55 : Rcon client logging in
﻿16:52:55 : RCon admin #1 (103.13.101.239:61629) logged in
﻿16:52:57 : Reporter account validated ok!
﻿16:53:26 : Player #0 King Zog (121.45.252.239:2316) connected
﻿16:53:27 : Player #0 King Zog - GUID: ed93afb5a1d7dd12c0848e3817234489 (unverified)
﻿16:53:27 : RCon admin #1: (Global) BEC : Boss Cocky King Zog Connected
﻿16:53:27 : Verified GUID (ed93afb5a1d7dd12c0848e3817234489) of player #0 King Zog
﻿16:53:28 : Status  -> Ok (ed93afb5a1d7dd12c0848e3817234489)
﻿16:56:02 : RCon admin #1: (Global) 1
﻿17:02:56 : RCon admin #1: (Global) This server restarts at 3pm Sydney Time
﻿17:14:49 : Lost Connection!
﻿17:14:49 : Closing socket & exiting!
﻿17:15:30 : Reporter account validated ok!
﻿17:15:31 : Rcon client logging in
﻿17:15:32 : Player #0 King Zog (121.45.252.239:2316) connected
﻿17:15:32 : RCon admin #1 (103.13.101.239:54560) logged in
﻿17:15:33 : Player #0 King Zog - GUID: ed93afb5a1d7dd12c0848e3817234489 (unverified)
﻿17:15:33 : RCon admin #1: (Global) BEC : Boss Cocky King Zog Connected
﻿17:15:33 : Verified GUID (ed93afb5a1d7dd12c0848e3817234489) of player #0 King Zog
﻿17:15:34 : Status  -> Ok (ed93afb5a1d7dd12c0848e3817234489)
﻿17:18:32 : RCon admin #1: (Global) 1
﻿17:25:32 : RCon admin #1: (Global) This server restarts at 3pm Sydney Time
﻿18:39:54 : Lost Connection!
﻿18:39:54 : Closing socket & exiting!
﻿18:41:06 : Reporter account validated ok!
﻿18:41:07 : Rcon client logging in
﻿18:41:07 : RCon admin #1 (103.13.101.239:49468) logged in
﻿18:44:08 : RCon admin #1: (Global) 1
﻿18:44:46 : Player #0 King Zog (121.45.252.239:2316) connected
﻿18:44:48 : Player #0 King Zog - GUID: ed93afb5a1d7dd12c0848e3817234489 (unverified)
﻿18:44:48 : RCon admin #1: (Global) BEC : Boss Cocky King Zog Connected
﻿18:44:48 : Verified GUID (ed93afb5a1d7dd12c0848e3817234489) of player #0 King Zog
﻿18:44:49 : Status  -> Ok (ed93afb5a1d7dd12c0848e3817234489)
﻿18:51:08 : RCon admin #1: (Global) This server restarts at 3pm Sydney Time
﻿19:15:29 : Lost Connection!
﻿19:15:29 : Closing socket & exiting!
﻿19:16:09 : Reporter account validated ok!
﻿19:16:10 : Rcon client logging in
﻿19:16:10 : RCon admin #1 (103.13.101.239:54823) logged in
﻿19:16:28 : Player #0 King Zog (121.45.252.239:2316) connected
﻿19:16:29 : Player #0 King Zog - GUID: ed93afb5a1d7dd12c0848e3817234489 (unverified)
﻿19:16:29 : RCon admin #1: (Global) BEC : Boss Cocky King Zog Connected
﻿19:16:29 : Verified GUID (ed93afb5a1d7dd12c0848e3817234489) of player #0 King Zog
﻿19:16:30 : Status  -> Ok (ed93afb5a1d7dd12c0848e3817234489)
﻿19:19:11 : RCon admin #1: (Global) 1
﻿19:26:11 : RCon admin #1: (Global) This server restarts at 3pm Sydney Time
﻿19:53:57 : Lost Connection!
﻿19:53:57 : Closing socket & exiting!
﻿19:54:55 : Reporter account validated ok!
﻿19:54:56 : Rcon client logging in
﻿19:54:56 : RCon admin #1 (103.13.101.239:57413) logged in
﻿19:57:08 : Player #0 King Zog (121.45.252.239:2316) connected
﻿19:57:09 : Player #0 King Zog - GUID: ed93afb5a1d7dd12c0848e3817234489 (unverified)
﻿19:57:09 : RCon admin #1: (Global) BEC : Boss Cocky King Zog Connected
﻿19:57:09 : Verified GUID (ed93afb5a1d7dd12c0848e3817234489) of player #0 King Zog
﻿19:57:10 : Status  -> Ok (ed93afb5a1d7dd12c0848e3817234489)
﻿19:57:57 : RCon admin #1: (Global) 1
﻿20:04:57 : RCon admin #1: (Global) This server restarts at 3pm Sydney Time
﻿20:10:25 : Lost Connection!
﻿20:10:25 : Closing socket & exiting!
﻿20:11:31 : Reporter account validated ok!
﻿20:11:32 : Rcon client logging in
﻿20:11:32 : RCon admin #1 (103.13.101.239:53970) logged in
﻿20:11:34 : Player #0 King Zog - GUID: ed93afb5a1d7dd12c0848e3817234489 (unverified)
﻿20:11:34 : RCon admin #1: (Global) BEC : Boss Cocky King Zog Connected
﻿20:11:34 : Verified GUID (ed93afb5a1d7dd12c0848e3817234489) of player #0 King Zog
﻿20:14:33 : RCon admin #1: (Global) 1
﻿20:16:11 : Lost Connection!
﻿20:16:11 : Closing socket & exiting!
﻿20:18:12 : Reporter account validated ok!
﻿20:18:13 : Rcon client logging in
﻿20:18:13 : RCon admin #1 (103.13.101.239:64223) logged in
﻿20:18:14 : Player #0 King Zog - GUID: ed93afb5a1d7dd12c0848e3817234489 (unverified)
﻿20:18:14 : RCon admin #1: (Global) BEC : Boss Cocky King Zog Connected
﻿20:18:14 : Verified GUID (ed93afb5a1d7dd12c0848e3817234489) of player #0 King Zog
﻿20:20:42 : Player #0 King Zog disconnected
﻿20:21:13 : RCon admin #1: (Global) 1
﻿20:28:13 : RCon admin #1: (Global) This server restarts at 3pm Sydney Time
﻿20:28:17 : Lost Connection!
﻿20:28:17 : Closing socket & exiting!
﻿20:30:57 : Reporter account validated ok!
﻿20:30:58 : Rcon client logging in
﻿20:30:58 : RCon admin #1 (103.13.101.239:60837) logged in
﻿20:31:47 : Player #0 King Zog (121.45.252.239:2316) connected
﻿20:31:49 : Player #0 King Zog - GUID: ed93afb5a1d7dd12c0848e3817234489 (unverified)
﻿20:31:49 : RCon admin #1: (Global) BEC : Boss Cocky King Zog Connected
﻿20:31:49 : Verified GUID (ed93afb5a1d7dd12c0848e3817234489) of player #0 King Zog
﻿20:31:50 : Status  -> Ok (ed93afb5a1d7dd12c0848e3817234489)
﻿20:34:09 : RCon admin #1: (Global) 1
﻿20:40:59 : RCon admin #1: (Global) This server restarts at 3pm Sydney Time
﻿21:10:31 : Player #0 King Zog disconnected
﻿21:50:49 : Lost Connection!
﻿21:50:49 : Closing socket & exiting!
﻿21:51:33 : Reporter account validated ok!
﻿21:51:34 : Rcon client logging in
﻿21:51:34 : RCon admin #1 (103.13.101.239:51927) logged in
﻿21:52:07 : Player #0 King Zog (121.45.252.239:2316) connected
﻿21:52:08 : Player #0 King Zog - GUID: ed93afb5a1d7dd12c0848e3817234489 (unverified)
﻿21:52:08 : RCon admin #1: (Global) BEC : Boss Cocky King Zog Connected
﻿21:52:08 : Verified GUID (ed93afb5a1d7dd12c0848e3817234489) of player #0 King Zog
﻿21:52:10 : Status  -> Ok (ed93afb5a1d7dd12c0848e3817234489)
﻿21:53:58 : Player #0 King Zog disconnected
﻿21:54:03 : Player #0 King Zog (121.45.252.239:2316) connected
﻿21:54:04 : Player #0 King Zog - GUID: ed93afb5a1d7dd12c0848e3817234489 (unverified)
﻿21:54:04 : RCon admin #1: (Global) BEC : Boss Cocky King Zog Connected
﻿21:54:04 : Verified GUID (ed93afb5a1d7dd12c0848e3817234489) of player #0 King Zog
﻿21:54:05 : Status  -> Ok (ed93afb5a1d7dd12c0848e3817234489)
﻿21:54:35 : RCon admin #1: (Global) 1
﻿21:55:44 : Player #0 King Zog disconnected
﻿21:55:59 : Lost Connection!
﻿21:55:59 : Closing socket & exiting!
﻿21:57:09 : Reporter account validated ok!
﻿21:57:10 : Rcon client logging in
﻿21:57:10 : RCon admin #1 (103.13.101.239:51508) logged in
﻿21:57:24 : Player #0 King Zog (121.45.252.239:2316) connected
﻿21:57:25 : Player #0 King Zog - GUID: ed93afb5a1d7dd12c0848e3817234489 (unverified)
﻿21:57:25 : RCon admin #1: (Global) BEC : Boss Cocky King Zog Connected
﻿21:57:25 : Verified GUID (ed93afb5a1d7dd12c0848e3817234489) of player #0 King Zog
﻿21:57:26 : Status  -> Ok (ed93afb5a1d7dd12c0848e3817234489)
﻿22:00:11 : RCon admin #1: (Global) 1
﻿22:07:11 : RCon admin #1: (Global) This server restarts at 3pm Sydney Time
﻿22:22:51 : Lost Connection!
﻿22:22:51 : Closing socket & exiting!
﻿22:24:00 : Rcon client logging in
﻿22:24:00 : RCon admin #1 (103.13.101.239:59466) logged in
﻿22:24:01 : Reporter account validated ok!
﻿22:24:40 : Player #0 King Zog (121.45.252.239:2316) connected
﻿22:24:41 : Player #0 King Zog - GUID: ed93afb5a1d7dd12c0848e3817234489 (unverified)
﻿22:24:42 : RCon admin #1: (Global) BEC : Boss Cocky King Zog Connected
﻿22:24:42 : Verified GUID (ed93afb5a1d7dd12c0848e3817234489) of player #0 King Zog
﻿22:24:43 : Status  -> Ok (ed93afb5a1d7dd12c0848e3817234489)
﻿22:27:13 : RCon admin #1: (Global) 1
﻿22:34:01 : RCon admin #1: (Global) This server restarts at 3pm Sydney Time
﻿23:41:12 : Player #0 King Zog (ed93afb5a1d7dd12c0848e3817234489) has been kicked by BattlEye: CreateVehicle Restriction #8
﻿23:41:23 : Player #0 King Zog (121.45.252.239:2316) connected
﻿23:41:24 : Player #0 King Zog - GUID: ed93afb5a1d7dd12c0848e3817234489 (unverified)
﻿23:41:24 : RCon admin #1: (Global) BEC : Boss Cocky King Zog Connected
﻿23:41:24 : Verified GUID (ed93afb5a1d7dd12c0848e3817234489) of player #0 King Zog
﻿23:41:26 : Status  -> Ok (ed93afb5a1d7dd12c0848e3817234489)
﻿23:50:35 : Player #0 King Zog disconnected
﻿23:52:42 : Player #0 King Zog (121.45.252.239:2316) connected
﻿23:52:44 : Player #0 King Zog - GUID: ed93afb5a1d7dd12c0848e3817234489 (unverified)
﻿23:52:44 : RCon admin #1: (Global) BEC : Boss Cocky King Zog Connected
﻿23:52:44 : Verified GUID (ed93afb5a1d7dd12c0848e3817234489) of player #0 King Zog
﻿23:52:45 : Status  -> Ok (ed93afb5a1d7dd12c0848e3817234489)
