14:13:13 : Reporter account validated ok!
﻿14:13:14 : Rcon client logging in
﻿14:13:14 : RCon admin #1 (103.13.101.239:54593) logged in
﻿14:16:14 : RCon admin #1: (Global) 1
﻿14:16:31 : Player #0 King Zog (121.45.247.137:61658) connected
﻿14:16:32 : Player #0 King Zog - GUID: ed93afb5a1d7dd12c0848e3817234489 (unverified)
﻿14:16:32 : RCon admin #1: (Global) BEC : Boss Cocky King Zog Connected
﻿14:16:33 : Verified GUID (ed93afb5a1d7dd12c0848e3817234489) of player #0 King Zog
﻿14:16:34 : Status  -> Ok (ed93afb5a1d7dd12c0848e3817234489)
﻿14:20:19 : Player #0 King Zog disconnected
﻿14:20:26 : Lost Connection!
﻿14:20:26 : Closing socket & exiting!
﻿14:21:01 : Reporter account validated ok!
﻿14:21:02 : Rcon client logging in
﻿14:21:02 : RCon admin #1 (103.13.101.239:54643) logged in
﻿14:21:13 : Player #0 King Zog (121.45.247.137:61658) connected
﻿14:21:14 : Player #0 King Zog - GUID: ed93afb5a1d7dd12c0848e3817234489 (unverified)
﻿14:21:14 : RCon admin #1: (Global) BEC : Boss Cocky King Zog Connected
﻿14:21:14 : Verified GUID (ed93afb5a1d7dd12c0848e3817234489) of player #0 King Zog
﻿14:21:15 : Status  -> Ok (ed93afb5a1d7dd12c0848e3817234489)
﻿14:24:03 : RCon admin #1: (Global) 1
﻿14:26:45 : Player #0 King Zog disconnected
﻿14:30:00 : RCon admin #1: (Global) This server will restart in 30 minutes
﻿14:31:03 : RCon admin #1: (Global) This server restarts at 3pm Sydney Time
﻿14:45:00 : RCon admin #1: (Global) This server will restart in 15 minutes
﻿14:55:00 : RCon admin #1: (Global) This server will restart in 5 minutes.
﻿14:58:10 : Lost Connection!
﻿14:58:10 : Closing socket & exiting!
﻿15:00:57 : Reporter account validated ok!
﻿15:00:58 : Rcon client logging in
﻿15:00:58 : RCon admin #1 (103.13.101.239:54525) logged in
﻿15:02:16 : Player #0 King Zog (121.45.247.137:61664) connected
﻿15:02:18 : Player #0 King Zog - GUID: ed93afb5a1d7dd12c0848e3817234489 (unverified)
﻿15:02:18 : RCon admin #1: (Global) BEC : Boss Cocky King Zog Connected
﻿15:03:25 : Lost Connection!
﻿15:03:25 : Closing socket & exiting!
﻿15:04:07 : Reporter account validated ok!
﻿15:04:08 : Rcon client logging in
﻿15:04:08 : RCon admin #1 (103.13.101.239:56673) logged in
﻿15:04:10 : Player #0 King Zog (121.45.247.137:61664) connected
﻿15:04:11 : Player #0 King Zog - GUID: ed93afb5a1d7dd12c0848e3817234489 (unverified)
﻿15:04:11 : RCon admin #1: (Global) BEC : Boss Cocky King Zog Connected
﻿15:05:13 : Verified GUID (ed93afb5a1d7dd12c0848e3817234489) of player #0 King Zog
﻿15:05:15 : Status  -> Ok (ed93afb5a1d7dd12c0848e3817234489)
﻿15:07:15 : RCon admin #1: (Global) 1
﻿15:09:15 : Player #0 King Zog disconnected
﻿15:09:23 : Lost Connection!
﻿15:09:23 : Closing socket & exiting!
﻿15:09:55 : Reporter account validated ok!
﻿15:09:56 : Rcon client logging in
﻿15:09:56 : RCon admin #1 (103.13.101.239:52362) logged in
﻿15:10:18 : Player #0 King Zog (121.45.247.137:61664) connected
﻿15:10:19 : Player #0 King Zog - GUID: ed93afb5a1d7dd12c0848e3817234489 (unverified)
﻿15:10:19 : RCon admin #1: (Global) BEC : Boss Cocky King Zog Connected
﻿15:10:20 : Verified GUID (ed93afb5a1d7dd12c0848e3817234489) of player #0 King Zog
﻿15:10:21 : Status  -> Ok (ed93afb5a1d7dd12c0848e3817234489)
﻿15:12:57 : RCon admin #1: (Global) 1
﻿15:19:57 : RCon admin #1: (Global) This server restarts at 3pm Sydney Time
﻿16:42:24 : Lost Connection!
﻿16:42:24 : Closing socket & exiting!
﻿16:44:59 : Reporter account validated ok!
﻿16:45:00 : Rcon client logging in
﻿16:45:00 : RCon admin #1 (103.13.101.239:54423) logged in
﻿16:45:14 : Player #0 King Zog (121.45.247.137:61664) connected
﻿16:45:15 : Player #0 King Zog - GUID: ed93afb5a1d7dd12c0848e3817234489 (unverified)
﻿16:45:15 : RCon admin #1: (Global) BEC : Boss Cocky King Zog Connected
﻿16:45:15 : Verified GUID (ed93afb5a1d7dd12c0848e3817234489) of player #0 King Zog
﻿16:45:16 : Status  -> Ok (ed93afb5a1d7dd12c0848e3817234489)
﻿16:48:00 : RCon admin #1: (Global) 1
﻿16:55:00 : RCon admin #1: (Global) This server restarts at 3pm Sydney Time
﻿16:55:30 : Player #0 King Zog disconnected
﻿16:55:38 : Player #0 King Zog (121.45.247.137:61664) connected
﻿16:55:39 : Player #0 King Zog - GUID: ed93afb5a1d7dd12c0848e3817234489 (unverified)
﻿16:55:40 : RCon admin #1: (Global) BEC : Boss Cocky King Zog Connected
﻿16:55:40 : Verified GUID (ed93afb5a1d7dd12c0848e3817234489) of player #0 King Zog
﻿16:55:41 : Status  -> Ok (ed93afb5a1d7dd12c0848e3817234489)
﻿17:01:36 : Lost Connection!
﻿17:01:36 : Closing socket & exiting!
﻿17:06:39 : Rcon client logging in
﻿17:06:39 : RCon admin #1 (103.13.101.239:59631) logged in
﻿17:06:40 : Reporter account validated ok!
﻿17:07:32 : Player #0 King Zog (121.45.247.137:61684) connected
﻿17:07:33 : Player #0 King Zog - GUID: ed93afb5a1d7dd12c0848e3817234489 (unverified)
﻿17:07:33 : RCon admin #1: (Global) BEC : Boss Cocky King Zog Connected
﻿17:07:33 : Verified GUID (ed93afb5a1d7dd12c0848e3817234489) of player #0 King Zog
﻿17:07:34 : Status  -> Ok (ed93afb5a1d7dd12c0848e3817234489)
﻿17:09:50 : RCon admin #1: (Global) 1
﻿17:11:48 : Player #0 King Zog disconnected
﻿17:11:54 : Player #0 King Zog (121.45.247.137:61684) connected
﻿17:11:55 : Player #0 King Zog - GUID: ed93afb5a1d7dd12c0848e3817234489 (unverified)
﻿17:11:56 : RCon admin #1: (Global) BEC : Boss Cocky King Zog Connected
﻿17:11:56 : Verified GUID (ed93afb5a1d7dd12c0848e3817234489) of player #0 King Zog
﻿17:11:57 : Status  -> Ok (ed93afb5a1d7dd12c0848e3817234489)
﻿17:16:40 : RCon admin #1: (Global) This server restarts at 3pm Sydney Time
﻿18:44:14 : Player #0 King Zog disconnected
﻿18:46:40 : RCon admin #1: (Global) This server restarts at 3pm Sydney Time
﻿20:16:40 : RCon admin #1: (Global) This server restarts at 3pm Sydney Time
﻿20:35:53 : Lost Connection!
﻿20:35:53 : Closing socket & exiting!
﻿20:36:26 : Reporter account validated ok!
﻿20:36:27 : Rcon client logging in
﻿20:36:27 : RCon admin #1 (103.13.101.239:51878) logged in
﻿20:37:23 : Lost Connection!
﻿20:37:23 : Closing socket & exiting!
﻿20:37:43 : Reporter account validated ok!
﻿20:37:44 : Rcon client logging in
﻿20:37:44 : RCon admin #1 (103.13.101.239:62243) logged in
﻿20:40:45 : RCon admin #1: (Global) 1
﻿20:47:45 : RCon admin #1: (Global) This server restarts at 3pm Sydney Time
﻿22:17:45 : RCon admin #1: (Global) This server restarts at 3pm Sydney Time
﻿23:47:45 : RCon admin #1: (Global) This server restarts at 3pm Sydney Time
