00:04:01 : RCon admin #1: (Global) This server restarts at 3pm Sydney Time
﻿01:34:01 : RCon admin #1: (Global) This server restarts at 3pm Sydney Time
﻿02:19:35 : Player #0 King Zog disconnected
﻿03:04:01 : RCon admin #1: (Global) This server restarts at 3pm Sydney Time
﻿04:34:01 : RCon admin #1: (Global) This server restarts at 3pm Sydney Time
﻿06:04:01 : RCon admin #1: (Global) This server restarts at 3pm Sydney Time
﻿07:34:01 : RCon admin #1: (Global) This server restarts at 3pm Sydney Time
﻿09:04:01 : RCon admin #1: (Global) This server restarts at 3pm Sydney Time
﻿10:34:01 : RCon admin #1: (Global) This server restarts at 3pm Sydney Time
﻿12:02:49 : Player #0 King Zog (121.45.252.239:62872) connected
﻿12:02:51 : Player #0 King Zog - GUID: ed93afb5a1d7dd12c0848e3817234489 (unverified)
﻿12:02:51 : RCon admin #1: (Global) BEC : Boss Cocky King Zog Connected
﻿12:02:51 : Verified GUID (ed93afb5a1d7dd12c0848e3817234489) of player #0 King Zog
﻿12:02:53 : Status  -> Ok (ed93afb5a1d7dd12c0848e3817234489)
﻿12:04:01 : RCon admin #1: (Global) This server restarts at 3pm Sydney Time
﻿12:52:50 : Lost Connection!
﻿12:52:50 : Closing socket & exiting!
﻿12:59:03 : Reporter account validated ok!
﻿12:59:04 : Rcon client logging in
﻿12:59:04 : RCon admin #1 (103.13.101.239:57540) logged in
﻿12:59:06 : Player #0 King Zog (121.45.252.239:62873) connected
﻿12:59:08 : Player #0 King Zog - GUID: ed93afb5a1d7dd12c0848e3817234489 (unverified)
﻿12:59:08 : RCon admin #1: (Global) BEC : Boss Cocky King Zog Connected
﻿12:59:08 : Verified GUID (ed93afb5a1d7dd12c0848e3817234489) of player #0 King Zog
﻿12:59:09 : Status  -> Ok (ed93afb5a1d7dd12c0848e3817234489)
﻿13:02:05 : RCon admin #1: (Global) 1
﻿13:09:05 : RCon admin #1: (Global) This server restarts at 3pm Sydney Time
﻿13:29:43 : Lost Connection!
﻿13:29:43 : Closing socket & exiting!
﻿16:10:58 : Reporter account validated ok!
﻿16:10:59 : Rcon client logging in
﻿16:10:59 : RCon admin #1 (103.13.101.239:55795) logged in
﻿16:14:00 : RCon admin #1: (Global) 1
﻿16:18:04 : Lost Connection!
﻿16:18:04 : Closing socket & exiting!
﻿16:18:36 : Reporter account validated ok!
﻿16:18:37 : Rcon client logging in
﻿16:18:37 : RCon admin #1 (103.13.101.239:62120) logged in
﻿16:20:16 : Lost Connection!
﻿16:20:16 : Closing socket & exiting!
﻿16:20:54 : Reporter account validated ok!
﻿16:20:55 : Rcon client logging in
﻿16:20:55 : RCon admin #1 (103.13.101.239:62122) logged in
﻿16:21:32 : Player #0 King Zog (121.45.252.239:62876) connected
﻿16:21:33 : Player #0 King Zog - GUID: ed93afb5a1d7dd12c0848e3817234489 (unverified)
﻿16:21:33 : RCon admin #1: (Global) BEC : Boss Cocky King Zog Connected
﻿16:21:34 : Verified GUID (ed93afb5a1d7dd12c0848e3817234489) of player #0 King Zog
﻿16:21:35 : Status  -> Ok (ed93afb5a1d7dd12c0848e3817234489)
﻿16:23:56 : RCon admin #1: (Global) 1
﻿16:30:56 : RCon admin #1: (Global) This server restarts at 3pm Sydney Time
﻿18:00:56 : RCon admin #1: (Global) This server restarts at 3pm Sydney Time
﻿19:09:06 : Player #0 King Zog disconnected
﻿19:30:56 : RCon admin #1: (Global) This server restarts at 3pm Sydney Time
﻿20:18:17 : Player #0 King Zog (121.45.252.239:63139) connected
﻿20:18:18 : Player #0 King Zog - GUID: ed93afb5a1d7dd12c0848e3817234489 (unverified)
﻿20:18:18 : RCon admin #1: (Global) BEC : Boss Cocky King Zog Connected
﻿20:18:18 : Verified GUID (ed93afb5a1d7dd12c0848e3817234489) of player #0 King Zog
﻿20:18:20 : Status  -> Ok (ed93afb5a1d7dd12c0848e3817234489)
﻿20:19:48 : Player #0 King Zog disconnected
﻿20:21:36 : Player #0 King Zog (121.45.252.239:63139) connected
﻿20:21:38 : Player #0 King Zog - GUID: ed93afb5a1d7dd12c0848e3817234489 (unverified)
﻿20:21:38 : RCon admin #1: (Global) BEC : Boss Cocky King Zog Connected
﻿20:21:38 : Verified GUID (ed93afb5a1d7dd12c0848e3817234489) of player #0 King Zog
﻿20:21:39 : Status  -> Ok (ed93afb5a1d7dd12c0848e3817234489)
﻿20:51:41 : Player #0 King Zog (ed93afb5a1d7dd12c0848e3817234489) has been kicked by BattlEye: CreateVehicle Restriction #8
﻿21:00:56 : RCon admin #1: (Global) This server restarts at 3pm Sydney Time
﻿21:03:54 : Lost Connection!
﻿21:03:54 : Closing socket & exiting!
﻿21:05:25 : Reporter account validated ok!
﻿21:05:25 : Rcon client logging in
﻿21:05:26 : RCon admin #1 (103.13.101.239:64194) logged in
﻿21:05:35 : Player #0 King Zog (121.45.252.239:63139) connected
﻿21:05:36 : Player #0 King Zog - GUID: ed93afb5a1d7dd12c0848e3817234489 (unverified)
﻿21:05:36 : RCon admin #1: (Global) BEC : Boss Cocky King Zog Connected
﻿21:05:36 : Verified GUID (ed93afb5a1d7dd12c0848e3817234489) of player #0 King Zog
﻿21:05:37 : Status  -> Ok (ed93afb5a1d7dd12c0848e3817234489)
﻿21:07:28 : Script Log: #0 King Zog (ed93afb5a1d7dd12c0848e3817234489) - #1 "teMine","createUnit","createVehicle","BIS_fnc_3Dcredits","BIS_fnc_AAN","vChecksum","vehicleChecksum"]"
﻿21:07:28 : Player #0 King Zog (ed93afb5a1d7dd12c0848e3817234489) has been kicked by BattlEye: Script Restriction #1
﻿21:07:46 : Player #0 King Zog (121.45.252.239:63139) connected
﻿21:07:47 : Player #0 King Zog - GUID: ed93afb5a1d7dd12c0848e3817234489 (unverified)
﻿21:07:47 : RCon admin #1: (Global) BEC : Boss Cocky King Zog Connected
﻿21:07:47 : Verified GUID (ed93afb5a1d7dd12c0848e3817234489) of player #0 King Zog
﻿21:07:48 : Status  -> Ok (ed93afb5a1d7dd12c0848e3817234489)
﻿21:08:07 : Script Log: #0 King Zog (ed93afb5a1d7dd12c0848e3817234489) - #1 "teMine","createUnit","createVehicle","BIS_fnc_3Dcredits","BIS_fnc_AAN","vChecksum","vehicleChecksum"]"
﻿21:08:07 : Player #0 King Zog (ed93afb5a1d7dd12c0848e3817234489) has been kicked by BattlEye: Script Restriction #1
﻿21:08:26 : RCon admin #1: (Global) 1
﻿21:10:35 : Player #0 King Zog (121.45.252.239:63139) connected
﻿21:10:36 : Player #0 King Zog - GUID: ed93afb5a1d7dd12c0848e3817234489 (unverified)
﻿21:10:36 : RCon admin #1: (Global) BEC : Boss Cocky King Zog Connected
﻿21:10:37 : Verified GUID (ed93afb5a1d7dd12c0848e3817234489) of player #0 King Zog
﻿21:10:38 : Status  -> Ok (ed93afb5a1d7dd12c0848e3817234489)
﻿21:10:54 : Script Log: #0 King Zog (ed93afb5a1d7dd12c0848e3817234489) - #1 "teMine","createUnit","createVehicle","BIS_fnc_3Dcredits","BIS_fnc_AAN","vChecksum","vehicleChecksum"]"
﻿21:10:54 : Player #0 King Zog (ed93afb5a1d7dd12c0848e3817234489) has been kicked by BattlEye: Script Restriction #1
﻿21:15:21 : Lost Connection!
﻿21:15:21 : Closing socket & exiting!
﻿21:16:08 : Reporter account validated ok!
﻿21:16:09 : Rcon client logging in
﻿21:16:10 : RCon admin #1 (103.13.101.239:55395) logged in
﻿21:19:10 : RCon admin #1: (Global) 1
﻿21:26:10 : RCon admin #1: (Global) This server restarts at 3pm Sydney Time
﻿21:47:41 : Lost Connection!
﻿21:47:41 : Closing socket & exiting!
﻿21:50:04 : Reporter account validated ok!
﻿21:50:04 : Rcon client logging in
﻿21:50:04 : RCon admin #1 (103.13.101.239:63671) logged in
﻿21:50:32 : Player #0 King Zog (121.45.252.239:63139) connected
﻿21:50:33 : Player #0 King Zog - GUID: ed93afb5a1d7dd12c0848e3817234489 (unverified)
﻿21:50:34 : RCon admin #1: (Global) BEC : Boss Cocky King Zog Connected
﻿21:50:34 : Verified GUID (ed93afb5a1d7dd12c0848e3817234489) of player #0 King Zog
﻿21:50:35 : Status  -> Ok (ed93afb5a1d7dd12c0848e3817234489)
﻿21:53:05 : RCon admin #1: (Global) 1
﻿21:53:11 : Lost Connection!
﻿21:53:11 : Closing socket & exiting!
﻿21:54:18 : Reporter account validated ok!
﻿21:54:19 : Rcon client logging in
﻿21:54:19 : RCon admin #1 (103.13.101.239:58171) logged in
﻿21:54:20 : Player #0 King Zog - GUID: ed93afb5a1d7dd12c0848e3817234489 (unverified)
﻿21:54:21 : RCon admin #1: (Global) BEC : Boss Cocky King Zog Connected
﻿21:54:21 : Verified GUID (ed93afb5a1d7dd12c0848e3817234489) of player #0 King Zog
﻿21:57:20 : RCon admin #1: (Global) 1
﻿22:04:20 : RCon admin #1: (Global) This server restarts at 3pm Sydney Time
﻿22:14:38 : Player #0 King Zog disconnected
﻿22:14:47 : Player #0 King Zog (121.45.252.239:63139) connected
﻿22:14:49 : Player #0 King Zog - GUID: ed93afb5a1d7dd12c0848e3817234489 (unverified)
﻿22:14:49 : RCon admin #1: (Global) BEC : Boss Cocky King Zog Connected
﻿22:14:49 : Verified GUID (ed93afb5a1d7dd12c0848e3817234489) of player #0 King Zog
﻿22:14:51 : Status  -> Ok (ed93afb5a1d7dd12c0848e3817234489)
﻿23:34:20 : RCon admin #1: (Global) This server restarts at 3pm Sydney Time
﻿23:40:14 : Lost Connection!
﻿23:40:14 : Closing socket & exiting!
﻿23:43:42 : Reporter account validated ok!
﻿23:43:43 : Rcon client logging in
﻿23:43:43 : RCon admin #1 (103.13.101.239:52746) logged in
﻿23:43:44 : Player #0 King Zog - GUID: ed93afb5a1d7dd12c0848e3817234489 (unverified)
﻿23:43:44 : RCon admin #1: (Global) BEC : Boss Cocky King Zog Connected
﻿23:43:44 : Verified GUID (ed93afb5a1d7dd12c0848e3817234489) of player #0 King Zog
﻿23:46:55 : RCon admin #1: (Global) 1
﻿23:53:44 : RCon admin #1: (Global) This server restarts at 3pm Sydney Time
﻿23:57:27 : Player #0 King Zog disconnected
﻿23:57:32 : Lost Connection!
﻿23:57:32 : Closing socket & exiting!
﻿23:58:00 : Reporter account validated ok!
﻿23:58:01 : Rcon client logging in
﻿23:58:01 : RCon admin #1 (103.13.101.239:60593) logged in
﻿23:58:10 : Player #0 King Zog (121.45.252.239:63139) connected
﻿23:58:11 : Player #0 King Zog - GUID: ed93afb5a1d7dd12c0848e3817234489 (unverified)
﻿23:58:11 : RCon admin #1: (Global) BEC : Boss Cocky King Zog Connected
﻿23:58:11 : Verified GUID (ed93afb5a1d7dd12c0848e3817234489) of player #0 King Zog
﻿23:58:12 : Status  -> Ok (ed93afb5a1d7dd12c0848e3817234489)
﻿23:59:02 : Player #0 King Zog disconnected
