18:32:25 : Reporter account validated ok!
﻿18:32:26 : Rcon client logging in
﻿18:32:26 : RCon admin #1 (103.13.101.239:51888) logged in
﻿18:35:07 : Lost Connection!
﻿18:35:07 : Closing socket & exiting!
﻿19:46:25 : Reporter account validated ok!
﻿19:46:26 : Rcon client logging in
﻿19:46:26 : RCon admin #1 (103.13.101.239:54443) logged in
﻿19:49:27 : RCon admin #1: (Global) 1
﻿19:51:18 : Player #0 King Zog (121.45.247.137:61490) connected
﻿19:51:19 : Player #0 King Zog - GUID: ed93afb5a1d7dd12c0848e3817234489 (unverified)
﻿19:51:19 : RCon admin #1: (Global) BEC : Boss Cocky King Zog Connected
﻿19:51:19 : Verified GUID (ed93afb5a1d7dd12c0848e3817234489) of player #0 King Zog
﻿19:51:20 : Status  -> Ok (ed93afb5a1d7dd12c0848e3817234489)
﻿19:51:51 : Lost Connection!
﻿19:51:51 : Closing socket & exiting!
﻿19:52:13 : Reporter account validated ok!
﻿19:52:14 : Rcon client logging in
﻿19:52:14 : RCon admin #1 (103.13.101.239:64296) logged in
﻿19:52:23 : Player #0 King Zog (121.45.247.137:61490) connected
﻿19:52:25 : Player #0 King Zog - GUID: ed93afb5a1d7dd12c0848e3817234489 (unverified)
﻿19:52:25 : RCon admin #1: (Global) BEC : Boss Cocky King Zog Connected
﻿19:52:25 : Verified GUID (ed93afb5a1d7dd12c0848e3817234489) of player #0 King Zog
﻿19:52:26 : Status  -> Ok (ed93afb5a1d7dd12c0848e3817234489)
﻿19:53:00 : Lost Connection!
﻿19:53:00 : Closing socket & exiting!
﻿21:21:25 : Reporter account validated ok!
﻿21:21:26 : Rcon client logging in
﻿21:21:27 : RCon admin #1 (103.13.101.239:60754) logged in
﻿21:21:33 : Player #0 King Zog (121.45.247.137:61490) connected
﻿21:21:35 : Player #0 King Zog - GUID: ed93afb5a1d7dd12c0848e3817234489 (unverified)
﻿21:21:35 : RCon admin #1: (Global) BEC : Boss Cocky King Zog Connected
﻿21:21:35 : Verified GUID (ed93afb5a1d7dd12c0848e3817234489) of player #0 King Zog
﻿21:21:36 : Status  -> Ok (ed93afb5a1d7dd12c0848e3817234489)
﻿21:22:01 : Lost Connection!
﻿21:22:01 : Closing socket & exiting!
﻿21:22:43 : Reporter account validated ok!
﻿21:22:44 : Lost Connection!
﻿21:22:44 : Closing socket & exiting!
﻿21:37:31 : Reporter account validated ok!
﻿21:37:31 : Rcon client logging in
﻿21:37:31 : RCon admin #1 (103.13.101.239:56963) logged in
﻿21:37:34 : Player #0 King Zog - GUID: ed93afb5a1d7dd12c0848e3817234489 (unverified)
﻿21:37:34 : RCon admin #1: (Global) BEC : Boss Cocky King Zog Connected
﻿21:37:34 : Verified GUID (ed93afb5a1d7dd12c0848e3817234489) of player #0 King Zog
﻿21:37:35 : Status  -> Ok (ed93afb5a1d7dd12c0848e3817234489)
﻿21:40:32 : RCon admin #1: (Global) 1
﻿21:41:32 : Player #0 King Zog disconnected
﻿21:41:36 : Lost Connection!
﻿21:41:36 : Closing socket & exiting!
﻿21:42:02 : Reporter account validated ok!
﻿21:42:03 : Rcon client logging in
﻿21:42:03 : RCon admin #1 (103.13.101.239:64969) logged in
﻿21:42:08 : Player #0 King Zog (121.45.247.137:61490) connected
﻿21:42:09 : Player #0 King Zog - GUID: ed93afb5a1d7dd12c0848e3817234489 (unverified)
﻿21:42:09 : RCon admin #1: (Global) BEC : Boss Cocky King Zog Connected
﻿21:42:10 : Verified GUID (ed93afb5a1d7dd12c0848e3817234489) of player #0 King Zog
﻿21:42:11 : Status  -> Ok (ed93afb5a1d7dd12c0848e3817234489)
﻿21:44:16 : Player #0 King Zog disconnected
﻿21:45:04 : RCon admin #1: (Global) 1
﻿21:50:07 : Lost Connection!
﻿21:50:07 : Closing socket & exiting!
﻿21:50:36 : Reporter account validated ok!
﻿21:50:37 : Rcon client logging in
﻿21:50:37 : RCon admin #1 (103.13.101.239:52290) logged in
﻿21:53:38 : RCon admin #1: (Global) 1
﻿21:54:58 : Player #0 King Zog disconnected
﻿21:55:09 : Lost Connection!
﻿21:55:09 : Closing socket & exiting!
﻿21:55:33 : Reporter account validated ok!
﻿21:55:34 : Rcon client logging in
﻿21:55:34 : RCon admin #1 (103.13.101.239:61692) logged in
﻿21:58:35 : RCon admin #1: (Global) 1
﻿22:05:35 : RCon admin #1: (Global) This server restarts at 3pm Sydney Time
﻿22:06:04 : Player #0 King Zog (121.45.247.137:61521) connected
﻿22:06:05 : Player #0 King Zog - GUID: ed93afb5a1d7dd12c0848e3817234489 (unverified)
﻿22:06:06 : RCon admin #1: (Global) BEC : Boss Cocky King Zog Connected
﻿22:06:06 : Verified GUID (ed93afb5a1d7dd12c0848e3817234489) of player #0 King Zog
﻿22:06:07 : Status  -> Ok (ed93afb5a1d7dd12c0848e3817234489)
﻿22:07:21 : Player #0 King Zog disconnected
﻿22:11:04 : Lost Connection!
﻿22:11:04 : Closing socket & exiting!
