00:00:09 : Lost Connection!
﻿00:00:09 : Closing socket & exiting!
﻿00:18:42 : Reporter account validated ok!
﻿00:18:43 : Rcon client logging in
﻿00:18:43 : RCon admin #1 (103.13.101.239:60924) logged in
﻿00:19:26 : Player #0 King Zog (121.45.252.239:63139) connected
﻿00:19:27 : Player #0 King Zog - GUID: ed93afb5a1d7dd12c0848e3817234489 (unverified)
﻿00:19:27 : RCon admin #1: (Global) BEC : Boss Cocky King Zog Connected
﻿00:19:27 : Verified GUID (ed93afb5a1d7dd12c0848e3817234489) of player #0 King Zog
﻿00:19:29 : Status  -> Ok (ed93afb5a1d7dd12c0848e3817234489)
﻿00:21:44 : RCon admin #1: (Global) 1
﻿00:25:39 : Lost Connection!
﻿00:25:39 : Closing socket & exiting!
﻿00:26:30 : Reporter account validated ok!
﻿00:26:31 : Rcon client logging in
﻿00:26:31 : RCon admin #1 (103.13.101.239:60306) logged in
﻿00:27:06 : Player #0 King Zog (121.45.252.239:63139) connected
﻿00:27:07 : Player #0 King Zog - GUID: ed93afb5a1d7dd12c0848e3817234489 (unverified)
﻿00:27:07 : RCon admin #1: (Global) BEC : Boss Cocky King Zog Connected
﻿00:27:08 : Verified GUID (ed93afb5a1d7dd12c0848e3817234489) of player #0 King Zog
﻿00:27:09 : Status  -> Ok (ed93afb5a1d7dd12c0848e3817234489)
﻿00:29:32 : RCon admin #1: (Global) 1
﻿00:33:10 : Lost Connection!
﻿00:33:10 : Closing socket & exiting!
﻿00:33:48 : Reporter account validated ok!
﻿00:33:49 : Rcon client logging in
﻿00:33:49 : RCon admin #1 (103.13.101.239:54453) logged in
﻿00:34:48 : Player #0 King Zog (121.45.252.239:63139) connected
﻿00:34:49 : Player #0 King Zog - GUID: ed93afb5a1d7dd12c0848e3817234489 (unverified)
﻿00:34:49 : RCon admin #1: (Global) BEC : Boss Cocky King Zog Connected
﻿00:34:49 : Verified GUID (ed93afb5a1d7dd12c0848e3817234489) of player #0 King Zog
﻿00:34:50 : Status  -> Ok (ed93afb5a1d7dd12c0848e3817234489)
﻿00:36:50 : RCon admin #1: (Global) 1
﻿00:43:50 : RCon admin #1: (Global) This server restarts at 3pm Sydney Time
﻿00:47:57 : Lost Connection!
﻿00:47:57 : Closing socket & exiting!
﻿00:49:06 : Reporter account validated ok!
﻿00:49:07 : Rcon client logging in
﻿00:49:07 : RCon admin #1 (103.13.101.239:61383) logged in
﻿00:49:19 : Player #0 King Zog (121.45.252.239:63139) connected
﻿00:49:20 : Player #0 King Zog - GUID: ed93afb5a1d7dd12c0848e3817234489 (unverified)
﻿00:49:20 : RCon admin #1: (Global) BEC : Boss Cocky King Zog Connected
﻿00:49:20 : Verified GUID (ed93afb5a1d7dd12c0848e3817234489) of player #0 King Zog
﻿00:49:21 : Status  -> Ok (ed93afb5a1d7dd12c0848e3817234489)
﻿00:52:08 : RCon admin #1: (Global) 1
﻿00:52:22 : Player #0 King Zog disconnected
﻿00:52:39 : Lost Connection!
﻿00:52:39 : Closing socket & exiting!
﻿00:53:05 : Reporter account validated ok!
﻿00:53:06 : Rcon client logging in
﻿00:53:07 : RCon admin #1 (103.13.101.239:64870) logged in
﻿00:55:16 : Player #0 King Zog disconnected
﻿00:55:32 : Lost Connection!
﻿00:55:32 : Closing socket & exiting!
﻿14:40:47 : Reporter account validated ok!
﻿14:40:48 : Rcon client logging in
﻿14:40:49 : RCon admin #1 (103.13.101.239:55297) logged in
﻿14:41:20 : Lost Connection!
﻿14:41:20 : Closing socket & exiting!
﻿16:00:27 : Reporter account validated ok!
﻿16:00:29 : Rcon client logging in
﻿16:00:29 : RCon admin #1 (103.13.101.239:60440) logged in
﻿16:00:29 : Player #0 King Zog - GUID: ed93afb5a1d7dd12c0848e3817234489 (unverified)
﻿16:00:29 : Verified GUID (ed93afb5a1d7dd12c0848e3817234489) of player #0 King Zog
﻿16:00:29 : RCon admin #1: (Global) BEC : Boss Cocky King Zog Connected
﻿16:00:30 : Status  -> Ok (ed93afb5a1d7dd12c0848e3817234489)
﻿16:03:29 : RCon admin #1: (Global) 1
﻿16:05:08 : Lost Connection!
﻿16:05:08 : Closing socket & exiting!
﻿16:05:45 : Reporter account validated ok!
﻿16:05:46 : Rcon client logging in
﻿16:05:47 : RCon admin #1 (103.13.101.239:49961) logged in
﻿16:08:47 : RCon admin #1: (Global) 1
﻿16:09:04 : Player #0 King Zog disconnected
﻿16:09:15 : Lost Connection!
﻿16:09:15 : Closing socket & exiting!
