00:32:27 : RCon admin #1: (Global) This server restarts at 3pm Sydney Time
﻿02:02:27 : RCon admin #1: (Global) This server restarts at 3pm Sydney Time
﻿03:32:27 : RCon admin #1: (Global) This server restarts at 3pm Sydney Time
﻿05:02:27 : RCon admin #1: (Global) This server restarts at 3pm Sydney Time
﻿06:32:27 : RCon admin #1: (Global) This server restarts at 3pm Sydney Time
﻿08:02:27 : RCon admin #1: (Global) This server restarts at 3pm Sydney Time
﻿09:32:27 : RCon admin #1: (Global) This server restarts at 3pm Sydney Time
﻿11:02:27 : RCon admin #1: (Global) This server restarts at 3pm Sydney Time
﻿12:32:27 : RCon admin #1: (Global) This server restarts at 3pm Sydney Time
﻿14:02:27 : RCon admin #1: (Global) This server restarts at 3pm Sydney Time
﻿14:30:00 : RCon admin #1: (Global) This server will restart in 30 minutes
﻿14:45:00 : RCon admin #1: (Global) This server will restart in 15 minutes
﻿14:55:00 : RCon admin #1: (Global) This server will restart in 5 minutes.
﻿15:00:06 : Lost Connection!
﻿15:00:06 : Closing socket & exiting!
﻿19:34:06 : Reporter account validated ok!
﻿19:34:08 : Rcon client logging in
﻿19:34:08 : RCon admin #1 (103.13.101.239:58932) logged in
﻿19:34:23 : Lost Connection!
﻿19:34:23 : Closing socket & exiting!
﻿22:28:37 : Reporter account validated ok!
﻿22:28:37 : Rcon client logging in
﻿22:28:37 : RCon admin #1 (103.13.101.239:64368) logged in
﻿22:31:37 : RCon admin #1: (Global) 1
﻿22:38:38 : RCon admin #1: (Global) This server restarts at 3pm Sydney Time
