00:09:03 : RCon admin #1: (Global) This server restarts at 3pm Sydney Time
﻿00:35:33 : Player #0 King Zog disconnected
﻿01:39:03 : RCon admin #1: (Global) This server restarts at 3pm Sydney Time
﻿03:09:03 : RCon admin #1: (Global) This server restarts at 3pm Sydney Time
﻿04:39:03 : RCon admin #1: (Global) This server restarts at 3pm Sydney Time
﻿06:09:03 : RCon admin #1: (Global) This server restarts at 3pm Sydney Time
﻿07:39:03 : RCon admin #1: (Global) This server restarts at 3pm Sydney Time
﻿09:09:03 : RCon admin #1: (Global) This server restarts at 3pm Sydney Time
﻿10:39:03 : RCon admin #1: (Global) This server restarts at 3pm Sydney Time
﻿12:09:03 : RCon admin #1: (Global) This server restarts at 3pm Sydney Time
﻿13:39:03 : RCon admin #1: (Global) This server restarts at 3pm Sydney Time
﻿14:18:05 : Lost Connection!
﻿14:18:05 : Closing socket & exiting!
﻿14:18:23 : Reporter account validated ok!
﻿14:18:27 : No Valid response. Trying to reconnect.!
﻿14:18:31 : No Valid response. Trying to reconnect.!
﻿14:18:35 : No Valid response. Trying to reconnect.!
﻿14:18:39 : Lost Connection!
﻿14:18:39 : Closing socket & exiting!
﻿14:35:50 : Reporter account validated ok!
﻿14:35:54 : No Valid response. Trying to reconnect.!
﻿14:35:58 : No Valid response. Trying to reconnect.!
﻿14:36:02 : No Valid response. Trying to reconnect.!
﻿14:36:06 : Lost Connection!
﻿14:36:06 : Closing socket & exiting!
﻿14:41:40 : Reporter account validated ok!
﻿14:41:41 : Rcon client logging in
﻿14:41:41 : RCon admin #1 (103.13.101.239:60183) logged in
﻿14:42:20 : Player #0 King Zog (121.45.251.247:62596) connected
﻿14:42:23 : Player #0 King Zog - GUID: ed93afb5a1d7dd12c0848e3817234489 (unverified)
﻿14:42:23 : RCon admin #1: (Global) BEC : Boss Cocky King Zog Connected
﻿14:42:23 : Verified GUID (ed93afb5a1d7dd12c0848e3817234489) of player #0 King Zog
﻿14:42:24 : Status  -> Ok (ed93afb5a1d7dd12c0848e3817234489)
﻿14:44:42 : RCon admin #1: (Global) 1
﻿14:45:00 : RCon admin #1: (Global) This server will restart in 15 minutes
﻿14:47:40 : Player #0 King Zog disconnected
﻿14:51:42 : RCon admin #1: (Global) This server restarts at 3pm Sydney Time
﻿14:52:49 : Player #0 King Zog (121.45.251.247:62596) connected
﻿14:52:50 : Player #0 King Zog - GUID: ed93afb5a1d7dd12c0848e3817234489 (unverified)
﻿14:52:50 : RCon admin #1: (Global) BEC : Boss Cocky King Zog Connected
﻿14:52:50 : Verified GUID (ed93afb5a1d7dd12c0848e3817234489) of player #0 King Zog
﻿14:52:52 : Status  -> Ok (ed93afb5a1d7dd12c0848e3817234489)
﻿14:55:00 : RCon admin #1: (Global) This server will restart in 5 minutes.
﻿15:00:03 : Lost Connection!
﻿15:00:03 : Closing socket & exiting!
﻿15:13:42 : Reporter account validated ok!
﻿15:13:43 : Rcon client logging in
﻿15:13:43 : RCon admin #1 (103.13.101.239:49380) logged in
﻿15:16:44 : RCon admin #1: (Global) 1
﻿15:21:06 : Lost Connection!
﻿15:21:06 : Closing socket & exiting!
﻿15:21:26 : Reporter account validated ok!
﻿15:21:27 : Rcon client logging in
﻿15:21:27 : RCon admin #1 (103.13.101.239:49347) logged in
﻿15:22:32 : Player #0 King Zog (121.45.251.247:62604) connected
﻿15:22:33 : Player #0 King Zog - GUID: ed93afb5a1d7dd12c0848e3817234489 (unverified)
﻿15:22:33 : RCon admin #1: (Global) BEC : Boss Cocky King Zog Connected
﻿15:22:33 : Verified GUID (ed93afb5a1d7dd12c0848e3817234489) of player #0 King Zog
﻿15:22:34 : Status  -> Ok (ed93afb5a1d7dd12c0848e3817234489)
﻿15:24:38 : RCon admin #1: (Global) 1
﻿15:31:28 : RCon admin #1: (Global) This server restarts at 3pm Sydney Time
﻿15:42:16 : Reporter account validated ok!
﻿15:42:18 : Rcon client logging in
﻿15:42:18 : RCon admin #1 (103.13.101.239:64965) logged in
﻿15:43:24 : Player #0 King Zog (121.45.251.247:62604) connected
﻿15:43:25 : Player #0 King Zog - GUID: ed93afb5a1d7dd12c0848e3817234489 (unverified)
﻿15:43:25 : RCon admin #1: (Global) BEC : Boss Cocky King Zog Connected
﻿15:43:26 : Verified GUID (ed93afb5a1d7dd12c0848e3817234489) of player #0 King Zog
﻿15:43:27 : Status  -> Ok (ed93afb5a1d7dd12c0848e3817234489)
﻿15:45:18 : RCon admin #1: (Global) 1
﻿15:46:12 : Reporter account validated ok!
﻿15:46:13 : Rcon client logging in
﻿15:46:13 : RCon admin #1 (103.13.101.239:58116) logged in
﻿15:46:14 : Player #0 King Zog (121.45.251.247:62604) connected
﻿15:46:15 : Player #0 King Zog - GUID: ed93afb5a1d7dd12c0848e3817234489 (unverified)
﻿15:46:15 : RCon admin #1: (Global) BEC : Boss Cocky King Zog Connected
﻿15:46:16 : Verified GUID (ed93afb5a1d7dd12c0848e3817234489) of player #0 King Zog
﻿15:46:16 : Status  -> Ok (ed93afb5a1d7dd12c0848e3817234489)
﻿15:48:17 : Reporter account validated ok!
﻿15:48:18 : Rcon client logging in
﻿15:48:18 : RCon admin #1 (103.13.101.239:56900) logged in
﻿15:51:19 : RCon admin #1: (Global) 1
﻿15:55:57 : Lost Connection!
﻿15:55:57 : Closing socket & exiting!
﻿16:00:50 : Reporter account validated ok!
﻿16:00:51 : Rcon client logging in
﻿16:00:51 : RCon admin #1 (103.13.101.239:63890) logged in
﻿16:01:01 : Player #0 King Zog (121.45.251.247:62626) connected
﻿16:01:03 : Player #0 King Zog - GUID: ed93afb5a1d7dd12c0848e3817234489 (unverified)
﻿16:01:03 : RCon admin #1: (Global) BEC : Boss Cocky King Zog Connected
﻿16:01:03 : Verified GUID (ed93afb5a1d7dd12c0848e3817234489) of player #0 King Zog
﻿16:01:04 : Status  -> Ok (ed93afb5a1d7dd12c0848e3817234489)
﻿16:02:55 : Player #0 King Zog disconnected
﻿16:03:00 : Player #0 King Zog (121.45.251.247:62626) connected
﻿16:03:01 : Player #0 King Zog - GUID: ed93afb5a1d7dd12c0848e3817234489 (unverified)
﻿16:03:01 : RCon admin #1: (Global) BEC : Boss Cocky King Zog Connected
﻿16:03:02 : Verified GUID (ed93afb5a1d7dd12c0848e3817234489) of player #0 King Zog
﻿16:03:03 : Status  -> Ok (ed93afb5a1d7dd12c0848e3817234489)
﻿16:03:52 : RCon admin #1: (Global) 1
﻿16:10:52 : RCon admin #1: (Global) This server restarts at 3pm Sydney Time
﻿16:15:04 : Player #0 King Zog disconnected
﻿17:36:32 : Lost Connection!
﻿17:36:32 : Closing socket & exiting!
﻿17:37:25 : Reporter account validated ok!
﻿17:37:26 : Rcon client logging in
﻿17:37:26 : RCon admin #1 (103.13.101.239:62754) logged in
﻿17:38:52 : Player #0 King Zog (121.45.251.247:62637) connected
﻿17:38:54 : Player #0 King Zog - GUID: ed93afb5a1d7dd12c0848e3817234489 (unverified)
﻿17:38:54 : RCon admin #1: (Global) BEC : Boss Cocky King Zog Connected
﻿17:38:54 : Verified GUID (ed93afb5a1d7dd12c0848e3817234489) of player #0 King Zog
﻿17:38:55 : Status  -> Ok (ed93afb5a1d7dd12c0848e3817234489)
﻿17:40:36 : RCon admin #1: (Global) 1
﻿17:47:27 : RCon admin #1: (Global) This server restarts at 3pm Sydney Time
﻿17:57:25 : Player #1 King Zog (2) (121.45.251.247:2316) connected
﻿17:57:26 : Player #1 King Zog (2) disconnected
﻿19:17:27 : RCon admin #1: (Global) This server restarts at 3pm Sydney Time
﻿20:11:33 : Player #0 King Zog disconnected
﻿20:12:04 : Reporter account validated ok!
﻿20:12:05 : Rcon client logging in
﻿20:12:06 : RCon admin #1 (103.13.101.239:51361) logged in
﻿20:12:06 : Verified GUID (ed93afb5a1d7dd12c0848e3817234489) of player #0 King Zog
﻿20:12:07 : Status  -> Ok (ed93afb5a1d7dd12c0848e3817234489)
﻿20:15:06 : RCon admin #1: (Global) 1
﻿20:16:37 : Player #0 King Zog disconnected
﻿20:22:06 : RCon admin #1: (Global) This server restarts at 3pm Sydney Time
﻿20:32:04 : Lost Connection!
﻿20:32:04 : Closing socket & exiting!
﻿22:10:05 : Reporter account validated ok!
﻿22:10:06 : Rcon client logging in
﻿22:10:06 : RCon admin #1 (103.13.101.239:51779) logged in
﻿22:10:22 : Player #0 King Zog (121.45.251.247:62671) connected
﻿22:10:23 : Player #0 King Zog - GUID: ed93afb5a1d7dd12c0848e3817234489 (unverified)
﻿22:10:23 : RCon admin #1: (Global) BEC : Boss Cocky King Zog Connected
﻿22:10:24 : Verified GUID (ed93afb5a1d7dd12c0848e3817234489) of player #0 King Zog
﻿22:10:25 : Status  -> Ok (ed93afb5a1d7dd12c0848e3817234489)
﻿22:13:07 : RCon admin #1: (Global) 1
﻿22:14:15 : Reporter account validated ok!
﻿22:14:16 : Rcon client logging in
﻿22:14:16 : RCon admin #1 (103.13.101.239:54591) logged in
﻿22:14:58 : Player #0 King Zog (121.45.251.247:62671) connected
﻿22:15:00 : Player #0 King Zog - GUID: ed93afb5a1d7dd12c0848e3817234489 (unverified)
﻿22:15:00 : RCon admin #1: (Global) BEC : Boss Cocky King Zog Connected
﻿22:15:00 : Verified GUID (ed93afb5a1d7dd12c0848e3817234489) of player #0 King Zog
﻿22:15:01 : Status  -> Ok (ed93afb5a1d7dd12c0848e3817234489)
﻿22:17:23 : RCon admin #1: (Global) 1
﻿22:24:17 : RCon admin #1: (Global) This server restarts at 3pm Sydney Time
﻿22:37:31 : Lost Connection!
﻿22:37:31 : Closing socket & exiting!
﻿22:37:58 : Reporter account validated ok!
﻿22:37:59 : Rcon client logging in
﻿22:37:59 : RCon admin #1 (103.13.101.239:64835) logged in
﻿22:38:25 : Player #0 King Zog (121.45.251.247:62671) connected
﻿22:38:26 : Player #0 King Zog - GUID: ed93afb5a1d7dd12c0848e3817234489 (unverified)
﻿22:38:26 : RCon admin #1: (Global) BEC : Boss Cocky King Zog Connected
﻿22:38:26 : Verified GUID (ed93afb5a1d7dd12c0848e3817234489) of player #0 King Zog
﻿22:38:27 : Status  -> Ok (ed93afb5a1d7dd12c0848e3817234489)
﻿22:40:41 : Reporter account validated ok!
﻿22:40:42 : Rcon client logging in
﻿22:40:42 : RCon admin #1 (103.13.101.239:55899) logged in
﻿22:41:21 : Player #0 King Zog (121.45.251.247:62671) connected
﻿22:41:22 : Player #0 King Zog - GUID: ed93afb5a1d7dd12c0848e3817234489 (unverified)
﻿22:41:22 : RCon admin #1: (Global) BEC : Boss Cocky King Zog Connected
﻿22:41:22 : Verified GUID (ed93afb5a1d7dd12c0848e3817234489) of player #0 King Zog
﻿22:41:23 : Status  -> Ok (ed93afb5a1d7dd12c0848e3817234489)
﻿22:43:35 : Lost Connection!
﻿22:43:35 : Closing socket & exiting!
﻿22:49:58 : Reporter account validated ok!
﻿22:49:59 : Rcon client logging in
﻿22:50:00 : RCon admin #1 (103.13.101.239:63648) logged in
﻿22:53:00 : RCon admin #1: (Global) 1
﻿23:00:20 : Reporter account validated ok!
﻿23:00:21 : Rcon client logging in
﻿23:00:21 : RCon admin #1 (103.13.101.239:56776) logged in
﻿23:01:47 : Player #0 King Zog (121.45.251.247:62681) connected
﻿23:01:49 : Player #0 King Zog - GUID: ed93afb5a1d7dd12c0848e3817234489 (unverified)
﻿23:01:49 : RCon admin #1: (Global) BEC : Boss Cocky King Zog Connected
﻿23:01:49 : Verified GUID (ed93afb5a1d7dd12c0848e3817234489) of player #0 King Zog
﻿23:01:50 : Status  -> Ok (ed93afb5a1d7dd12c0848e3817234489)
﻿23:03:27 : RCon admin #1: (Global) 1
﻿23:04:41 : Lost Connection!
﻿23:04:41 : Closing socket & exiting!
﻿23:05:00 : Reporter account validated ok!
﻿23:05:01 : Rcon client logging in
﻿23:05:01 : RCon admin #1 (103.13.101.239:51951) logged in
﻿23:05:22 : Player #0 King Zog (121.45.251.247:62681) connected
﻿23:05:24 : Player #0 King Zog - GUID: ed93afb5a1d7dd12c0848e3817234489 (unverified)
﻿23:05:24 : RCon admin #1: (Global) BEC : Boss Cocky King Zog Connected
﻿23:05:24 : Verified GUID (ed93afb5a1d7dd12c0848e3817234489) of player #0 King Zog
﻿23:05:25 : Status  -> Ok (ed93afb5a1d7dd12c0848e3817234489)
﻿23:08:05 : RCon admin #1: (Global) 1
﻿23:08:38 : Lost Connection!
﻿23:08:38 : Closing socket & exiting!
﻿23:09:02 : Reporter account validated ok!
﻿23:09:04 : Lost Connection!
﻿23:09:04 : Closing socket & exiting!
﻿23:09:35 : Reporter account validated ok!
﻿23:09:37 : Rcon client logging in
﻿23:09:37 : RCon admin #1 (103.13.101.239:65276) logged in
﻿23:09:49 : Lost Connection!
﻿23:09:49 : Closing socket & exiting!
﻿23:25:00 : Reporter account validated ok!
﻿23:25:02 : Lost Connection!
﻿23:25:02 : Closing socket & exiting!
﻿23:26:00 : Reporter account validated ok!
﻿23:26:01 : Rcon client logging in
﻿23:26:01 : RCon admin #1 (103.13.101.239:49428) logged in
﻿23:29:02 : RCon admin #1: (Global) 1
﻿23:36:02 : RCon admin #1: (Global) This server restarts at 3pm Sydney Time
﻿23:38:25 : Player #0 King Zog (121.45.251.247:62681) connected
﻿23:38:27 : Player #0 King Zog - GUID: ed93afb5a1d7dd12c0848e3817234489 (unverified)
﻿23:38:27 : RCon admin #1: (Global) BEC : Boss Cocky King Zog Connected
﻿23:38:27 : Verified GUID (ed93afb5a1d7dd12c0848e3817234489) of player #0 King Zog
﻿23:38:28 : Status  -> Ok (ed93afb5a1d7dd12c0848e3817234489)
﻿23:47:07 : Lost Connection!
﻿23:47:07 : Closing socket & exiting!
﻿23:56:56 : Reporter account validated ok!
﻿23:56:57 : Rcon client logging in
﻿23:56:57 : RCon admin #1 (103.13.101.239:61915) logged in
﻿23:57:18 : Player #0 King Zog (121.45.251.247:62685) connected
﻿23:57:19 : Player #0 King Zog - GUID: ed93afb5a1d7dd12c0848e3817234489 (unverified)
﻿23:57:19 : RCon admin #1: (Global) BEC : Boss Cocky King Zog Connected
﻿23:57:20 : Verified GUID (ed93afb5a1d7dd12c0848e3817234489) of player #0 King Zog
﻿23:57:21 : Status  -> Ok (ed93afb5a1d7dd12c0848e3817234489)
﻿23:58:26 : No Valid response. Trying to reconnect.!
﻿23:58:26 : Rcon client logging in
﻿23:58:26 : RCon admin #0 (103.13.101.239:61915) logged in
﻿23:59:16 : Lost Connection!
﻿23:59:16 : Closing socket & exiting!
﻿23:59:55 : Reporter account validated ok!
﻿23:59:56 : Rcon client logging in
﻿23:59:56 : RCon admin #1 (103.13.101.239:61341) logged in
