00:10:46 : RCon admin #1: (Global) This server restarts at 3pm Sydney Time
﻿01:40:46 : RCon admin #1: (Global) This server restarts at 3pm Sydney Time
﻿02:08:09 : Lost Connection!
﻿02:08:09 : Closing socket & exiting!
﻿02:08:44 : Reporter account validated ok!
﻿02:08:45 : Rcon client logging in
﻿02:08:45 : RCon admin #1 (103.13.101.239:60865) logged in
﻿02:09:50 : Player #0 King Zog (121.45.224.166:62266) connected
﻿02:09:51 : Player #0 King Zog - GUID: ed93afb5a1d7dd12c0848e3817234489 (unverified)
﻿02:09:51 : RCon admin #1: (Global) BEC : Boss Cocky King Zog Connected
﻿02:09:51 : Verified GUID (ed93afb5a1d7dd12c0848e3817234489) of player #0 King Zog
﻿02:09:52 : Status  -> Ok (ed93afb5a1d7dd12c0848e3817234489)
﻿02:10:53 : Lost Connection!
﻿02:10:53 : Closing socket & exiting!
﻿02:35:15 : Reporter account validated ok!
﻿02:35:16 : Rcon client logging in
﻿02:35:16 : RCon admin #1 (103.13.101.239:55069) logged in
﻿02:35:34 : Player #0 King Zog (121.45.224.166:62323) connected
﻿02:35:35 : Player #0 King Zog - GUID: ed93afb5a1d7dd12c0848e3817234489 (unverified)
﻿02:35:35 : RCon admin #1: (Global) BEC : Boss Cocky King Zog Connected
﻿02:35:35 : Verified GUID (ed93afb5a1d7dd12c0848e3817234489) of player #0 King Zog
﻿02:35:36 : Status  -> Ok (ed93afb5a1d7dd12c0848e3817234489)
﻿02:36:08 : Lost Connection!
﻿02:36:08 : Closing socket & exiting!
﻿02:37:20 : Reporter account validated ok!
﻿02:37:21 : Rcon client logging in
﻿02:37:22 : RCon admin #1 (103.13.101.239:55154) logged in
﻿02:38:00 : Player #0 King Zog (121.45.224.166:2316) connected
﻿02:38:01 : Player #0 King Zog - GUID: ed93afb5a1d7dd12c0848e3817234489 (unverified)
﻿02:38:01 : RCon admin #1: (Global) BEC : Boss Cocky King Zog Connected
﻿02:38:01 : Verified GUID (ed93afb5a1d7dd12c0848e3817234489) of player #0 King Zog
﻿02:38:02 : Status  -> Ok (ed93afb5a1d7dd12c0848e3817234489)
﻿02:38:59 : Player #0 King Zog disconnected
﻿02:39:13 : Player #0 King Zog (121.45.224.166:62323) connected
﻿02:39:14 : Player #0 King Zog - GUID: ed93afb5a1d7dd12c0848e3817234489 (unverified)
﻿02:39:14 : RCon admin #1: (Global) BEC : Boss Cocky King Zog Connected
﻿02:39:14 : Verified GUID (ed93afb5a1d7dd12c0848e3817234489) of player #0 King Zog
﻿02:39:15 : Status  -> Ok (ed93afb5a1d7dd12c0848e3817234489)
﻿02:39:43 : Lost Connection!
﻿02:39:43 : Closing socket & exiting!
﻿02:43:29 : Reporter account validated ok!
﻿02:43:30 : Rcon client logging in
﻿02:43:30 : RCon admin #1 (103.13.101.239:65390) logged in
﻿02:43:42 : Player #0 King Zog (121.45.224.166:62323) connected
﻿02:43:43 : Player #0 King Zog - GUID: ed93afb5a1d7dd12c0848e3817234489 (unverified)
﻿02:43:43 : RCon admin #1: (Global) BEC : Boss Cocky King Zog Connected
﻿02:43:43 : Verified GUID (ed93afb5a1d7dd12c0848e3817234489) of player #0 King Zog
﻿02:43:44 : Status  -> Ok (ed93afb5a1d7dd12c0848e3817234489)
﻿02:44:19 : Lost Connection!
﻿02:44:19 : Closing socket & exiting!
﻿02:47:23 : Reporter account validated ok!
﻿02:47:24 : Rcon client logging in
﻿02:47:24 : RCon admin #1 (103.13.101.239:51972) logged in
﻿02:47:25 : Verified GUID (ed93afb5a1d7dd12c0848e3817234489) of player #0 King Zog
﻿02:47:56 : Lost Connection!
﻿02:47:56 : Closing socket & exiting!
﻿03:00:14 : Reporter account validated ok!
﻿03:00:17 : No Valid response. Trying to reconnect.!
﻿03:00:21 : No Valid response. Trying to reconnect.!
﻿03:00:25 : No Valid response. Trying to reconnect.!
﻿03:00:29 : Lost Connection!
﻿03:00:29 : Closing socket & exiting!
﻿03:06:24 : Reporter account validated ok!
﻿03:06:27 : No Valid response. Trying to reconnect.!
﻿03:06:31 : No Valid response. Trying to reconnect.!
﻿03:06:35 : No Valid response. Trying to reconnect.!
﻿03:06:39 : Lost Connection!
﻿03:06:39 : Closing socket & exiting!
﻿03:08:57 : Reporter account validated ok!
﻿03:09:00 : No Valid response. Trying to reconnect.!
﻿03:09:04 : No Valid response. Trying to reconnect.!
﻿03:09:08 : No Valid response. Trying to reconnect.!
﻿03:09:12 : Lost Connection!
﻿03:09:12 : Closing socket & exiting!
﻿20:54:26 : Reporter account validated ok!
﻿20:54:27 : Rcon client logging in
﻿20:54:27 : RCon admin #1 (103.13.101.239:50214) logged in
﻿20:54:43 : Lost Connection!
﻿20:54:43 : Closing socket & exiting!
﻿21:07:08 : Reporter account validated ok!
﻿21:07:11 : No Valid response. Trying to reconnect.!
﻿21:07:15 : No Valid response. Trying to reconnect.!
﻿21:07:19 : No Valid response. Trying to reconnect.!
﻿21:07:23 : Lost Connection!
﻿21:07:23 : Closing socket & exiting!
﻿21:18:22 : Reporter account validated ok!
﻿21:18:25 : No Valid response. Trying to reconnect.!
﻿21:18:29 : No Valid response. Trying to reconnect.!
﻿21:18:33 : No Valid response. Trying to reconnect.!
﻿21:18:37 : Lost Connection!
﻿21:18:37 : Closing socket & exiting!
﻿21:33:28 : Reporter account validated ok!
﻿21:33:31 : No Valid response. Trying to reconnect.!
﻿21:33:35 : No Valid response. Trying to reconnect.!
﻿21:33:39 : No Valid response. Trying to reconnect.!
﻿21:33:43 : Lost Connection!
﻿21:33:43 : Closing socket & exiting!
﻿21:38:59 : Reporter account validated ok!
﻿21:39:00 : Rcon client logging in
﻿21:39:00 : RCon admin #1 (103.13.101.239:59654) logged in
﻿21:41:20 : Lost Connection!
﻿21:41:20 : Closing socket & exiting!
﻿21:42:09 : Reporter account validated ok!
﻿21:42:10 : Rcon client logging in
﻿21:42:10 : RCon admin #1 (103.13.101.239:56873) logged in
﻿21:42:42 : Lost Connection!
﻿21:42:42 : Closing socket & exiting!
﻿21:43:04 : Reporter account validated ok!
﻿21:43:05 : Rcon client logging in
﻿21:43:05 : RCon admin #1 (103.13.101.239:56875) logged in
﻿21:46:06 : RCon admin #1: (Global) 1
﻿21:53:06 : RCon admin #1: (Global) This server restarts at 3pm Sydney Time
﻿21:57:20 : Lost Connection!
﻿21:57:20 : Closing socket & exiting!
﻿21:57:52 : Reporter account validated ok!
﻿21:57:53 : Rcon client logging in
﻿21:57:54 : RCon admin #1 (103.13.101.239:53748) logged in
﻿22:00:54 : RCon admin #1: (Global) 1
﻿22:03:25 : Lost Connection!
﻿22:03:25 : Closing socket & exiting!
﻿22:04:10 : Reporter account validated ok!
﻿22:04:11 : Rcon client logging in
﻿22:04:12 : RCon admin #1 (103.13.101.239:58829) logged in
﻿22:07:12 : RCon admin #1: (Global) 1
﻿22:07:52 : Player #0 King Zog (121.45.224.166:62374) connected
﻿22:07:54 : Player #0 King Zog - GUID: ed93afb5a1d7dd12c0848e3817234489 (unverified)
﻿22:07:54 : RCon admin #1: (Global) BEC : Boss Cocky King Zog Connected
﻿22:07:54 : Verified GUID (ed93afb5a1d7dd12c0848e3817234489) of player #0 King Zog
﻿22:07:55 : Status  -> Ok (ed93afb5a1d7dd12c0848e3817234489)
﻿22:08:26 : Lost Connection!
﻿22:08:26 : Closing socket & exiting!
﻿22:08:58 : Reporter account validated ok!
﻿22:08:59 : Rcon client logging in
﻿22:08:59 : RCon admin #1 (103.13.101.239:58832) logged in
﻿22:09:03 : Lost Connection!
﻿22:09:03 : Closing socket & exiting!
﻿22:11:04 : Reporter account validated ok!
﻿22:11:05 : Rcon client logging in
﻿22:11:05 : RCon admin #1 (103.13.101.239:51155) logged in
﻿22:11:10 : Player #0 King Zog (121.45.224.166:62374) connected
﻿22:11:11 : Player #0 King Zog - GUID: ed93afb5a1d7dd12c0848e3817234489 (unverified)
﻿22:11:11 : RCon admin #1: (Global) BEC : Boss Cocky King Zog Connected
﻿22:11:11 : Verified GUID (ed93afb5a1d7dd12c0848e3817234489) of player #0 King Zog
﻿22:11:12 : Status  -> Ok (ed93afb5a1d7dd12c0848e3817234489)
﻿22:11:41 : Lost Connection!
﻿22:11:41 : Closing socket & exiting!
﻿22:13:51 : Reporter account validated ok!
﻿22:13:52 : Rcon client logging in
﻿22:13:52 : RCon admin #1 (103.13.101.239:51157) logged in
﻿22:13:55 : Player #0 King Zog (121.45.224.166:62374) connected
﻿22:13:57 : Player #0 King Zog - GUID: ed93afb5a1d7dd12c0848e3817234489 (unverified)
﻿22:13:57 : RCon admin #1: (Global) BEC : Boss Cocky King Zog Connected
﻿22:13:57 : Verified GUID (ed93afb5a1d7dd12c0848e3817234489) of player #0 King Zog
﻿22:13:58 : Status  -> Ok (ed93afb5a1d7dd12c0848e3817234489)
﻿22:14:28 : Lost Connection!
﻿22:14:28 : Closing socket & exiting!
﻿22:16:40 : Reporter account validated ok!
﻿22:16:41 : Rcon client logging in
﻿22:16:41 : RCon admin #1 (103.13.101.239:63276) logged in
﻿22:17:09 : Player #0 King Zog (121.45.224.166:62374) connected
﻿22:17:10 : Player #0 King Zog - GUID: ed93afb5a1d7dd12c0848e3817234489 (unverified)
﻿22:17:10 : RCon admin #1: (Global) BEC : Boss Cocky King Zog Connected
﻿22:17:10 : Verified GUID (ed93afb5a1d7dd12c0848e3817234489) of player #0 King Zog
﻿22:17:11 : Status  -> Ok (ed93afb5a1d7dd12c0848e3817234489)
﻿22:19:46 : Player #0 King Zog disconnected
﻿22:19:50 : RCon admin #1: (Global) 1
﻿22:26:42 : RCon admin #1: (Global) This server restarts at 3pm Sydney Time
﻿22:34:03 : Lost Connection!
﻿22:34:03 : Closing socket & exiting!
﻿22:34:45 : Reporter account validated ok!
﻿22:34:46 : Rcon client logging in
﻿22:34:46 : RCon admin #1 (103.13.101.239:51014) logged in
﻿22:35:29 : Player #0 King Zog (121.45.224.166:62421) connected
﻿22:35:31 : Player #0 King Zog - GUID: ed93afb5a1d7dd12c0848e3817234489 (unverified)
﻿22:35:31 : RCon admin #1: (Global) BEC : Boss Cocky King Zog Connected
﻿22:35:31 : Verified GUID (ed93afb5a1d7dd12c0848e3817234489) of player #0 King Zog
﻿22:35:32 : Status  -> Ok (ed93afb5a1d7dd12c0848e3817234489)
﻿22:36:01 : Lost Connection!
﻿22:36:01 : Closing socket & exiting!
﻿22:45:33 : Reporter account validated ok!
﻿22:45:34 : Rcon client logging in
﻿22:45:34 : RCon admin #1 (103.13.101.239:52802) logged in
﻿22:45:35 : Verified GUID (ed93afb5a1d7dd12c0848e3817234489) of player #0 King Zog
﻿22:46:03 : Lost Connection!
﻿22:46:03 : Closing socket & exiting!
﻿22:56:56 : Reporter account validated ok!
﻿22:56:57 : Rcon client logging in
﻿22:56:57 : RCon admin #1 (103.13.101.239:58476) logged in
﻿22:57:39 : Player #0 King Zog (121.45.224.166:62422) connected
﻿22:57:40 : Player #0 King Zog - GUID: ed93afb5a1d7dd12c0848e3817234489 (unverified)
﻿22:57:40 : RCon admin #1: (Global) BEC : Boss Cocky King Zog Connected
﻿22:57:41 : Verified GUID (ed93afb5a1d7dd12c0848e3817234489) of player #0 King Zog
﻿22:57:42 : Status  -> Ok (ed93afb5a1d7dd12c0848e3817234489)
﻿22:59:58 : RCon admin #1: (Global) 1
﻿23:05:50 : Lost Connection!
﻿23:05:50 : Closing socket & exiting!
﻿23:06:14 : Reporter account validated ok!
﻿23:06:15 : Rcon client logging in
﻿23:06:15 : RCon admin #1 (103.13.101.239:61845) logged in
﻿23:07:12 : Player #0 King Zog (121.45.224.166:62422) connected
﻿23:07:13 : Player #0 King Zog - GUID: ed93afb5a1d7dd12c0848e3817234489 (unverified)
﻿23:07:13 : RCon admin #1: (Global) BEC : Boss Cocky King Zog Connected
﻿23:07:14 : Verified GUID (ed93afb5a1d7dd12c0848e3817234489) of player #0 King Zog
﻿23:07:15 : Status  -> Ok (ed93afb5a1d7dd12c0848e3817234489)
﻿23:09:26 : RCon admin #1: (Global) 1
﻿23:13:18 : Lost Connection!
﻿23:13:18 : Closing socket & exiting!
﻿23:14:43 : Reporter account validated ok!
﻿23:14:44 : Rcon client logging in
﻿23:14:44 : RCon admin #1 (103.13.101.239:63132) logged in
﻿23:14:53 : Player #0 King Zog (121.45.224.166:62422) connected
﻿23:14:55 : Player #0 King Zog - GUID: ed93afb5a1d7dd12c0848e3817234489 (unverified)
﻿23:14:55 : RCon admin #1: (Global) BEC : Boss Cocky King Zog Connected
﻿23:14:55 : Verified GUID (ed93afb5a1d7dd12c0848e3817234489) of player #0 King Zog
﻿23:14:56 : Status  -> Ok (ed93afb5a1d7dd12c0848e3817234489)
﻿23:17:38 : Player #0 King Zog disconnected
﻿23:17:45 : RCon admin #1: (Global) 1
﻿23:17:49 : Lost Connection!
﻿23:17:49 : Closing socket & exiting!
﻿23:19:01 : Reporter account validated ok!
﻿23:19:02 : Rcon client logging in
﻿23:19:02 : RCon admin #1 (103.13.101.239:61389) logged in
﻿23:19:38 : Player #0 King Zog (121.45.224.166:62422) connected
﻿23:19:39 : Player #0 King Zog - GUID: ed93afb5a1d7dd12c0848e3817234489 (unverified)
﻿23:19:39 : RCon admin #1: (Global) BEC : Boss Cocky King Zog Connected
﻿23:19:40 : Verified GUID (ed93afb5a1d7dd12c0848e3817234489) of player #0 King Zog
﻿23:19:44 : Status  -> Ok (ed93afb5a1d7dd12c0848e3817234489)
﻿23:20:07 : Lost Connection!
﻿23:20:07 : Closing socket & exiting!
﻿23:25:39 : Reporter account validated ok!
﻿23:25:40 : Rcon client logging in
﻿23:25:40 : RCon admin #1 (103.13.101.239:54356) logged in
﻿23:25:59 : Player #0 King Zog (121.45.224.166:62433) connected
﻿23:26:01 : Player #0 King Zog - GUID: ed93afb5a1d7dd12c0848e3817234489 (unverified)
﻿23:26:01 : RCon admin #1: (Global) BEC : Boss Cocky King Zog Connected
﻿23:26:02 : Verified GUID (ed93afb5a1d7dd12c0848e3817234489) of player #0 King Zog
﻿23:26:03 : Status  -> Ok (ed93afb5a1d7dd12c0848e3817234489)
﻿23:26:31 : Lost Connection!
﻿23:26:31 : Closing socket & exiting!
﻿23:32:51 : Reporter account validated ok!
﻿23:32:52 : Rcon client logging in
﻿23:32:52 : RCon admin #1 (103.13.101.239:63110) logged in
﻿23:33:21 : Lost Connection!
﻿23:33:21 : Closing socket & exiting!
﻿23:55:28 : Reporter account validated ok!
﻿23:55:29 : Rcon client logging in
﻿23:55:29 : RCon admin #1 (103.13.101.239:58483) logged in
﻿23:57:03 : Player #0 King Zog disconnected
﻿23:57:07 : Lost Connection!
﻿23:57:07 : Closing socket & exiting!
﻿23:57:32 : Reporter account validated ok!
﻿23:57:33 : Rcon client logging in
﻿23:57:33 : RCon admin #1 (103.13.101.239:55783) logged in
﻿23:57:50 : Player #0 King Zog (121.45.224.166:62443) connected
﻿23:57:51 : Player #0 King Zog - GUID: ed93afb5a1d7dd12c0848e3817234489 (unverified)
﻿23:57:51 : RCon admin #1: (Global) BEC : Boss Cocky King Zog Connected
﻿23:57:52 : Verified GUID (ed93afb5a1d7dd12c0848e3817234489) of player #0 King Zog
﻿23:57:53 : Status  -> Ok (ed93afb5a1d7dd12c0848e3817234489)
