00:11:45 : Player #0 King Zog (121.45.231.5:63776) connected
﻿00:11:47 : Player #0 King Zog - GUID: ed93afb5a1d7dd12c0848e3817234489 (unverified)
﻿00:11:47 : RCon admin #1: (Global) BEC : Boss Cocky King Zog Connected
﻿00:11:47 : Verified GUID (ed93afb5a1d7dd12c0848e3817234489) of player #0 King Zog
﻿00:11:48 : Status  -> Ok (ed93afb5a1d7dd12c0848e3817234489)
﻿00:13:25 : Player #0 King Zog disconnected
﻿01:10:24 : RCon admin #1: (Global) This server restarts at 3pm Sydney Time
﻿02:40:24 : RCon admin #1: (Global) This server restarts at 3pm Sydney Time
﻿04:10:24 : RCon admin #1: (Global) This server restarts at 3pm Sydney Time
﻿05:40:24 : RCon admin #1: (Global) This server restarts at 3pm Sydney Time
﻿07:10:24 : RCon admin #1: (Global) This server restarts at 3pm Sydney Time
﻿08:40:24 : RCon admin #1: (Global) This server restarts at 3pm Sydney Time
﻿10:10:24 : RCon admin #1: (Global) This server restarts at 3pm Sydney Time
﻿11:40:24 : RCon admin #1: (Global) This server restarts at 3pm Sydney Time
﻿13:10:24 : RCon admin #1: (Global) This server restarts at 3pm Sydney Time
﻿14:30:00 : RCon admin #1: (Global) This server will restart in 30 minutes
﻿14:40:24 : RCon admin #1: (Global) This server restarts at 3pm Sydney Time
﻿14:45:00 : RCon admin #1: (Global) This server will restart in 15 minutes
﻿14:55:00 : RCon admin #1: (Global) This server will restart in 5 minutes.
﻿15:00:19 : Lost Connection!
﻿15:00:19 : Closing socket & exiting!
﻿15:00:45 : Reporter account validated ok!
﻿15:00:46 : Rcon client logging in
﻿15:00:46 : RCon admin #1 (103.13.101.239:56655) logged in
﻿15:03:47 : RCon admin #1: (Global) 1
﻿15:10:47 : RCon admin #1: (Global) This server restarts at 3pm Sydney Time
﻿16:17:18 : Player #0 King Zog (121.45.252.177:63867) connected
﻿16:17:19 : Player #0 King Zog - GUID: ed93afb5a1d7dd12c0848e3817234489 (unverified)
﻿16:17:19 : RCon admin #1: (Global) BEC : Boss Cocky King Zog Connected
﻿16:17:20 : Verified GUID (ed93afb5a1d7dd12c0848e3817234489) of player #0 King Zog
﻿16:17:21 : Status  -> Ok (ed93afb5a1d7dd12c0848e3817234489)
﻿16:18:11 : Player #0 King Zog disconnected
﻿16:40:47 : RCon admin #1: (Global) This server restarts at 3pm Sydney Time
﻿18:10:47 : RCon admin #1: (Global) This server restarts at 3pm Sydney Time
﻿19:40:47 : RCon admin #1: (Global) This server restarts at 3pm Sydney Time
﻿21:10:47 : RCon admin #1: (Global) This server restarts at 3pm Sydney Time
﻿21:31:02 : Lost Connection!
﻿21:31:02 : Closing socket & exiting!
﻿21:32:36 : Reporter account validated ok!
﻿21:32:37 : Rcon client logging in
﻿21:32:37 : RCon admin #1 (103.13.101.239:59387) logged in
﻿21:35:38 : RCon admin #1: (Global) 1
﻿21:39:57 : Player #0 King Zog (121.45.238.116:63904) connected
﻿21:39:58 : Player #0 King Zog - GUID: ed93afb5a1d7dd12c0848e3817234489 (unverified)
﻿21:39:58 : RCon admin #1: (Global) BEC : Boss Cocky King Zog Connected
﻿21:39:58 : Verified GUID (ed93afb5a1d7dd12c0848e3817234489) of player #0 King Zog
﻿21:39:59 : Status  -> Ok (ed93afb5a1d7dd12c0848e3817234489)
﻿21:40:54 : Lost Connection!
﻿21:40:54 : Closing socket & exiting!
﻿21:42:09 : Reporter account validated ok!
﻿21:42:10 : Rcon client logging in
﻿21:42:10 : RCon admin #1 (103.13.101.239:61357) logged in
﻿21:43:06 : Lost Connection!
﻿21:43:06 : Closing socket & exiting!
﻿22:52:25 : Reporter account validated ok!
﻿22:52:26 : Rcon client logging in
﻿22:52:26 : RCon admin #1 (103.13.101.239:58932) logged in
﻿22:52:27 : Verified GUID (ed93afb5a1d7dd12c0848e3817234489) of player #0 King Zog
﻿22:52:28 : Status  -> Ok (ed93afb5a1d7dd12c0848e3817234489)
﻿22:55:30 : RCon admin #1: (Global) 1
﻿22:59:04 : Player #0 King Zog disconnected
﻿23:02:27 : RCon admin #1: (Global) This server restarts at 3pm Sydney Time
