01:22:35 : RCon admin #1: (Global) This server restarts at 3pm Sydney Time
﻿02:52:35 : RCon admin #1: (Global) This server restarts at 3pm Sydney Time
﻿04:22:35 : RCon admin #1: (Global) This server restarts at 3pm Sydney Time
﻿05:52:35 : RCon admin #1: (Global) This server restarts at 3pm Sydney Time
﻿07:22:35 : RCon admin #1: (Global) This server restarts at 3pm Sydney Time
﻿08:52:35 : RCon admin #1: (Global) This server restarts at 3pm Sydney Time
﻿10:22:35 : RCon admin #1: (Global) This server restarts at 3pm Sydney Time
﻿11:52:35 : RCon admin #1: (Global) This server restarts at 3pm Sydney Time
﻿13:22:35 : RCon admin #1: (Global) This server restarts at 3pm Sydney Time
﻿14:16:58 : Lost Connection!
﻿14:16:58 : Closing socket & exiting!
﻿14:17:21 : Reporter account validated ok!
﻿14:17:22 : Rcon client logging in
﻿14:17:22 : RCon admin #1 (103.13.101.239:55149) logged in
﻿14:18:33 : Player #0 King Zog (121.45.230.43:64286) connected
﻿14:18:34 : Player #0 King Zog - GUID: ed93afb5a1d7dd12c0848e3817234489 (unverified)
﻿14:18:35 : RCon admin #1: (Global) BEC : Boss Cocky King Zog Connected
﻿14:18:35 : Verified GUID (ed93afb5a1d7dd12c0848e3817234489) of player #0 King Zog
﻿14:18:36 : Status  -> Ok (ed93afb5a1d7dd12c0848e3817234489)
﻿14:20:19 : Player #0 King Zog disconnected
﻿14:20:23 : RCon admin #1: (Global) 1
﻿14:27:05 : Player #0 King Zog (121.45.230.43:64288) connected
﻿14:27:06 : Player #0 King Zog - GUID: ed93afb5a1d7dd12c0848e3817234489 (unverified)
﻿14:27:06 : RCon admin #1: (Global) BEC : Boss Cocky King Zog Connected
﻿14:27:07 : Verified GUID (ed93afb5a1d7dd12c0848e3817234489) of player #0 King Zog
﻿14:27:08 : Status  -> Ok (ed93afb5a1d7dd12c0848e3817234489)
﻿14:27:23 : RCon admin #1: (Global) This server restarts at 3pm Sydney Time
﻿14:29:47 : Player #0 King Zog disconnected
﻿14:30:00 : RCon admin #1: (Global) This server will restart in 30 minutes
﻿14:45:00 : RCon admin #1: (Global) This server will restart in 15 minutes
﻿14:55:00 : RCon admin #1: (Global) This server will restart in 5 minutes.
﻿15:00:01 : Lost Connection!
﻿15:00:01 : Closing socket & exiting!
﻿15:00:39 : Reporter account validated ok!
﻿15:00:40 : Rcon client logging in
﻿15:00:40 : RCon admin #1 (103.13.101.239:62795) logged in
﻿15:03:41 : RCon admin #1: (Global) 1
﻿15:10:41 : RCon admin #1: (Global) This server restarts at 3pm Sydney Time
﻿16:40:41 : RCon admin #1: (Global) This server restarts at 3pm Sydney Time
﻿18:10:41 : RCon admin #1: (Global) This server restarts at 3pm Sydney Time
﻿18:42:50 : Player #0 King Zog (121.45.230.43:64535) connected
﻿18:42:51 : Player #0 King Zog - GUID: ed93afb5a1d7dd12c0848e3817234489 (unverified)
﻿18:42:51 : RCon admin #1: (Global) BEC : Boss Cocky King Zog Connected
﻿18:42:51 : Verified GUID (ed93afb5a1d7dd12c0848e3817234489) of player #0 King Zog
﻿18:42:53 : Status  -> Ok (ed93afb5a1d7dd12c0848e3817234489)
﻿19:40:41 : RCon admin #1: (Global) This server restarts at 3pm Sydney Time
﻿21:10:41 : RCon admin #1: (Global) This server restarts at 3pm Sydney Time
﻿22:40:41 : RCon admin #1: (Global) This server restarts at 3pm Sydney Time
