00:00:52 : Reporter account validated ok!
﻿00:00:53 : Rcon client logging in
﻿00:00:53 : RCon admin #1 (103.13.101.239:61123) logged in
﻿00:01:16 : Player #0 King Zog (121.45.255.96:63651) connected
﻿00:01:17 : Player #0 King Zog - GUID: ed93afb5a1d7dd12c0848e3817234489 (unverified)
﻿00:01:17 : RCon admin #1: (Global) BEC : Boss Cocky King Zog Connected
﻿00:01:17 : Verified GUID (ed93afb5a1d7dd12c0848e3817234489) of player #0 King Zog
﻿00:01:18 : Could not connect to BE Master
﻿00:01:18 : Update attempt failed
﻿00:01:18 : Status  -> Ok (ed93afb5a1d7dd12c0848e3817234489)
﻿00:03:15 : Could not connect to BE Master
﻿00:03:15 : Update attempt failed
﻿00:03:54 : RCon admin #1: (Global) 1
﻿00:05:12 : Could not connect to BE Master
﻿00:05:12 : Update attempt failed
﻿00:07:08 : Could not connect to BE Master
﻿00:07:08 : Update attempt failed
﻿00:09:17 : Reporter account validated ok!
﻿00:09:18 : Rcon client logging in
﻿00:09:18 : RCon admin #1 (103.13.101.239:59412) logged in
﻿00:09:49 : Player #0 King Zog (121.45.255.96:63651) connected
﻿00:09:50 : Player #0 King Zog - GUID: ed93afb5a1d7dd12c0848e3817234489 (unverified)
﻿00:09:50 : RCon admin #1: (Global) BEC : Boss Cocky King Zog Connected
﻿00:09:51 : Verified GUID (ed93afb5a1d7dd12c0848e3817234489) of player #0 King Zog
﻿00:09:51 : Could not connect to BE Master
﻿00:09:51 : Update attempt failed
﻿00:09:52 : Status  -> Ok (ed93afb5a1d7dd12c0848e3817234489)
﻿00:11:48 : Could not connect to BE Master
﻿00:11:48 : Update attempt failed
﻿00:12:19 : RCon admin #1: (Global) 1
﻿00:13:45 : Could not connect to BE Master
﻿00:13:45 : Update attempt failed
﻿00:15:42 : Could not connect to BE Master
﻿00:15:42 : Update attempt failed
﻿00:17:39 : Could not connect to BE Master
﻿00:17:39 : Update attempt failed
﻿00:19:19 : RCon admin #1: (Global) This server restarts at 3pm Sydney Time
﻿00:19:35 : Could not connect to BE Master
﻿00:19:35 : Update attempt failed
﻿00:21:32 : Could not connect to BE Master
﻿00:21:32 : Update attempt failed
﻿00:22:08 : Player #0 King Zog disconnected
﻿01:49:19 : RCon admin #1: (Global) This server restarts at 3pm Sydney Time
﻿03:19:19 : RCon admin #1: (Global) This server restarts at 3pm Sydney Time
﻿04:49:19 : RCon admin #1: (Global) This server restarts at 3pm Sydney Time
﻿06:19:19 : RCon admin #1: (Global) This server restarts at 3pm Sydney Time
﻿07:49:19 : RCon admin #1: (Global) This server restarts at 3pm Sydney Time
﻿09:19:19 : RCon admin #1: (Global) This server restarts at 3pm Sydney Time
﻿10:49:19 : RCon admin #1: (Global) This server restarts at 3pm Sydney Time
﻿12:19:19 : RCon admin #1: (Global) This server restarts at 3pm Sydney Time
﻿13:49:19 : RCon admin #1: (Global) This server restarts at 3pm Sydney Time
﻿14:30:00 : RCon admin #1: (Global) This server will restart in 30 minutes
﻿14:45:00 : RCon admin #1: (Global) This server will restart in 15 minutes
﻿14:55:00 : RCon admin #1: (Global) This server will restart in 5 minutes.
﻿15:00:02 : Lost Connection!
﻿15:00:02 : Closing socket & exiting!
﻿20:30:22 : Reporter account validated ok!
﻿20:30:23 : Rcon client logging in
﻿20:30:23 : RCon admin #1 (103.13.101.239:61717) logged in
﻿20:33:24 : RCon admin #1: (Global) 1
﻿20:40:24 : RCon admin #1: (Global) This server restarts at 3pm Sydney Time
﻿22:10:24 : RCon admin #1: (Global) This server restarts at 3pm Sydney Time
﻿23:40:24 : RCon admin #1: (Global) This server restarts at 3pm Sydney Time
