14:19:03 : Reporter account validated ok!
﻿14:19:04 : Rcon client logging in
﻿14:19:05 : RCon admin #1 (103.13.101.239:53292) logged in
﻿14:22:01 : Player #0 King Zog (121.45.237.213:61630) connected
﻿14:22:02 : Player #0 King Zog - GUID: ed93afb5a1d7dd12c0848e3817234489 (unverified)
﻿14:22:02 : RCon admin #1: (Global) BEC : Boss Cocky King Zog Connected
﻿14:22:02 : Verified GUID (ed93afb5a1d7dd12c0848e3817234489) of player #0 King Zog
﻿14:22:03 : Status  -> Ok (ed93afb5a1d7dd12c0848e3817234489)
﻿14:22:05 : RCon admin #1: (Global) 1
﻿14:25:56 : Lost Connection!
﻿14:25:56 : Closing socket & exiting!
﻿14:26:19 : Reporter account validated ok!
﻿14:26:20 : Rcon client logging in
﻿14:26:20 : RCon admin #1 (103.13.101.239:54879) logged in
﻿14:27:17 : Player #0 King Zog (121.45.237.213:61630) connected
﻿14:27:19 : Player #0 King Zog - GUID: ed93afb5a1d7dd12c0848e3817234489 (unverified)
﻿14:27:19 : RCon admin #1: (Global) BEC : Boss Cocky King Zog Connected
﻿14:27:19 : Verified GUID (ed93afb5a1d7dd12c0848e3817234489) of player #0 King Zog
﻿14:27:20 : Status  -> Ok (ed93afb5a1d7dd12c0848e3817234489)
﻿14:28:45 : Reporter account validated ok!
﻿14:28:46 : Rcon client logging in
﻿14:28:47 : RCon admin #1 (103.13.101.239:54634) logged in
﻿14:29:13 : Player #0 King Zog (121.45.237.213:61630) connected
﻿14:29:14 : Player #0 King Zog - GUID: ed93afb5a1d7dd12c0848e3817234489 (unverified)
﻿14:29:14 : RCon admin #1: (Global) BEC : Boss Cocky King Zog Connected
﻿14:29:14 : Verified GUID (ed93afb5a1d7dd12c0848e3817234489) of player #0 King Zog
﻿14:29:15 : Status  -> Ok (ed93afb5a1d7dd12c0848e3817234489)
﻿14:30:00 : RCon admin #1: (Global) This server will restart in 30 minutes
﻿14:30:14 : Player #0 King Zog disconnected
﻿14:30:22 : Lost Connection!
﻿14:30:22 : Closing socket & exiting!
﻿14:31:31 : Reporter account validated ok!
﻿14:31:32 : Rcon client logging in
﻿14:31:32 : RCon admin #1 (103.13.101.239:54636) logged in
﻿14:31:43 : Player #0 King Zog (121.45.237.213:61630) connected
﻿14:31:44 : Player #0 King Zog - GUID: ed93afb5a1d7dd12c0848e3817234489 (unverified)
﻿14:31:44 : RCon admin #1: (Global) BEC : Boss Cocky King Zog Connected
﻿14:31:44 : Verified GUID (ed93afb5a1d7dd12c0848e3817234489) of player #0 King Zog
﻿14:31:45 : Status  -> Ok (ed93afb5a1d7dd12c0848e3817234489)
﻿14:32:14 : Lost Connection!
﻿14:32:14 : Closing socket & exiting!
﻿14:33:42 : Reporter account validated ok!
﻿14:33:43 : Rcon client logging in
﻿14:33:43 : RCon admin #1 (103.13.101.239:61593) logged in
﻿14:33:58 : Player #0 King Zog (121.45.237.213:61630) connected
﻿14:34:00 : Player #0 King Zog - GUID: ed93afb5a1d7dd12c0848e3817234489 (unverified)
﻿14:34:00 : RCon admin #1: (Global) BEC : Boss Cocky King Zog Connected
﻿14:34:00 : Verified GUID (ed93afb5a1d7dd12c0848e3817234489) of player #0 King Zog
﻿14:34:01 : Status  -> Ok (ed93afb5a1d7dd12c0848e3817234489)
﻿14:35:42 : Lost Connection!
﻿14:35:42 : Closing socket & exiting!
﻿14:48:57 : Reporter account validated ok!
﻿14:48:59 : Rcon client logging in
﻿14:48:59 : RCon admin #1 (103.13.101.239:59326) logged in
﻿14:49:25 : Player #0 King Zog (121.45.237.213:61638) connected
﻿14:49:26 : Player #0 King Zog - GUID: ed93afb5a1d7dd12c0848e3817234489 (unverified)
﻿14:49:26 : RCon admin #1: (Global) BEC : Boss Cocky King Zog Connected
﻿14:49:27 : Verified GUID (ed93afb5a1d7dd12c0848e3817234489) of player #0 King Zog
﻿14:49:27 : Status  -> Ok (ed93afb5a1d7dd12c0848e3817234489)
﻿14:51:59 : RCon admin #1: (Global) 1
﻿14:55:00 : RCon admin #1: (Global) This server will restart in 5 minutes.
﻿14:58:59 : RCon admin #1: (Global) This server restarts at 3pm Sydney Time
﻿15:00:01 : Lost Connection!
﻿15:00:01 : Closing socket & exiting!
﻿15:01:24 : Reporter account validated ok!
﻿15:01:25 : Rcon client logging in
﻿15:01:25 : RCon admin #1 (103.13.101.239:53289) logged in
﻿15:04:26 : RCon admin #1: (Global) 1
﻿15:11:26 : RCon admin #1: (Global) This server restarts at 3pm Sydney Time
﻿15:15:30 : Player #0 King Zog (121.45.237.213:61641) connected
﻿15:15:32 : Player #0 King Zog - GUID: ed93afb5a1d7dd12c0848e3817234489 (unverified)
﻿15:15:33 : RCon admin #1: (Global) BEC : Boss Cocky King Zog Connected
﻿15:15:33 : Verified GUID (ed93afb5a1d7dd12c0848e3817234489) of player #0 King Zog
﻿15:15:34 : Status  -> Ok (ed93afb5a1d7dd12c0848e3817234489)
﻿15:21:54 : Lost Connection!
﻿15:21:54 : Closing socket & exiting!
﻿15:24:25 : Reporter account validated ok!
﻿15:24:26 : Rcon client logging in
﻿15:24:26 : RCon admin #1 (103.13.101.239:51504) logged in
﻿15:25:48 : Lost Connection!
﻿15:25:48 : Closing socket & exiting!
﻿16:03:08 : Reporter account validated ok!
﻿16:03:09 : Rcon client logging in
﻿16:03:09 : RCon admin #1 (103.13.101.239:59752) logged in
﻿16:03:15 : Player #0 King Zog disconnected
﻿16:03:57 : Lost Connection!
﻿16:03:57 : Closing socket & exiting!
﻿16:10:42 : Reporter account validated ok!
﻿16:10:43 : Rcon client logging in
﻿16:10:43 : RCon admin #1 (103.13.101.239:55495) logged in
﻿16:11:27 : Player #0 King Zog (121.45.237.213:61649) connected
﻿16:11:28 : Player #0 King Zog - GUID: ed93afb5a1d7dd12c0848e3817234489 (unverified)
﻿16:11:28 : RCon admin #1: (Global) BEC : Boss Cocky King Zog Connected
﻿16:11:28 : Verified GUID (ed93afb5a1d7dd12c0848e3817234489) of player #0 King Zog
﻿16:11:29 : Status  -> Ok (ed93afb5a1d7dd12c0848e3817234489)
﻿16:13:44 : RCon admin #1: (Global) 1
﻿16:20:44 : RCon admin #1: (Global) This server restarts at 3pm Sydney Time
﻿16:37:47 : Player #0 King Zog disconnected
﻿16:39:57 : Player #0 King Zog (121.45.237.213:61649) connected
﻿16:39:59 : Player #0 King Zog - GUID: ed93afb5a1d7dd12c0848e3817234489 (unverified)
﻿16:40:00 : RCon admin #1: (Global) BEC : Boss Cocky King Zog Connected
﻿16:40:00 : Verified GUID (ed93afb5a1d7dd12c0848e3817234489) of player #0 King Zog
﻿16:40:01 : Status  -> Ok (ed93afb5a1d7dd12c0848e3817234489)
﻿17:43:46 : Lost Connection!
﻿17:43:46 : Closing socket & exiting!
﻿17:52:24 : Reporter account validated ok!
﻿17:52:25 : Rcon client logging in
﻿17:52:25 : RCon admin #1 (103.13.101.239:55309) logged in
﻿17:52:42 : Lost Connection!
﻿17:52:42 : Closing socket & exiting!
﻿17:59:11 : Reporter account validated ok!
﻿17:59:12 : Rcon client logging in
﻿17:59:12 : RCon admin #1 (103.13.101.239:65508) logged in
﻿17:59:30 : Player #0 King Zog (121.45.237.213:61657) connected
﻿17:59:31 : Player #0 King Zog - GUID: ed93afb5a1d7dd12c0848e3817234489 (unverified)
﻿17:59:31 : RCon admin #1: (Global) BEC : Boss Cocky King Zog Connected
﻿17:59:31 : Verified GUID (ed93afb5a1d7dd12c0848e3817234489) of player #0 King Zog
﻿17:59:32 : Status  -> Ok (ed93afb5a1d7dd12c0848e3817234489)
﻿18:02:13 : RCon admin #1: (Global) 1
﻿18:08:54 : Lost Connection!
﻿18:08:54 : Closing socket & exiting!
﻿18:10:35 : Reporter account validated ok!
﻿18:10:36 : Rcon client logging in
﻿18:10:36 : RCon admin #1 (103.13.101.239:57381) logged in
﻿18:12:46 : Player #0 King Zog (121.45.237.213:61657) connected
﻿18:12:47 : Player #0 King Zog - GUID: ed93afb5a1d7dd12c0848e3817234489 (unverified)
﻿18:12:47 : RCon admin #1: (Global) BEC : Boss Cocky King Zog Connected
﻿18:12:48 : Verified GUID (ed93afb5a1d7dd12c0848e3817234489) of player #0 King Zog
﻿18:12:49 : Status  -> Ok (ed93afb5a1d7dd12c0848e3817234489)
﻿18:13:37 : RCon admin #1: (Global) 1
﻿18:16:26 : Player #0 King Zog disconnected
﻿18:20:37 : RCon admin #1: (Global) This server restarts at 3pm Sydney Time
﻿18:20:53 : Lost Connection!
﻿18:20:53 : Closing socket & exiting!
﻿18:24:49 : Reporter account validated ok!
﻿18:24:50 : Rcon client logging in
﻿18:24:50 : RCon admin #1 (103.13.101.239:52721) logged in
﻿18:27:51 : RCon admin #1: (Global) 1
﻿18:28:11 : Player #0 King Zog disconnected
﻿18:34:51 : RCon admin #1: (Global) This server restarts at 3pm Sydney Time
﻿18:48:00 : Lost Connection!
﻿18:48:00 : Closing socket & exiting!
﻿18:49:05 : Reporter account validated ok!
﻿18:49:06 : Rcon client logging in
﻿18:49:06 : RCon admin #1 (103.13.101.239:57334) logged in
﻿18:49:26 : Lost Connection!
﻿18:49:26 : Closing socket & exiting!
﻿18:50:43 : Reporter account validated ok!
﻿18:50:44 : Rcon client logging in
﻿18:50:44 : RCon admin #1 (103.13.101.239:52766) logged in
﻿18:50:45 : Verified GUID (ed93afb5a1d7dd12c0848e3817234489) of player #0 King Zog
﻿18:51:06 : Lost Connection!
﻿18:51:06 : Closing socket & exiting!
﻿18:54:14 : Reporter account validated ok!
﻿18:54:15 : Rcon client logging in
﻿18:54:15 : RCon admin #1 (103.13.101.239:52768) logged in
﻿18:55:24 : Player #0 King Zog (121.45.237.213:61661) connected
﻿18:55:25 : Player #0 King Zog - GUID: ed93afb5a1d7dd12c0848e3817234489 (unverified)
﻿18:55:25 : RCon admin #1: (Global) BEC : Boss Cocky King Zog Connected
﻿18:55:25 : Verified GUID (ed93afb5a1d7dd12c0848e3817234489) of player #0 King Zog
﻿18:55:26 : Status  -> Ok (ed93afb5a1d7dd12c0848e3817234489)
﻿18:57:16 : RCon admin #1: (Global) 1
﻿19:04:16 : RCon admin #1: (Global) This server restarts at 3pm Sydney Time
﻿19:19:51 : Player #0 King Zog disconnected
﻿19:19:56 : Player #0 King Zog (121.45.237.213:61661) connected
﻿19:19:57 : Player #0 King Zog - GUID: ed93afb5a1d7dd12c0848e3817234489 (unverified)
﻿19:19:58 : RCon admin #1: (Global) BEC : Boss Cocky King Zog Connected
﻿19:19:58 : Verified GUID (ed93afb5a1d7dd12c0848e3817234489) of player #0 King Zog
﻿19:20:00 : Status  -> Ok (ed93afb5a1d7dd12c0848e3817234489)
﻿19:20:56 : Player #0 King Zog disconnected
﻿19:25:08 : Player #0 King Zog (121.45.237.213:61661) connected
﻿19:25:09 : Player #0 King Zog - GUID: ed93afb5a1d7dd12c0848e3817234489 (unverified)
﻿19:25:10 : RCon admin #1: (Global) BEC : Boss Cocky King Zog Connected
﻿19:25:10 : Verified GUID (ed93afb5a1d7dd12c0848e3817234489) of player #0 King Zog
﻿19:25:11 : Status  -> Ok (ed93afb5a1d7dd12c0848e3817234489)
﻿19:35:39 : Player #0 King Zog disconnected
﻿20:34:16 : RCon admin #1: (Global) This server restarts at 3pm Sydney Time
﻿22:04:16 : RCon admin #1: (Global) This server restarts at 3pm Sydney Time
﻿23:34:16 : RCon admin #1: (Global) This server restarts at 3pm Sydney Time
﻿23:57:42 : Lost Connection!
﻿23:57:42 : Closing socket & exiting!
﻿23:59:23 : Reporter account validated ok!
﻿23:59:24 : Rcon client logging in
﻿23:59:24 : RCon admin #1 (103.13.101.239:54425) logged in
﻿23:59:55 : Player #0 King Zog (121.45.237.213:61757) connected
﻿23:59:57 : Player #0 King Zog - GUID: ed93afb5a1d7dd12c0848e3817234489 (unverified)
﻿23:59:57 : RCon admin #1: (Global) BEC : Boss Cocky King Zog Connected
﻿23:59:57 : Verified GUID (ed93afb5a1d7dd12c0848e3817234489) of player #0 King Zog
﻿23:59:58 : Status  -> Ok (ed93afb5a1d7dd12c0848e3817234489)
