00:20:43 : RCon admin #1: (Global) This server restarts at 3pm Sydney Time
﻿01:50:43 : RCon admin #1: (Global) This server restarts at 3pm Sydney Time
﻿03:20:43 : RCon admin #1: (Global) This server restarts at 3pm Sydney Time
﻿04:50:43 : RCon admin #1: (Global) This server restarts at 3pm Sydney Time
﻿06:20:43 : RCon admin #1: (Global) This server restarts at 3pm Sydney Time
﻿07:50:43 : RCon admin #1: (Global) This server restarts at 3pm Sydney Time
﻿09:20:43 : RCon admin #1: (Global) This server restarts at 3pm Sydney Time
﻿10:50:43 : RCon admin #1: (Global) This server restarts at 3pm Sydney Time
﻿12:20:43 : RCon admin #1: (Global) This server restarts at 3pm Sydney Time
﻿13:50:43 : RCon admin #1: (Global) This server restarts at 3pm Sydney Time
﻿14:30:00 : RCon admin #1: (Global) This server will restart in 30 minutes
﻿14:45:00 : RCon admin #1: (Global) This server will restart in 15 minutes
﻿14:55:00 : RCon admin #1: (Global) This server will restart in 5 minutes.
﻿15:00:02 : Lost Connection!
﻿15:00:02 : Closing socket & exiting!
﻿20:35:55 : Reporter account validated ok!
﻿20:35:56 : Rcon client logging in
﻿20:35:56 : RCon admin #1 (103.13.101.239:49659) logged in
﻿20:35:56 : Player #0 King Zog - GUID: ed93afb5a1d7dd12c0848e3817234489 (unverified)
﻿20:35:57 : Verified GUID (ed93afb5a1d7dd12c0848e3817234489) of player #0 King Zog
﻿20:35:57 : RCon admin #1: (Global) BEC : Boss Cocky King Zog Connected
﻿20:35:58 : Status  -> Ok (ed93afb5a1d7dd12c0848e3817234489)
﻿20:38:57 : RCon admin #1: (Global) 1
﻿20:43:03 : Player #0 King Zog disconnected
﻿20:45:57 : RCon admin #1: (Global) This server restarts at 3pm Sydney Time
﻿22:06:29 : Player #0 King Zog (121.45.246.222:65004) connected
﻿22:06:30 : Player #0 King Zog disconnected
﻿22:15:23 : RCon admin #2 (103.13.101.239:56037) logged in
﻿22:15:57 : RCon admin #1: (Global) This server restarts at 3pm Sydney Time
﻿22:16:18 : Player #0 King Zog (121.45.246.222:65004) connected
﻿22:16:21 : Player #0 King Zog disconnected
﻿23:19:28 : Reporter account validated ok!
﻿23:19:29 : Rcon client logging in
﻿23:19:29 : RCon admin #2 (103.13.101.239:63816) logged in
﻿23:21:13 : Player #0 King Zog (121.45.246.222:65009) connected
﻿23:21:14 : Player #0 King Zog disconnected
﻿23:21:49 : Lost Connection!
﻿23:21:49 : Closing socket & exiting!
