00:00:05 : Player #0 King Zog (121.45.251.247:62685) connected
﻿00:00:06 : Player #0 King Zog - GUID: ed93afb5a1d7dd12c0848e3817234489 (unverified)
﻿00:00:06 : RCon admin #1: (Global) BEC : Boss Cocky King Zog Connected
﻿00:00:06 : Verified GUID (ed93afb5a1d7dd12c0848e3817234489) of player #0 King Zog
﻿00:00:07 : Status  -> Ok (ed93afb5a1d7dd12c0848e3817234489)
﻿00:02:57 : RCon admin #1: (Global) 1
﻿00:04:43 : Could not connect to BE Master
﻿00:04:43 : Update attempt failed
﻿00:06:39 : Could not connect to BE Master
﻿00:06:39 : Update attempt failed
﻿00:08:36 : Could not connect to BE Master
﻿00:08:36 : Update attempt failed
﻿00:08:51 : Lost Connection!
﻿00:08:51 : Closing socket & exiting!
﻿00:09:14 : Reporter account validated ok!
﻿00:09:16 : Rcon client logging in
﻿00:09:16 : RCon admin #1 (103.13.101.239:64055) logged in
﻿00:09:29 : Player #0 King Zog (121.45.251.247:62685) connected
﻿00:09:30 : Player #0 King Zog - GUID: ed93afb5a1d7dd12c0848e3817234489 (unverified)
﻿00:09:30 : RCon admin #1: (Global) BEC : Boss Cocky King Zog Connected
﻿00:09:30 : Verified GUID (ed93afb5a1d7dd12c0848e3817234489) of player #0 King Zog
﻿00:09:31 : Could not connect to BE Master
﻿00:09:31 : Update attempt failed
﻿00:09:31 : Status  -> Ok (ed93afb5a1d7dd12c0848e3817234489)
﻿00:11:28 : Could not connect to BE Master
﻿00:11:28 : Update attempt failed
﻿00:12:25 : RCon admin #1: (Global) 1
﻿00:13:30 : Could not connect to BE Master
﻿00:13:32 : Update attempt failed
﻿00:15:12 : Lost Connection!
﻿00:15:12 : Closing socket & exiting!
﻿00:20:02 : Reporter account validated ok!
﻿00:20:03 : Rcon client logging in
﻿00:20:03 : RCon admin #1 (103.13.101.239:60657) logged in
﻿00:20:11 : Player #0 King Zog (121.45.251.247:62688) connected
﻿00:20:12 : Player #0 King Zog - GUID: ed93afb5a1d7dd12c0848e3817234489 (unverified)
﻿00:20:12 : RCon admin #1: (Global) BEC : Boss Cocky King Zog Connected
﻿00:20:12 : Verified GUID (ed93afb5a1d7dd12c0848e3817234489) of player #0 King Zog
﻿00:20:13 : Could not connect to BE Master
﻿00:20:13 : Update attempt failed
﻿00:20:13 : Status  -> Ok (ed93afb5a1d7dd12c0848e3817234489)
﻿00:20:47 : Lost Connection!
﻿00:20:47 : Closing socket & exiting!
﻿00:22:34 : Reporter account validated ok!
﻿00:22:35 : Rcon client logging in
﻿00:22:35 : RCon admin #1 (103.13.101.239:56649) logged in
﻿00:22:39 : Player #0 King Zog (121.45.251.247:62688) connected
﻿00:22:40 : Player #0 King Zog - GUID: ed93afb5a1d7dd12c0848e3817234489 (unverified)
﻿00:22:40 : RCon admin #1: (Global) BEC : Boss Cocky King Zog Connected
﻿00:22:40 : Verified GUID (ed93afb5a1d7dd12c0848e3817234489) of player #0 King Zog
﻿00:22:41 : Could not connect to BE Master
﻿00:22:41 : Update attempt failed
﻿00:22:41 : Status  -> Ok (ed93afb5a1d7dd12c0848e3817234489)
﻿00:24:35 : No Valid response. Trying to reconnect.!
﻿00:24:35 : Rcon client logging in
﻿00:24:35 : RCon admin #0 (103.13.101.239:56649) logged in
﻿00:25:35 : RCon admin #0: (Global) 1
﻿00:25:59 : Reporter account validated ok!
﻿00:26:00 : Rcon client logging in
﻿00:26:00 : RCon admin #1 (103.13.101.239:58121) logged in
﻿00:26:59 : Player #0 King Zog (121.45.251.247:62688) connected
﻿00:27:01 : Player #0 King Zog - GUID: ed93afb5a1d7dd12c0848e3817234489 (unverified)
﻿00:27:01 : RCon admin #1: (Global) BEC : Boss Cocky King Zog Connected
﻿00:27:01 : Verified GUID (ed93afb5a1d7dd12c0848e3817234489) of player #0 King Zog
﻿00:27:01 : Could not connect to BE Master
﻿00:27:01 : Update attempt failed
﻿00:27:02 : Status  -> Ok (ed93afb5a1d7dd12c0848e3817234489)
﻿00:29:07 : RCon admin #1: (Global) 1
﻿00:29:12 : Could not connect to BE Master
﻿00:29:17 : Update attempt failed
﻿00:30:59 : Could not connect to BE Master
﻿00:30:59 : Update attempt failed
﻿00:32:56 : Could not connect to BE Master
﻿00:32:56 : Update attempt failed
﻿00:34:52 : Could not connect to BE Master
﻿00:34:52 : Update attempt failed
﻿00:36:21 : Reporter account validated ok!
﻿00:36:22 : Rcon client logging in
﻿00:36:22 : RCon admin #1 (103.13.101.239:52134) logged in
﻿00:36:38 : Player #0 King Zog (121.45.251.247:62688) connected
﻿00:36:39 : Player #0 King Zog - GUID: ed93afb5a1d7dd12c0848e3817234489 (unverified)
﻿00:36:39 : RCon admin #1: (Global) BEC : Boss Cocky King Zog Connected
﻿00:36:39 : Verified GUID (ed93afb5a1d7dd12c0848e3817234489) of player #0 King Zog
﻿00:36:40 : Could not connect to BE Master
﻿00:36:40 : Update attempt failed
﻿00:36:40 : Status  -> Ok (ed93afb5a1d7dd12c0848e3817234489)
﻿00:38:41 : No Valid response. Trying to reconnect.!
﻿00:38:41 : Rcon client logging in
﻿00:38:41 : RCon admin #0 (103.13.101.239:52134) logged in
﻿00:39:23 : RCon admin #0: (Global) 1
﻿00:42:51 : Reporter account validated ok!
﻿00:42:52 : Rcon client logging in
﻿00:42:52 : RCon admin #1 (103.13.101.239:55172) logged in
﻿00:43:47 : Player #0 King Zog (121.45.251.247:62688) connected
﻿00:43:48 : Player #0 King Zog - GUID: ed93afb5a1d7dd12c0848e3817234489 (unverified)
﻿00:43:48 : RCon admin #1: (Global) BEC : Boss Cocky King Zog Connected
﻿00:43:48 : Verified GUID (ed93afb5a1d7dd12c0848e3817234489) of player #0 King Zog
﻿00:43:49 : Could not connect to BE Master
﻿00:43:49 : Update attempt failed
﻿00:43:49 : Status  -> Ok (ed93afb5a1d7dd12c0848e3817234489)
﻿00:44:20 : Lost Connection!
﻿00:44:20 : Closing socket & exiting!
﻿00:45:13 : Reporter account validated ok!
﻿00:45:14 : Rcon client logging in
﻿00:45:14 : RCon admin #1 (103.13.101.239:60906) logged in
﻿00:45:21 : Player #0 King Zog (121.45.251.247:62688) connected
﻿00:45:22 : Player #0 King Zog - GUID: ed93afb5a1d7dd12c0848e3817234489 (unverified)
﻿00:45:22 : RCon admin #1: (Global) BEC : Boss Cocky King Zog Connected
﻿00:45:23 : Verified GUID (ed93afb5a1d7dd12c0848e3817234489) of player #0 King Zog
﻿00:45:23 : Could not connect to BE Master
﻿00:45:23 : Update attempt failed
﻿00:45:24 : Status  -> Ok (ed93afb5a1d7dd12c0848e3817234489)
﻿00:45:43 : Lost Connection!
﻿00:45:43 : Closing socket & exiting!
﻿00:49:20 : Reporter account validated ok!
﻿00:49:21 : Rcon client logging in
﻿00:49:21 : RCon admin #1 (103.13.101.239:55601) logged in
﻿00:49:41 : Player #0 King Zog (121.45.251.247:62688) connected
﻿00:49:43 : Player #0 King Zog - GUID: ed93afb5a1d7dd12c0848e3817234489 (unverified)
﻿00:49:43 : RCon admin #1: (Global) BEC : Boss Cocky King Zog Connected
﻿00:49:43 : Verified GUID (ed93afb5a1d7dd12c0848e3817234489) of player #0 King Zog
﻿00:49:44 : Status  -> Ok (ed93afb5a1d7dd12c0848e3817234489)
﻿00:50:02 : Could not connect to BE Master
﻿00:50:02 : Update attempt failed
﻿00:51:59 : Could not connect to BE Master
﻿00:51:59 : Update attempt failed
﻿00:52:22 : RCon admin #1: (Global) 1
﻿00:53:56 : Could not connect to BE Master
﻿00:53:56 : Update attempt failed
﻿00:55:53 : Could not connect to BE Master
﻿00:55:53 : Update attempt failed
﻿00:57:50 : Could not connect to BE Master
﻿00:57:50 : Update attempt failed
﻿00:59:22 : RCon admin #1: (Global) This server restarts at 3pm Sydney Time
﻿00:59:47 : Could not connect to BE Master
﻿00:59:47 : Update attempt failed
﻿01:01:43 : Could not connect to BE Master
﻿01:01:43 : Update attempt failed
﻿01:03:40 : Could not connect to BE Master
﻿01:03:40 : Update attempt failed
﻿01:05:37 : Could not connect to BE Master
﻿01:05:37 : Update attempt failed
﻿01:07:34 : Could not connect to BE Master
﻿01:07:34 : Update attempt failed
﻿01:09:31 : Could not connect to BE Master
﻿01:09:31 : Update attempt failed
﻿01:11:28 : Could not connect to BE Master
﻿01:11:28 : Update attempt failed
﻿01:13:25 : Could not connect to BE Master
﻿01:13:25 : Update attempt failed
﻿01:14:02 : Reporter account validated ok!
﻿01:14:03 : Rcon client logging in
﻿01:14:03 : RCon admin #1 (103.13.101.239:60971) logged in
﻿01:14:13 : Player #0 King Zog (121.45.251.247:62688) connected
﻿01:14:15 : Player #0 King Zog - GUID: ed93afb5a1d7dd12c0848e3817234489 (unverified)
﻿01:14:15 : RCon admin #1: (Global) BEC : Boss Cocky King Zog Connected
﻿01:14:15 : Could not connect to BE Master
﻿01:14:15 : Update attempt failed
﻿01:14:15 : Verified GUID (ed93afb5a1d7dd12c0848e3817234489) of player #0 King Zog
﻿01:14:16 : Status  -> Ok (ed93afb5a1d7dd12c0848e3817234489)
﻿01:16:12 : Could not connect to BE Master
﻿01:16:12 : Update attempt failed
﻿01:17:04 : RCon admin #1: (Global) 1
﻿01:18:09 : Could not connect to BE Master
﻿01:18:09 : Update attempt failed
﻿01:20:06 : Could not connect to BE Master
﻿01:20:06 : Update attempt failed
﻿01:22:03 : Could not connect to BE Master
﻿01:22:03 : Update attempt failed
﻿01:23:59 : Could not connect to BE Master
﻿01:23:59 : Update attempt failed
﻿01:24:04 : RCon admin #1: (Global) This server restarts at 3pm Sydney Time
﻿01:25:56 : Could not connect to BE Master
﻿01:25:56 : Update attempt failed
﻿01:26:01 : Player #0 King Zog disconnected
﻿01:27:30 : Player #0 King Zog (121.45.251.247:62688) connected
﻿01:27:31 : Player #0 King Zog - GUID: ed93afb5a1d7dd12c0848e3817234489 (unverified)
﻿01:27:31 : RCon admin #1: (Global) BEC : Boss Cocky King Zog Connected
﻿01:27:31 : Verified GUID (ed93afb5a1d7dd12c0848e3817234489) of player #0 King Zog
﻿01:27:32 : Status  -> Ok (ed93afb5a1d7dd12c0848e3817234489)
﻿01:27:53 : Could not connect to BE Master
﻿01:27:53 : Update attempt failed
﻿01:29:50 : Could not connect to BE Master
﻿01:29:50 : Update attempt failed
﻿01:31:47 : Could not connect to BE Master
﻿01:31:47 : Update attempt failed
﻿01:33:44 : Could not connect to BE Master
﻿01:33:44 : Update attempt failed
﻿01:35:41 : Could not connect to BE Master
﻿01:35:41 : Update attempt failed
﻿01:36:42 : Lost Connection!
﻿01:36:42 : Closing socket & exiting!
﻿01:37:07 : Reporter account validated ok!
﻿01:37:08 : Rcon client logging in
﻿01:37:08 : RCon admin #1 (103.13.101.239:56256) logged in
﻿01:37:56 : Player #0 King Zog (121.45.251.247:62694) connected
﻿01:37:58 : Player #0 King Zog - GUID: ed93afb5a1d7dd12c0848e3817234489 (unverified)
﻿01:37:58 : RCon admin #1: (Global) BEC : Boss Cocky King Zog Connected
﻿01:37:58 : Verified GUID (ed93afb5a1d7dd12c0848e3817234489) of player #0 King Zog
﻿01:37:58 : Could not connect to BE Master
﻿01:37:58 : Update attempt failed
﻿01:37:59 : Status  -> Ok (ed93afb5a1d7dd12c0848e3817234489)
﻿01:39:55 : Could not connect to BE Master
﻿01:39:55 : Update attempt failed
﻿01:40:09 : RCon admin #1: (Global) 1
﻿01:41:52 : Could not connect to BE Master
﻿01:41:52 : Update attempt failed
﻿01:43:49 : Could not connect to BE Master
﻿01:43:49 : Update attempt failed
﻿01:45:46 : Could not connect to BE Master
﻿01:45:46 : Update attempt failed
﻿01:47:09 : RCon admin #1: (Global) This server restarts at 3pm Sydney Time
﻿01:47:43 : Could not connect to BE Master
﻿01:47:43 : Update attempt failed
﻿01:49:40 : Could not connect to BE Master
﻿01:49:40 : Update attempt failed
﻿01:51:37 : Could not connect to BE Master
﻿01:51:37 : Update attempt failed
﻿01:53:33 : Could not connect to BE Master
﻿01:53:33 : Update attempt failed
﻿01:55:30 : Could not connect to BE Master
﻿01:55:30 : Update attempt failed
﻿01:57:27 : Could not connect to BE Master
﻿01:57:27 : Update attempt failed
﻿01:59:24 : Could not connect to BE Master
﻿01:59:24 : Update attempt failed
﻿02:01:21 : Could not connect to BE Master
﻿02:01:21 : Update attempt failed
﻿02:03:18 : Could not connect to BE Master
﻿02:03:18 : Update attempt failed
﻿02:05:15 : Could not connect to BE Master
﻿02:05:15 : Update attempt failed
﻿02:07:12 : Could not connect to BE Master
﻿02:07:12 : Update attempt failed
﻿02:07:42 : Player #0 King Zog (ed93afb5a1d7dd12c0848e3817234489) has been kicked by BattlEye: CreateVehicle Restriction #8
﻿02:14:44 : Lost Connection!
﻿02:14:44 : Closing socket & exiting!
﻿02:15:06 : Reporter account validated ok!
﻿02:15:07 : Rcon client logging in
﻿02:15:07 : RCon admin #1 (103.13.101.239:55187) logged in
﻿02:16:00 : Player #0 King Zog (121.45.251.247:62696) connected
﻿02:16:01 : Player #0 King Zog - GUID: ed93afb5a1d7dd12c0848e3817234489 (unverified)
﻿02:16:02 : RCon admin #1: (Global) BEC : Boss Cocky King Zog Connected
﻿02:16:02 : Verified GUID (ed93afb5a1d7dd12c0848e3817234489) of player #0 King Zog
﻿02:16:02 : Could not connect to BE Master
﻿02:16:02 : Update attempt failed
﻿02:16:03 : Status  -> Ok (ed93afb5a1d7dd12c0848e3817234489)
﻿02:17:59 : Could not connect to BE Master
﻿02:17:59 : Update attempt failed
﻿02:18:08 : RCon admin #1: (Global) 1
﻿02:19:11 : Player #0 King Zog disconnected
﻿02:21:30 : Player #0 King Zog (121.45.251.247:62696) connected
﻿02:21:31 : Player #0 King Zog - GUID: ed93afb5a1d7dd12c0848e3817234489 (unverified)
﻿02:21:31 : RCon admin #1: (Global) BEC : Boss Cocky King Zog Connected
﻿02:21:31 : Verified GUID (ed93afb5a1d7dd12c0848e3817234489) of player #0 King Zog
﻿02:21:32 : Could not connect to BE Master
﻿02:21:32 : Update attempt failed
﻿02:21:32 : Status  -> Ok (ed93afb5a1d7dd12c0848e3817234489)
﻿02:23:28 : Could not connect to BE Master
﻿02:23:28 : Update attempt failed
﻿02:25:08 : RCon admin #1: (Global) This server restarts at 3pm Sydney Time
﻿02:25:25 : Could not connect to BE Master
﻿02:25:25 : Update attempt failed
﻿02:27:22 : Could not connect to BE Master
﻿02:27:22 : Update attempt failed
﻿02:28:55 : Player #0 King Zog disconnected
﻿02:29:00 : Player #0 King Zog (121.45.251.247:62696) connected
﻿02:29:01 : Player #0 King Zog - GUID: ed93afb5a1d7dd12c0848e3817234489 (unverified)
﻿02:29:02 : RCon admin #1: (Global) BEC : Boss Cocky King Zog Connected
﻿02:29:02 : Verified GUID (ed93afb5a1d7dd12c0848e3817234489) of player #0 King Zog
﻿02:29:03 : Status  -> Ok (ed93afb5a1d7dd12c0848e3817234489)
﻿02:29:19 : Could not connect to BE Master
﻿02:29:19 : Update attempt failed
﻿02:31:16 : Could not connect to BE Master
﻿02:31:16 : Update attempt failed
﻿02:33:13 : Could not connect to BE Master
﻿02:33:13 : Update attempt failed
﻿02:35:10 : Could not connect to BE Master
﻿02:35:10 : Update attempt failed
﻿02:37:07 : Could not connect to BE Master
﻿02:37:07 : Update attempt failed
﻿02:39:03 : Could not connect to BE Master
﻿02:39:04 : Update attempt failed
﻿02:41:00 : Could not connect to BE Master
﻿02:41:00 : Update attempt failed
﻿02:42:57 : Could not connect to BE Master
﻿02:42:57 : Update attempt failed
﻿02:44:54 : Could not connect to BE Master
﻿02:44:54 : Update attempt failed
﻿02:46:51 : Could not connect to BE Master
﻿02:46:51 : Update attempt failed
﻿02:48:48 : Could not connect to BE Master
﻿02:48:48 : Update attempt failed
﻿02:50:45 : Could not connect to BE Master
﻿02:50:45 : Update attempt failed
﻿02:52:42 : Could not connect to BE Master
﻿02:52:42 : Update attempt failed
﻿02:52:56 : Player #0 King Zog disconnected
﻿03:55:08 : RCon admin #1: (Global) This server restarts at 3pm Sydney Time
﻿05:25:08 : RCon admin #1: (Global) This server restarts at 3pm Sydney Time
﻿06:55:08 : RCon admin #1: (Global) This server restarts at 3pm Sydney Time
﻿08:25:08 : RCon admin #1: (Global) This server restarts at 3pm Sydney Time
﻿09:55:08 : RCon admin #1: (Global) This server restarts at 3pm Sydney Time
﻿11:25:08 : RCon admin #1: (Global) This server restarts at 3pm Sydney Time
﻿12:55:08 : RCon admin #1: (Global) This server restarts at 3pm Sydney Time
﻿14:25:08 : RCon admin #1: (Global) This server restarts at 3pm Sydney Time
﻿14:30:00 : RCon admin #1: (Global) This server will restart in 30 minutes
﻿14:45:00 : RCon admin #1: (Global) This server will restart in 15 minutes
﻿14:55:00 : RCon admin #1: (Global) This server will restart in 5 minutes.
﻿15:00:03 : Lost Connection!
﻿15:00:03 : Closing socket & exiting!
﻿18:01:06 : Reporter account validated ok!
﻿18:01:07 : Rcon client logging in
﻿18:01:07 : RCon admin #1 (103.13.101.239:51298) logged in
﻿18:01:08 : Player #0 King Zog - GUID: ed93afb5a1d7dd12c0848e3817234489 (unverified)
﻿18:01:08 : Verified GUID (ed93afb5a1d7dd12c0848e3817234489) of player #0 King Zog
﻿18:01:08 : RCon admin #1: (Global) BEC : Boss Cocky King Zog Connected
﻿18:01:09 : Status  -> Ok (ed93afb5a1d7dd12c0848e3817234489)
﻿18:03:04 : Could not connect to BE Master
﻿18:03:04 : Update attempt failed
﻿18:04:08 : RCon admin #1: (Global) 1
﻿18:05:01 : Could not connect to BE Master
﻿18:05:01 : Update attempt failed
﻿18:06:58 : Could not connect to BE Master
﻿18:06:58 : Update attempt failed
﻿18:08:55 : Could not connect to BE Master
﻿18:08:55 : Update attempt failed
﻿18:10:52 : Could not connect to BE Master
﻿18:10:52 : Update attempt failed
﻿18:11:08 : RCon admin #1: (Global) This server restarts at 3pm Sydney Time
﻿18:12:49 : Could not connect to BE Master
﻿18:12:49 : Update attempt failed
﻿18:14:45 : Could not connect to BE Master
﻿18:14:46 : Update attempt failed
﻿18:16:42 : Could not connect to BE Master
﻿18:16:42 : Update attempt failed
﻿18:18:39 : Could not connect to BE Master
﻿18:18:39 : Update attempt failed
﻿18:20:36 : Could not connect to BE Master
﻿18:20:36 : Update attempt failed
﻿18:22:45 : Could not connect to BE Master
﻿18:22:45 : Update attempt failed
﻿18:24:42 : Could not connect to BE Master
﻿18:24:42 : Update attempt failed
﻿18:26:38 : Could not connect to BE Master
﻿18:26:39 : Update attempt failed
﻿18:28:35 : Could not connect to BE Master
﻿18:28:35 : Update attempt failed
﻿18:30:32 : Could not connect to BE Master
﻿18:30:32 : Update attempt failed
﻿18:32:29 : Could not connect to BE Master
﻿18:32:29 : Update attempt failed
﻿18:34:26 : Could not connect to BE Master
﻿18:34:26 : Update attempt failed
﻿18:36:23 : Could not connect to BE Master
﻿18:36:23 : Update attempt failed
﻿18:38:20 : Could not connect to BE Master
﻿18:38:20 : Update attempt failed
﻿18:40:17 : Could not connect to BE Master
﻿18:40:17 : Update attempt failed
﻿18:42:14 : Could not connect to BE Master
﻿18:42:14 : Update attempt failed
﻿18:44:10 : Could not connect to BE Master
﻿18:44:10 : Update attempt failed
﻿18:46:07 : Could not connect to BE Master
﻿18:46:07 : Update attempt failed
﻿18:48:04 : Could not connect to BE Master
﻿18:48:04 : Update attempt failed
﻿18:50:01 : Could not connect to BE Master
﻿18:50:01 : Update attempt failed
﻿18:51:58 : Could not connect to BE Master
﻿18:51:58 : Update attempt failed
﻿18:53:55 : Could not connect to BE Master
﻿18:53:55 : Update attempt failed
﻿18:55:52 : Could not connect to BE Master
﻿18:55:52 : Update attempt failed
﻿18:57:49 : Could not connect to BE Master
﻿18:57:49 : Update attempt failed
﻿18:59:45 : Could not connect to BE Master
﻿18:59:45 : Update attempt failed
﻿19:01:42 : Could not connect to BE Master
﻿19:01:42 : Update attempt failed
﻿19:03:39 : Could not connect to BE Master
﻿19:03:39 : Update attempt failed
﻿19:05:36 : Could not connect to BE Master
﻿19:05:36 : Update attempt failed
﻿19:07:33 : Could not connect to BE Master
﻿19:07:33 : Update attempt failed
﻿19:09:30 : Could not connect to BE Master
﻿19:09:30 : Update attempt failed
﻿19:11:27 : Could not connect to BE Master
﻿19:11:27 : Update attempt failed
﻿19:13:24 : Could not connect to BE Master
﻿19:13:24 : Update attempt failed
﻿19:15:20 : Could not connect to BE Master
﻿19:15:20 : Update attempt failed
﻿19:17:17 : Could not connect to BE Master
﻿19:17:17 : Update attempt failed
﻿19:19:14 : Could not connect to BE Master
﻿19:19:14 : Update attempt failed
﻿19:21:11 : Could not connect to BE Master
﻿19:21:11 : Update attempt failed
﻿19:23:08 : Could not connect to BE Master
﻿19:23:08 : Update attempt failed
﻿19:25:05 : Could not connect to BE Master
﻿19:25:05 : Update attempt failed
﻿19:27:02 : Could not connect to BE Master
﻿19:27:02 : Update attempt failed
﻿19:28:59 : Could not connect to BE Master
﻿19:28:59 : Update attempt failed
﻿19:30:56 : Could not connect to BE Master
﻿19:30:56 : Update attempt failed
﻿19:32:52 : Could not connect to BE Master
﻿19:32:52 : Update attempt failed
﻿19:34:49 : Could not connect to BE Master
﻿19:34:49 : Update attempt failed
﻿19:36:46 : Could not connect to BE Master
﻿19:36:46 : Update attempt failed
﻿19:38:43 : Could not connect to BE Master
﻿19:38:43 : Update attempt failed
﻿19:40:40 : Could not connect to BE Master
﻿19:40:40 : Update attempt failed
﻿19:41:08 : RCon admin #1: (Global) This server restarts at 3pm Sydney Time
﻿19:42:37 : Could not connect to BE Master
﻿19:42:37 : Update attempt failed
﻿19:44:34 : Could not connect to BE Master
﻿19:44:34 : Update attempt failed
﻿19:46:31 : Could not connect to BE Master
﻿19:46:31 : Update attempt failed
﻿19:48:27 : Could not connect to BE Master
﻿19:48:27 : Update attempt failed
﻿19:50:24 : Could not connect to BE Master
﻿19:50:24 : Update attempt failed
﻿19:52:21 : Could not connect to BE Master
﻿19:52:21 : Update attempt failed
﻿19:54:18 : Could not connect to BE Master
﻿19:54:18 : Update attempt failed
﻿19:56:15 : Could not connect to BE Master
﻿19:56:15 : Update attempt failed
﻿19:58:12 : Could not connect to BE Master
﻿19:58:12 : Update attempt failed
﻿20:00:09 : Could not connect to BE Master
﻿20:00:09 : Update attempt failed
﻿20:02:06 : Could not connect to BE Master
﻿20:02:06 : Update attempt failed
﻿20:04:03 : Could not connect to BE Master
﻿20:04:03 : Update attempt failed
﻿20:05:59 : Could not connect to BE Master
﻿20:05:59 : Update attempt failed
﻿20:07:56 : Could not connect to BE Master
﻿20:07:56 : Update attempt failed
﻿20:09:53 : Could not connect to BE Master
﻿20:09:53 : Update attempt failed
﻿20:11:12 : Lost Connection!
﻿20:11:12 : Closing socket & exiting!
﻿20:21:44 : Reporter account validated ok!
﻿20:21:45 : Rcon client logging in
﻿20:21:45 : RCon admin #1 (103.13.101.239:54241) logged in
﻿20:21:46 : Could not connect to BE Master
﻿20:21:46 : Update attempt failed
﻿20:23:43 : Could not connect to BE Master
﻿20:23:43 : Update attempt failed
﻿20:24:46 : RCon admin #1: (Global) 1
﻿20:25:39 : Could not connect to BE Master
﻿20:25:39 : Update attempt failed
﻿20:26:03 : Lost Connection!
﻿20:26:03 : Closing socket & exiting!
﻿20:26:29 : Reporter account validated ok!
﻿20:26:30 : Rcon client logging in
﻿20:26:30 : RCon admin #1 (103.13.101.239:55253) logged in
﻿20:28:27 : Could not connect to BE Master
﻿20:28:27 : Update attempt failed
﻿20:29:31 : RCon admin #1: (Global) 1
﻿20:30:24 : Could not connect to BE Master
﻿20:30:24 : Update attempt failed
﻿20:32:21 : Could not connect to BE Master
﻿20:32:21 : Update attempt failed
﻿20:34:18 : Could not connect to BE Master
﻿20:34:18 : Update attempt failed
﻿20:36:15 : Could not connect to BE Master
﻿20:36:15 : Update attempt failed
﻿20:36:31 : RCon admin #1: (Global) This server restarts at 3pm Sydney Time
﻿20:38:12 : Could not connect to BE Master
﻿20:38:12 : Update attempt failed
﻿20:40:08 : Could not connect to BE Master
﻿20:40:08 : Update attempt failed
﻿20:42:05 : Could not connect to BE Master
﻿20:42:05 : Update attempt failed
﻿20:44:02 : Could not connect to BE Master
﻿20:44:02 : Update attempt failed
﻿20:45:59 : Could not connect to BE Master
﻿20:45:59 : Update attempt failed
﻿20:47:56 : Could not connect to BE Master
﻿20:47:56 : Update attempt failed
﻿20:49:53 : Could not connect to BE Master
﻿20:49:53 : Update attempt failed
﻿20:51:50 : Could not connect to BE Master
﻿20:51:50 : Update attempt failed
﻿20:53:46 : Could not connect to BE Master
﻿20:53:47 : Update attempt failed
﻿20:55:43 : Could not connect to BE Master
﻿20:55:43 : Update attempt failed
﻿20:57:40 : Could not connect to BE Master
﻿20:57:40 : Update attempt failed
﻿20:59:37 : Could not connect to BE Master
﻿20:59:37 : Update attempt failed
﻿21:01:34 : Could not connect to BE Master
﻿21:01:34 : Update attempt failed
﻿21:03:31 : Could not connect to BE Master
﻿21:03:31 : Update attempt failed
﻿21:05:28 : Could not connect to BE Master
﻿21:05:28 : Update attempt failed
﻿21:07:25 : Could not connect to BE Master
﻿21:07:25 : Update attempt failed
﻿21:09:22 : Could not connect to BE Master
﻿21:09:22 : Update attempt failed
﻿21:11:18 : Could not connect to BE Master
﻿21:11:18 : Update attempt failed
﻿21:13:15 : Could not connect to BE Master
﻿21:13:15 : Update attempt failed
﻿21:15:12 : Could not connect to BE Master
﻿21:15:12 : Update attempt failed
﻿21:17:09 : Could not connect to BE Master
﻿21:17:09 : Update attempt failed
﻿21:19:06 : Could not connect to BE Master
﻿21:19:06 : Update attempt failed
﻿21:21:03 : Could not connect to BE Master
﻿21:21:03 : Update attempt failed
﻿21:23:00 : Could not connect to BE Master
﻿21:23:00 : Update attempt failed
﻿21:24:57 : Could not connect to BE Master
﻿21:24:57 : Update attempt failed
﻿21:26:53 : Could not connect to BE Master
﻿21:26:53 : Update attempt failed
﻿21:28:50 : Could not connect to BE Master
﻿21:28:50 : Update attempt failed
﻿21:30:47 : Could not connect to BE Master
﻿21:30:47 : Update attempt failed
﻿21:32:44 : Could not connect to BE Master
﻿21:32:44 : Update attempt failed
﻿21:34:41 : Could not connect to BE Master
﻿21:34:41 : Update attempt failed
﻿21:36:38 : Could not connect to BE Master
﻿21:36:38 : Update attempt failed
﻿21:38:35 : Could not connect to BE Master
﻿21:38:35 : Update attempt failed
﻿21:40:32 : Could not connect to BE Master
﻿21:40:32 : Update attempt failed
﻿21:42:29 : Could not connect to BE Master
﻿21:42:29 : Update attempt failed
﻿21:44:25 : Could not connect to BE Master
﻿21:44:25 : Update attempt failed
﻿21:46:22 : Could not connect to BE Master
﻿21:46:22 : Update attempt failed
﻿21:48:19 : Could not connect to BE Master
﻿21:48:19 : Update attempt failed
﻿21:50:16 : Could not connect to BE Master
﻿21:50:16 : Update attempt failed
﻿21:52:13 : Could not connect to BE Master
﻿21:52:13 : Update attempt failed
﻿21:54:10 : Could not connect to BE Master
﻿21:54:10 : Update attempt failed
﻿21:56:07 : Could not connect to BE Master
﻿21:56:07 : Update attempt failed
﻿21:58:04 : Could not connect to BE Master
﻿21:58:04 : Update attempt failed
﻿22:00:01 : Could not connect to BE Master
﻿22:00:01 : Update attempt failed
﻿22:01:57 : Could not connect to BE Master
﻿22:01:57 : Update attempt failed
﻿22:03:54 : Could not connect to BE Master
﻿22:03:54 : Update attempt failed
﻿22:05:51 : Could not connect to BE Master
﻿22:05:51 : Update attempt failed
﻿22:06:31 : RCon admin #1: (Global) This server restarts at 3pm Sydney Time
﻿22:07:48 : Could not connect to BE Master
﻿22:07:48 : Update attempt failed
﻿22:09:45 : Could not connect to BE Master
﻿22:09:45 : Update attempt failed
﻿22:11:42 : Could not connect to BE Master
﻿22:11:42 : Update attempt failed
﻿22:13:39 : Could not connect to BE Master
﻿22:13:39 : Update attempt failed
﻿22:15:36 : Could not connect to BE Master
﻿22:15:36 : Update attempt failed
﻿22:17:33 : Could not connect to BE Master
﻿22:17:33 : Update attempt failed
﻿22:19:29 : Could not connect to BE Master
﻿22:19:29 : Update attempt failed
﻿22:21:26 : Could not connect to BE Master
﻿22:21:26 : Update attempt failed
﻿22:24:18 : No Valid response. Trying to reconnect.!
﻿22:24:18 : Rcon client logging in
﻿22:24:18 : RCon admin #1 (103.13.101.239:55253) logged in
﻿22:25:20 : Could not connect to BE Master
﻿22:25:20 : Update attempt failed
﻿22:27:17 : Could not connect to BE Master
﻿22:27:17 : Update attempt failed
﻿22:29:14 : Could not connect to BE Master
﻿22:29:14 : Update attempt failed
﻿22:31:11 : Could not connect to BE Master
﻿22:31:11 : Update attempt failed
﻿22:33:08 : Could not connect to BE Master
﻿22:33:08 : Update attempt failed
﻿22:35:04 : Could not connect to BE Master
﻿22:35:04 : Update attempt failed
﻿22:37:01 : Could not connect to BE Master
﻿22:37:01 : Update attempt failed
﻿22:38:58 : Could not connect to BE Master
﻿22:38:58 : Update attempt failed
﻿22:40:55 : Could not connect to BE Master
﻿22:40:55 : Update attempt failed
﻿22:42:52 : Could not connect to BE Master
﻿22:42:52 : Update attempt failed
﻿22:44:49 : Could not connect to BE Master
﻿22:44:49 : Update attempt failed
﻿22:46:46 : Could not connect to BE Master
﻿22:46:46 : Update attempt failed
﻿22:48:43 : Could not connect to BE Master
﻿22:48:43 : Update attempt failed
﻿22:50:39 : Could not connect to BE Master
﻿22:50:40 : Update attempt failed
﻿22:52:36 : Could not connect to BE Master
﻿22:52:36 : Update attempt failed
﻿22:54:33 : Could not connect to BE Master
﻿22:54:33 : Update attempt failed
﻿22:56:30 : Could not connect to BE Master
﻿22:56:30 : Update attempt failed
﻿22:58:27 : Could not connect to BE Master
﻿22:58:27 : Update attempt failed
﻿23:00:24 : Could not connect to BE Master
﻿23:00:24 : Update attempt failed
﻿23:02:21 : Could not connect to BE Master
﻿23:02:21 : Update attempt failed
﻿23:04:18 : Could not connect to BE Master
﻿23:04:18 : Update attempt failed
﻿23:05:13 : Lost Connection!
﻿23:05:13 : Closing socket & exiting!
﻿23:08:23 : Reporter account validated ok!
﻿23:08:24 : Rcon client logging in
﻿23:08:24 : RCon admin #1 (103.13.101.239:52614) logged in
﻿23:11:25 : RCon admin #1: (Global) 1
﻿23:18:25 : RCon admin #1: (Global) This server restarts at 3pm Sydney Time
﻿23:27:27 : Player #0 King Zog (121.45.255.96:62869) connected
﻿23:27:28 : Player #0 King Zog - GUID: ed93afb5a1d7dd12c0848e3817234489 (unverified)
﻿23:27:28 : RCon admin #1: (Global) BEC : Boss Cocky King Zog Connected
﻿23:27:28 : Verified GUID (ed93afb5a1d7dd12c0848e3817234489) of player #0 King Zog
﻿23:27:29 : Could not connect to BE Master
﻿23:27:29 : Update attempt failed
﻿23:27:30 : Status  -> Ok (ed93afb5a1d7dd12c0848e3817234489)
﻿23:39:52 : Reporter account validated ok!
﻿23:39:53 : Rcon client logging in
﻿23:39:54 : RCon admin #1 (103.13.101.239:55586) logged in
﻿23:40:07 : Player #0 King Zog (121.45.255.96:63649) connected
﻿23:40:08 : Player #0 King Zog - GUID: ed93afb5a1d7dd12c0848e3817234489 (unverified)
﻿23:40:08 : RCon admin #1: (Global) BEC : Boss Cocky King Zog Connected
﻿23:40:08 : Verified GUID (ed93afb5a1d7dd12c0848e3817234489) of player #0 King Zog
﻿23:40:09 : Could not connect to BE Master
﻿23:40:09 : Update attempt failed
﻿23:40:09 : Status  -> Ok (ed93afb5a1d7dd12c0848e3817234489)
﻿23:42:21 : Could not connect to BE Master
﻿23:42:27 : Update attempt failed
﻿23:42:49 : Reporter account validated ok!
﻿23:42:50 : Rcon client logging in
﻿23:42:50 : RCon admin #1 (103.13.101.239:52431) logged in
﻿23:44:46 : Could not connect to BE Master
﻿23:44:46 : Update attempt failed
﻿23:45:51 : Lost Connection!
﻿23:45:51 : Closing socket & exiting!
﻿23:48:48 : Reporter account validated ok!
﻿23:48:49 : Rcon client logging in
﻿23:48:49 : RCon admin #1 (103.13.101.239:49446) logged in
﻿23:49:08 : Player #0 King Zog (121.45.255.96:63651) connected
﻿23:49:09 : Player #0 King Zog - GUID: ed93afb5a1d7dd12c0848e3817234489 (unverified)
﻿23:49:09 : RCon admin #1: (Global) BEC : Boss Cocky King Zog Connected
﻿23:49:10 : Verified GUID (ed93afb5a1d7dd12c0848e3817234489) of player #0 King Zog
﻿23:49:10 : Could not connect to BE Master
﻿23:49:10 : Update attempt failed
﻿23:49:11 : Status  -> Ok (ed93afb5a1d7dd12c0848e3817234489)
﻿23:51:08 : Could not connect to BE Master
﻿23:51:08 : Update attempt failed
﻿23:51:50 : Lost Connection!
﻿23:51:50 : Closing socket & exiting!
﻿23:52:13 : Reporter account validated ok!
﻿23:52:14 : Rcon client logging in
﻿23:52:14 : RCon admin #1 (103.13.101.239:62662) logged in
﻿23:52:24 : Player #0 King Zog (121.45.255.96:63651) connected
﻿23:52:25 : Player #0 King Zog - GUID: ed93afb5a1d7dd12c0848e3817234489 (unverified)
﻿23:52:26 : RCon admin #1: (Global) BEC : Boss Cocky King Zog Connected
﻿23:52:26 : Verified GUID (ed93afb5a1d7dd12c0848e3817234489) of player #0 King Zog
﻿23:52:26 : Could not connect to BE Master
﻿23:52:26 : Update attempt failed
﻿23:52:27 : Status  -> Ok (ed93afb5a1d7dd12c0848e3817234489)
﻿23:53:06 : Lost Connection!
﻿23:53:06 : Closing socket & exiting!
﻿23:54:07 : Reporter account validated ok!
﻿23:54:08 : Rcon client logging in
﻿23:54:08 : RCon admin #1 (103.13.101.239:51269) logged in
﻿23:56:04 : Could not connect to BE Master
﻿23:56:04 : Update attempt failed
﻿23:57:09 : RCon admin #1: (Global) 1
﻿23:58:01 : Could not connect to BE Master
﻿23:58:01 : Update attempt failed
﻿23:59:58 : Could not connect to BE Master
﻿23:59:58 : Update attempt failed
