09:52:35 : Reporter account validated ok!
﻿09:52:36 : Rcon client logging in
﻿09:52:36 : RCon admin #1 (103.13.101.239:58948) logged in
﻿09:55:37 : RCon admin #1: (Global) 1
﻿09:55:54 : Player #0 King Zog (121.45.238.124:65033) connected
﻿09:55:56 : Player #0 King Zog disconnected
﻿09:58:51 : Player #0 King Zog (121.45.238.124:65033) connected
﻿09:58:52 : Player #0 King Zog - GUID: ed93afb5a1d7dd12c0848e3817234489 (unverified)
﻿09:58:52 : RCon admin #1: (Global) BEC : Boss Cocky King Zog Connected
﻿09:58:53 : Verified GUID (ed93afb5a1d7dd12c0848e3817234489) of player #0 King Zog
﻿09:58:54 : Status  -> Ok (ed93afb5a1d7dd12c0848e3817234489)
﻿10:02:37 : RCon admin #1: (Global) This server restarts at 3pm Sydney Time
﻿10:04:00 : Lost Connection!
﻿10:04:00 : Closing socket & exiting!
﻿10:04:52 : Reporter account validated ok!
﻿10:04:53 : Rcon client logging in
﻿10:04:53 : RCon admin #1 (103.13.101.239:49735) logged in
﻿10:05:08 : Player #0 King Zog (121.45.238.124:65034) connected
﻿10:05:09 : Player #0 King Zog - GUID: ed93afb5a1d7dd12c0848e3817234489 (unverified)
﻿10:05:09 : RCon admin #1: (Global) BEC : Boss Cocky King Zog Connected
﻿10:05:10 : Verified GUID (ed93afb5a1d7dd12c0848e3817234489) of player #0 King Zog
﻿10:05:11 : Status  -> Ok (ed93afb5a1d7dd12c0848e3817234489)
﻿10:07:54 : RCon admin #1: (Global) 1
﻿10:09:09 : Lost Connection!
﻿10:09:09 : Closing socket & exiting!
﻿10:09:51 : Reporter account validated ok!
﻿10:09:52 : Rcon client logging in
﻿10:09:53 : RCon admin #1 (103.13.101.239:51917) logged in
﻿10:09:58 : Player #0 King Zog (121.45.238.124:65034) connected
﻿10:09:59 : Player #0 King Zog - GUID: ed93afb5a1d7dd12c0848e3817234489 (unverified)
﻿10:09:59 : RCon admin #1: (Global) BEC : Boss Cocky King Zog Connected
﻿10:09:59 : Verified GUID (ed93afb5a1d7dd12c0848e3817234489) of player #0 King Zog
﻿10:10:00 : Status  -> Ok (ed93afb5a1d7dd12c0848e3817234489)
﻿10:12:53 : RCon admin #1: (Global) 1
﻿10:19:53 : RCon admin #1: (Global) This server restarts at 3pm Sydney Time
﻿10:28:26 : Lost Connection!
﻿10:28:26 : Closing socket & exiting!
﻿10:34:29 : Reporter account validated ok!
﻿10:34:30 : Rcon client logging in
﻿10:34:30 : RCon admin #1 (103.13.101.239:49800) logged in
﻿10:36:48 : Player #0 King Zog (121.45.238.124:65036) connected
﻿10:36:49 : Player #0 King Zog - GUID: ed93afb5a1d7dd12c0848e3817234489 (unverified)
﻿10:36:49 : RCon admin #1: (Global) BEC : Boss Cocky King Zog Connected
﻿10:36:50 : Verified GUID (ed93afb5a1d7dd12c0848e3817234489) of player #0 King Zog
﻿10:36:50 : Status  -> Ok (ed93afb5a1d7dd12c0848e3817234489)
﻿10:37:31 : RCon admin #1: (Global) 1
﻿10:42:23 : Lost Connection!
﻿10:42:23 : Closing socket & exiting!
﻿10:43:00 : Reporter account validated ok!
﻿10:43:01 : Rcon client logging in
﻿10:43:01 : RCon admin #1 (103.13.101.239:58183) logged in
﻿10:46:02 : RCon admin #1: (Global) 1
﻿10:53:01 : RCon admin #1: (Global) This server restarts at 3pm Sydney Time
﻿11:23:28 : Player #0 King Zog (121.45.238.124:65039) connected
﻿11:23:29 : Player #0 King Zog - GUID: ed93afb5a1d7dd12c0848e3817234489 (unverified)
﻿11:23:29 : RCon admin #1: (Global) BEC : Boss Cocky King Zog Connected
﻿11:23:29 : Verified GUID (ed93afb5a1d7dd12c0848e3817234489) of player #0 King Zog
﻿11:23:31 : Status  -> Ok (ed93afb5a1d7dd12c0848e3817234489)
﻿12:23:02 : RCon admin #1: (Global) This server restarts at 3pm Sydney Time
﻿13:31:51 : Player #0 King Zog (ed93afb5a1d7dd12c0848e3817234489) has been kicked by BattlEye: Client not responding
﻿13:53:02 : RCon admin #1: (Global) This server restarts at 3pm Sydney Time
﻿14:30:00 : RCon admin #1: (Global) This server will restart in 30 minutes
﻿14:45:00 : RCon admin #1: (Global) This server will restart in 15 minutes
﻿14:55:00 : RCon admin #1: (Global) This server will restart in 5 minutes.
﻿15:00:01 : Lost Connection!
﻿15:00:01 : Closing socket & exiting!
﻿12:15:56 : Reporter account validated ok!
﻿12:15:57 : Rcon client logging in
﻿12:15:57 : RCon admin #1 (103.13.101.239:54182) logged in
﻿12:17:52 : Player #0 King Zog (121.45.238.124:61297) connected
﻿12:17:53 : Player #0 King Zog - GUID: ed93afb5a1d7dd12c0848e3817234489 (unverified)
﻿12:17:53 : RCon admin #1: (Global) BEC : Boss Cocky King Zog Connected
﻿12:17:53 : Verified GUID (ed93afb5a1d7dd12c0848e3817234489) of player #0 King Zog
﻿12:17:54 : Status  -> Ok (ed93afb5a1d7dd12c0848e3817234489)
﻿12:18:58 : RCon admin #1: (Global) 1
﻿12:25:58 : RCon admin #1: (Global) This server restarts at 3pm Sydney Time
﻿12:33:12 : Player #0 King Zog (ed93afb5a1d7dd12c0848e3817234489) has been kicked by BattlEye: CreateVehicle Restriction #0
﻿12:33:23 : Player #0 King Zog (121.45.238.124:61297) connected
﻿12:33:24 : Player #0 King Zog - GUID: ed93afb5a1d7dd12c0848e3817234489 (unverified)
﻿12:33:24 : RCon admin #1: (Global) BEC : Boss Cocky King Zog Connected
﻿12:33:24 : Verified GUID (ed93afb5a1d7dd12c0848e3817234489) of player #0 King Zog
﻿12:33:26 : Status  -> Ok (ed93afb5a1d7dd12c0848e3817234489)
﻿12:44:46 : Player #0 King Zog disconnected
﻿13:54:45 : Lost Connection!
﻿13:54:45 : Closing socket & exiting!
﻿13:55:04 : Reporter account validated ok!
﻿13:55:05 : Rcon client logging in
﻿13:55:05 : RCon admin #1 (103.13.101.239:54801) logged in
﻿13:58:06 : RCon admin #1: (Global) 1
﻿13:58:25 : Lost Connection!
﻿13:58:25 : Closing socket & exiting!
﻿12:45:15 : Reporter account validated ok!
﻿12:45:16 : Rcon client logging in
﻿12:45:16 : RCon admin #1 (103.13.101.239:55335) logged in
﻿12:48:17 : RCon admin #1: (Global) 1
﻿12:55:17 : RCon admin #1: (Global) This server restarts at 3pm Sydney Time
﻿13:01:27 : Player #0 King Zog (121.45.238.124:61304) connected
﻿13:01:29 : Player #0 King Zog - GUID: ed93afb5a1d7dd12c0848e3817234489 (unverified)
﻿13:01:29 : RCon admin #1: (Global) BEC : Boss Cocky King Zog Connected
﻿13:01:29 : Verified GUID (ed93afb5a1d7dd12c0848e3817234489) of player #0 King Zog
﻿13:01:31 : Status  -> Ok (ed93afb5a1d7dd12c0848e3817234489)
﻿13:08:09 : Player #0 King Zog disconnected
﻿18:09:19 : No Valid response. Trying to reconnect.!
﻿18:09:19 : Rcon client logging in
﻿18:09:19 : RCon admin #1 (103.13.101.239:55335) logged in
﻿18:09:19 : RCon admin #1: (Global) This server restarts at 3pm Sydney Time
﻿18:30:00 : No Valid response. Trying to reconnect.!
﻿18:30:00 : Rcon client logging in
﻿18:30:00 : RCon admin #1 (103.13.101.239:55335) logged in
﻿18:53:09 : Reporter account validated ok!
﻿18:53:10 : Rcon client logging in
﻿18:53:10 : RCon admin #1 (103.13.101.239:58553) logged in
﻿18:55:37 : Player #0 King Zog (121.45.238.124:61340) connected
﻿18:55:38 : Player #0 King Zog - GUID: ed93afb5a1d7dd12c0848e3817234489 (unverified)
﻿18:55:38 : RCon admin #1: (Global) BEC : Boss Cocky King Zog Connected
﻿18:55:38 : Verified GUID (ed93afb5a1d7dd12c0848e3817234489) of player #0 King Zog
﻿18:55:39 : Status  -> Ok (ed93afb5a1d7dd12c0848e3817234489)
﻿18:55:58 : Lost Connection!
﻿18:55:58 : Closing socket & exiting!
﻿18:58:37 : Reporter account validated ok!
﻿18:58:38 : Rcon client logging in
﻿18:58:38 : RCon admin #1 (103.13.101.239:55316) logged in
﻿18:59:47 : Player #0 King Zog (121.45.238.124:61340) connected
﻿18:59:48 : Player #0 King Zog - GUID: ed93afb5a1d7dd12c0848e3817234489 (unverified)
﻿18:59:48 : Verified GUID (ed93afb5a1d7dd12c0848e3817234489) of player #0 King Zog
﻿18:59:48 : RCon admin #1: (Global) BEC : Boss Cocky King Zog Connected
﻿18:59:49 : Status  -> Ok (ed93afb5a1d7dd12c0848e3817234489)
﻿19:00:05 : Lost Connection!
﻿19:00:05 : Closing socket & exiting!
﻿20:07:16 : Rcon client logging in
﻿20:07:16 : RCon admin #1 (103.13.101.239:60888) logged in
﻿20:07:17 : Reporter account validated ok!
﻿20:29:27 : Reporter account validated ok!
﻿20:29:29 : Rcon client logging in
﻿20:29:29 : RCon admin #1 (103.13.101.239:53433) logged in
﻿20:31:00 : Player #0 King Zog (ed93afb5a1d7dd12c0848e3817234489) has been kicked by BattlEye: Script Restriction #1
﻿20:32:29 : RCon admin #1: (Global) 1
﻿20:39:29 : RCon admin #1: (Global) This server restarts at 3pm Sydney Time
﻿20:47:07 : Lost Connection!
﻿20:47:07 : Closing socket & exiting!
﻿20:47:30 : Reporter account validated ok!
﻿20:47:31 : Rcon client logging in
﻿20:47:31 : RCon admin #1 (103.13.101.239:61714) logged in
﻿20:50:32 : RCon admin #1: (Global) 1
﻿20:51:12 : Player #0 King Zog (121.45.238.124:61352) connected
﻿20:51:13 : Player #0 King Zog - GUID: ed93afb5a1d7dd12c0848e3817234489 (unverified)
﻿20:51:13 : RCon admin #1: (Global) BEC : Boss Cocky King Zog Connected
﻿20:51:13 : Verified GUID (ed93afb5a1d7dd12c0848e3817234489) of player #0 King Zog
﻿20:51:14 : Status  -> Ok (ed93afb5a1d7dd12c0848e3817234489)
﻿20:52:00 : Player #0 King Zog (ed93afb5a1d7dd12c0848e3817234489) has been kicked by BattlEye: Script Restriction #1
﻿20:52:32 : Lost Connection!
﻿20:52:32 : Closing socket & exiting!
﻿20:52:54 : Reporter account validated ok!
﻿20:52:55 : Rcon client logging in
﻿20:52:55 : RCon admin #1 (103.13.101.239:60288) logged in
﻿20:53:20 : Player #0 King Zog (121.45.238.124:61352) connected
﻿20:53:21 : Player #0 King Zog - GUID: ed93afb5a1d7dd12c0848e3817234489 (unverified)
﻿20:53:21 : RCon admin #1: (Global) BEC : Boss Cocky King Zog Connected
﻿20:53:21 : Verified GUID (ed93afb5a1d7dd12c0848e3817234489) of player #0 King Zog
﻿20:53:22 : Status  -> Ok (ed93afb5a1d7dd12c0848e3817234489)
﻿20:54:02 : Player #0 King Zog (ed93afb5a1d7dd12c0848e3817234489) has been kicked by BattlEye: Script Restriction #1
﻿20:54:22 : Lost Connection!
﻿20:54:22 : Closing socket & exiting!
﻿20:56:29 : Reporter account validated ok!
﻿20:56:30 : Rcon client logging in
﻿20:56:31 : RCon admin #1 (103.13.101.239:62624) logged in
﻿20:59:31 : RCon admin #1: (Global) 1
﻿21:05:52 : Player #0 King Zog disconnected
﻿21:06:31 : RCon admin #1: (Global) This server restarts at 3pm Sydney Time
﻿21:07:50 : Lost Connection!
﻿21:07:50 : Closing socket & exiting!
﻿21:13:38 : Reporter account validated ok!
﻿21:13:39 : Rcon client logging in
﻿21:13:39 : RCon admin #1 (103.13.101.239:60184) logged in
﻿21:14:29 : Player #0 King Zog (121.45.238.124:61364) connected
﻿21:14:30 : Player #0 King Zog - GUID: ed93afb5a1d7dd12c0848e3817234489 (unverified)
﻿21:14:30 : RCon admin #1: (Global) BEC : Boss Cocky King Zog Connected
﻿21:14:31 : Verified GUID (ed93afb5a1d7dd12c0848e3817234489) of player #0 King Zog
﻿21:14:32 : Status  -> Ok (ed93afb5a1d7dd12c0848e3817234489)
﻿21:14:56 : Lost Connection!
﻿21:14:56 : Closing socket & exiting!
﻿21:17:11 : Reporter account validated ok!
﻿21:17:12 : Rcon client logging in
﻿21:17:13 : RCon admin #1 (103.13.101.239:64553) logged in
﻿21:17:34 : Lost Connection!
﻿21:17:34 : Closing socket & exiting!
