00:02:25 : RCon admin #1: (Global) 1
﻿00:09:25 : RCon admin #1: (Global) This server restarts at 3pm Sydney Time
﻿00:36:23 : Player #0 King Zog disconnected
﻿00:45:36 : Lost Connection!
﻿00:45:36 : Closing socket & exiting!
﻿00:47:00 : Reporter account validated ok!
﻿00:47:01 : Rcon client logging in
﻿00:47:01 : RCon admin #1 (103.13.101.239:51148) logged in
﻿00:47:04 : Player #0 King Zog (121.45.237.213:61770) connected
﻿00:47:05 : Player #0 King Zog - GUID: ed93afb5a1d7dd12c0848e3817234489 (unverified)
﻿00:47:05 : RCon admin #1: (Global) BEC : Boss Cocky King Zog Connected
﻿00:47:05 : Verified GUID (ed93afb5a1d7dd12c0848e3817234489) of player #0 King Zog
﻿00:47:06 : Status  -> Ok (ed93afb5a1d7dd12c0848e3817234489)
﻿00:50:02 : RCon admin #1: (Global) 1
﻿00:57:02 : RCon admin #1: (Global) This server restarts at 3pm Sydney Time
﻿01:02:25 : Reporter account validated ok!
﻿01:02:26 : Rcon client logging in
﻿01:02:26 : RCon admin #1 (103.13.101.239:51794) logged in
﻿01:05:27 : RCon admin #1: (Global) 1
﻿01:12:27 : RCon admin #1: (Global) This server restarts at 3pm Sydney Time
﻿01:15:20 : Player #0 King Zog (121.45.237.213:61787) connected
﻿01:15:21 : Player #0 King Zog - GUID: ed93afb5a1d7dd12c0848e3817234489 (unverified)
﻿01:15:21 : RCon admin #1: (Global) BEC : Boss Cocky King Zog Connected
﻿01:15:21 : Verified GUID (ed93afb5a1d7dd12c0848e3817234489) of player #0 King Zog
﻿01:15:22 : Status  -> Ok (ed93afb5a1d7dd12c0848e3817234489)
