17:29:57 : Reporter account validated ok!
﻿17:29:58 : Rcon client logging in
﻿17:29:58 : RCon admin #1 (103.13.101.239:56529) logged in
﻿17:31:52 : Player #0 King Zog (121.45.252.239:62751) connected
﻿17:31:53 : Player #0 King Zog - GUID: ed93afb5a1d7dd12c0848e3817234489 (unverified)
﻿17:31:54 : RCon admin #1: (Global) BEC : Boss Cocky King Zog Connected
﻿17:31:54 : Verified GUID (ed93afb5a1d7dd12c0848e3817234489) of player #0 King Zog
﻿17:31:55 : Status  -> Ok (ed93afb5a1d7dd12c0848e3817234489)
﻿17:32:59 : RCon admin #1: (Global) 1
﻿17:39:59 : RCon admin #1: (Global) This server restarts at 3pm Sydney Time
﻿17:43:03 : Lost Connection!
﻿17:43:03 : Closing socket & exiting!
﻿17:46:04 : Reporter account validated ok!
﻿17:46:05 : Rcon client logging in
﻿17:46:06 : RCon admin #1 (103.13.101.239:58019) logged in
﻿17:49:06 : RCon admin #1: (Global) 1
﻿17:55:34 : Lost Connection!
﻿17:55:34 : Closing socket & exiting!
﻿17:56:39 : Reporter account validated ok!
﻿17:56:40 : Reporter account validated ok!
﻿17:56:41 : Rcon client logging in
﻿17:56:41 : RCon admin #2 (103.13.101.239:64851) logged in
﻿17:56:41 : Rcon client logging in
﻿17:56:41 : RCon admin #3 (103.13.101.239:64853) logged in
﻿17:56:41 : RCon admin #3 (103.13.101.239:64853) logged in
﻿17:59:05 : Lost Connection!
﻿17:59:05 : Closing socket & exiting!
﻿17:59:05 : Lost Connection!
﻿17:59:05 : Closing socket & exiting!
﻿17:59:57 : Reporter account validated ok!
﻿17:59:58 : Rcon client logging in
﻿17:59:59 : RCon admin #1 (103.13.101.239:53675) logged in
﻿18:00:48 : Reporter account validated ok!
﻿18:00:49 : Rcon client logging in
﻿18:00:49 : RCon admin #1 (103.13.101.239:53677) logged in
﻿18:03:32 : Player #0 King Zog (121.45.252.239:62752) connected
﻿18:03:33 : Player #0 King Zog - GUID: ed93afb5a1d7dd12c0848e3817234489 (unverified)
﻿18:03:33 : RCon admin #1: (Global) BEC : Boss Cocky King Zog Connected
﻿18:03:33 : Verified GUID (ed93afb5a1d7dd12c0848e3817234489) of player #0 King Zog
﻿18:03:35 : Status  -> Ok (ed93afb5a1d7dd12c0848e3817234489)
﻿18:03:54 : RCon admin #1: (Global) 1
﻿18:10:50 : RCon admin #1: (Global) This server restarts at 3pm Sydney Time
﻿18:55:43 : Lost Connection!
﻿18:55:43 : Closing socket & exiting!
﻿18:56:24 : Reporter account validated ok!
﻿18:56:25 : Rcon client logging in
﻿18:56:25 : RCon admin #1 (103.13.101.239:52908) logged in
﻿18:59:26 : RCon admin #1: (Global) 1
﻿19:06:26 : RCon admin #1: (Global) This server restarts at 3pm Sydney Time
﻿19:41:54 : Player #0 King Zog (121.45.252.239:62759) connected
﻿19:41:55 : Player #0 King Zog - GUID: ed93afb5a1d7dd12c0848e3817234489 (unverified)
﻿19:41:55 : RCon admin #1: (Global) BEC : Boss Cocky King Zog Connected
﻿19:41:55 : Verified GUID (ed93afb5a1d7dd12c0848e3817234489) of player #0 King Zog
﻿19:41:57 : Status  -> Ok (ed93afb5a1d7dd12c0848e3817234489)
﻿20:36:26 : RCon admin #1: (Global) This server restarts at 3pm Sydney Time
﻿20:48:09 : Lost Connection!
﻿20:48:09 : Closing socket & exiting!
﻿20:50:58 : Reporter account validated ok!
﻿20:50:59 : Rcon client logging in
﻿20:50:59 : RCon admin #1 (103.13.101.239:65176) logged in
﻿20:51:15 : Player #0 King Zog (121.45.252.239:62759) connected
﻿20:51:16 : Player #0 King Zog - GUID: ed93afb5a1d7dd12c0848e3817234489 (unverified)
﻿20:51:16 : RCon admin #1: (Global) BEC : Boss Cocky King Zog Connected
﻿20:51:16 : Verified GUID (ed93afb5a1d7dd12c0848e3817234489) of player #0 King Zog
﻿20:51:17 : Status  -> Ok (ed93afb5a1d7dd12c0848e3817234489)
﻿20:54:02 : RCon admin #1: (Global) 1
﻿20:55:14 : Player #0 King Zog disconnected
﻿21:01:00 : RCon admin #1: (Global) This server restarts at 3pm Sydney Time
﻿21:19:26 : Player #0 King Zog (121.45.252.239:62759) connected
﻿21:19:27 : Player #0 King Zog - GUID: ed93afb5a1d7dd12c0848e3817234489 (unverified)
﻿21:19:27 : RCon admin #1: (Global) BEC : Boss Cocky King Zog Connected
﻿21:19:27 : Verified GUID (ed93afb5a1d7dd12c0848e3817234489) of player #0 King Zog
﻿21:19:29 : Status  -> Ok (ed93afb5a1d7dd12c0848e3817234489)
﻿22:31:00 : RCon admin #1: (Global) This server restarts at 3pm Sydney Time
